-- Found ament_cmake: 0.9.12 (/opt/ros/foxy/share/ament_cmake/cmake)
-- Using PYTHON_EXECUTABLE: /usr/bin/python3
-- Override CMake install command with custom implementation using symlinks instead of copying resources
-- Found ament_lint_auto: 0.9.8 (/opt/ros/foxy/share/ament_lint_auto/cmake)
-- Added test 'copyright' to check source files copyright and LICENSE
-- Added test 'flake8' to check Python code syntax and style conventions
-- Added test 'lint_cmake' to check CMake code style
-- Added test 'pep257' to check Python code against some of the style conventions in PEP 257
-- Added test 'xmllint' to check XML markup files
-- Configuring done
-- Generating done
-- Build files have been written to: /home/ahmed/project_ws/build/tito
-- Install configuration: ""
-- Execute custom install script
-- Up-to-date symlink: /home/ahmed/project_ws/install/tito/share/tito/config/empty.yaml
-- Up-to-date symlink: /home/ahmed/project_ws/install/tito/share/tito/config/gaz_ros2_ctl_use_sim.yaml
-- Up-to-date symlink: /home/ahmed/project_ws/install/tito/share/tito/config/gazebo_params.yaml
-- Up-to-date symlink: /home/ahmed/project_ws/install/tito/share/tito/config/my_controllers.yaml
-- Up-to-date symlink: /home/ahmed/project_ws/install/tito/share/tito/config/view_bot.rviz
-- Up-to-date symlink: /home/ahmed/project_ws/install/tito/share/tito/description/camera.xacro
-- Up-to-date symlink: /home/ahmed/project_ws/install/tito/share/tito/description/gazebo_control.xacro
-- Up-to-date symlink: /home/ahmed/project_ws/install/tito/share/tito/description/inertial_macros.xacro
-- Up-to-date symlink: /home/ahmed/project_ws/install/tito/share/tito/description/lidar.xacro
-- Up-to-date symlink: /home/ahmed/project_ws/install/tito/share/tito/description/robot.urdf.xacro
-- Up-to-date symlink: /home/ahmed/project_ws/install/tito/share/tito/description/robot_core.xacro
-- Up-to-date symlink: /home/ahmed/project_ws/install/tito/share/tito/description/ros2_control.xacro
-- Up-to-date symlink: /home/ahmed/project_ws/install/tito/share/tito/launch/launch_sim.launch.py
-- Up-to-date symlink: /home/ahmed/project_ws/install/tito/share/tito/launch/rsp.launch.py
-- Up-to-date symlink: /home/ahmed/project_ws/install/tito/share/tito/meshes/LB_Link.STL
-- Up-to-date symlink: /home/ahmed/project_ws/install/tito/share/tito/meshes/LF_Link.STL
-- Up-to-date symlink: /home/ahmed/project_ws/install/tito/share/tito/meshes/RB_Link.STL
-- Up-to-date symlink: /home/ahmed/project_ws/install/tito/share/tito/meshes/RF_Link.STL
-- Up-to-date symlink: /home/ahmed/project_ws/install/tito/share/tito/meshes/base_link.STL
-- Up-to-date symlink: /home/ahmed/project_ws/install/tito/share/tito/worlds/empty.world
-- Up-to-date symlink: /home/ahmed/project_ws/install/tito/share/ament_index/resource_index/package_run_dependencies/tito
-- Up-to-date symlink: /home/ahmed/project_ws/install/tito/share/ament_index/resource_index/parent_prefix_path/tito
-- Up-to-date symlink: /home/ahmed/project_ws/install/tito/share/tito/environment/ament_prefix_path.sh
-- Up-to-date symlink: /home/ahmed/project_ws/install/tito/share/tito/environment/ament_prefix_path.dsv
-- Up-to-date symlink: /home/ahmed/project_ws/install/tito/share/tito/environment/path.sh
-- Up-to-date symlink: /home/ahmed/project_ws/install/tito/share/tito/environment/path.dsv
-- Up-to-date symlink: /home/ahmed/project_ws/install/tito/share/tito/local_setup.bash
-- Up-to-date symlink: /home/ahmed/project_ws/install/tito/share/tito/local_setup.sh
-- Up-to-date symlink: /home/ahmed/project_ws/install/tito/share/tito/local_setup.zsh
-- Up-to-date symlink: /home/ahmed/project_ws/install/tito/share/tito/local_setup.dsv
-- Symlinking: /home/ahmed/project_ws/install/tito/share/tito/package.dsv
-- Up-to-date symlink: /home/ahmed/project_ws/install/tito/share/ament_index/resource_index/packages/tito
-- Up-to-date symlink: /home/ahmed/project_ws/install/tito/share/tito/cmake/titoConfig.cmake
-- Up-to-date symlink: /home/ahmed/project_ws/install/tito/share/tito/cmake/titoConfig-version.cmake
-- Up-to-date symlink: /home/ahmed/project_ws/install/tito/share/tito/package.xml
