[0.220s] Invoking command in '/home/ahmed/project_ws/build/tito': CMAKE_PREFIX_PATH=${CMAKE_PREFIX_PATH}:/home/ahmed/colcon_ws/install/turtlebot3_teleop:/home/ahmed/colcon_ws/install/turtlebot3_example:/home/ahmed/colcon_ws/install/my_first_package:/opt/ros/foxy /usr/bin/cmake --build /home/ahmed/project_ws/build/tito -- -j12 -l12
[0.284s] -- Found ament_cmake: 0.9.12 (/opt/ros/foxy/share/ament_cmake/cmake)
[0.316s] -- Using PYTHON_EXECUTABLE: /usr/bin/python3
[0.522s] -- Override CMake install command with custom implementation using symlinks instead of copying resources
[0.531s] -- Found ament_lint_auto: 0.9.8 (/opt/ros/foxy/share/ament_lint_auto/cmake)
[0.635s] -- Added test 'copyright' to check source files copyright and LICENSE
[0.641s] -- Added test 'flake8' to check Python code syntax and style conventions
[0.642s] -- Added test 'lint_cmake' to check CMake code style
[0.642s] -- Added test 'pep257' to check Python code against some of the style conventions in PEP 257
[0.645s] -- Added test 'xmllint' to check XML markup files
[0.647s] -- Configuring done
[0.660s] -- Generating done
[0.661s] -- Build files have been written to: /home/ahmed/project_ws/build/tito
[0.677s] Invoked command in '/home/ahmed/project_ws/build/tito' returned '0': CMAKE_PREFIX_PATH=${CMAKE_PREFIX_PATH}:/home/ahmed/colcon_ws/install/turtlebot3_teleop:/home/ahmed/colcon_ws/install/turtlebot3_example:/home/ahmed/colcon_ws/install/my_first_package:/opt/ros/foxy /usr/bin/cmake --build /home/ahmed/project_ws/build/tito -- -j12 -l12
[0.700s] Invoking command in '/home/ahmed/project_ws/build/tito': CMAKE_PREFIX_PATH=${CMAKE_PREFIX_PATH}:/home/ahmed/colcon_ws/install/turtlebot3_teleop:/home/ahmed/colcon_ws/install/turtlebot3_example:/home/ahmed/colcon_ws/install/my_first_package:/opt/ros/foxy /usr/bin/cmake --install /home/ahmed/project_ws/build/tito
[0.705s] -- Install configuration: ""
[0.706s] -- Execute custom install script
[0.706s] -- Up-to-date symlink: /home/ahmed/project_ws/install/tito/share/tito/config/empty.yaml
[0.706s] -- Up-to-date symlink: /home/ahmed/project_ws/install/tito/share/tito/description/inertial_macros.xacro
[0.707s] -- Up-to-date symlink: /home/ahmed/project_ws/install/tito/share/tito/description/robot.urdf.xacro
[0.707s] -- Up-to-date symlink: /home/ahmed/project_ws/install/tito/share/tito/description/robot_core.xacro
[0.707s] -- Up-to-date symlink: /home/ahmed/project_ws/install/tito/share/tito/launch/rsp.launch.py
[0.707s] -- Symlinking: /home/ahmed/project_ws/install/tito/share/tito/meshes/LBW_Link.STL
[0.713s] -- Symlinking: /home/ahmed/project_ws/install/tito/share/tito/meshes/LFFW_Link.STL
[0.723s] -- Symlinking: /home/ahmed/project_ws/install/tito/share/tito/meshes/LFW_Link.STL
[0.729s] -- Symlinking: /home/ahmed/project_ws/install/tito/share/tito/meshes/LF_Link.STL
[0.735s] -- Symlinking: /home/ahmed/project_ws/install/tito/share/tito/meshes/LW_Link.STL
[0.741s] -- Symlinking: /home/ahmed/project_ws/install/tito/share/tito/meshes/RBW_Link.STL
[0.747s] -- Symlinking: /home/ahmed/project_ws/install/tito/share/tito/meshes/RFFW_Link.STL
[0.756s] -- Symlinking: /home/ahmed/project_ws/install/tito/share/tito/meshes/RFW_Link.STL
[0.761s] -- Symlinking: /home/ahmed/project_ws/install/tito/share/tito/meshes/RF_Link.STL
[0.767s] -- Symlinking: /home/ahmed/project_ws/install/tito/share/tito/meshes/RW_Link.STL
[0.773s] -- Symlinking: /home/ahmed/project_ws/install/tito/share/tito/meshes/WLBelt_Link.STL
[0.778s] -- Symlinking: /home/ahmed/project_ws/install/tito/share/tito/meshes/WRBelt_Link.STL
[0.787s] -- Symlinking: /home/ahmed/project_ws/install/tito/share/tito/meshes/base_link.STL
[0.794s] -- Up-to-date symlink: /home/ahmed/project_ws/install/tito/share/tito/worlds/empty.world
[0.794s] -- Up-to-date symlink: /home/ahmed/project_ws/install/tito/share/ament_index/resource_index/package_run_dependencies/tito
[0.794s] -- Up-to-date symlink: /home/ahmed/project_ws/install/tito/share/ament_index/resource_index/parent_prefix_path/tito
[0.794s] -- Up-to-date symlink: /home/ahmed/project_ws/install/tito/share/tito/environment/ament_prefix_path.sh
[0.794s] -- Up-to-date symlink: /home/ahmed/project_ws/install/tito/share/tito/environment/ament_prefix_path.dsv
[0.795s] -- Up-to-date symlink: /home/ahmed/project_ws/install/tito/share/tito/environment/path.sh
[0.795s] -- Up-to-date symlink: /home/ahmed/project_ws/install/tito/share/tito/environment/path.dsv
[0.795s] -- Up-to-date symlink: /home/ahmed/project_ws/install/tito/share/tito/local_setup.bash
[0.795s] -- Up-to-date symlink: /home/ahmed/project_ws/install/tito/share/tito/local_setup.sh
[0.795s] -- Up-to-date symlink: /home/ahmed/project_ws/install/tito/share/tito/local_setup.zsh
[0.795s] -- Up-to-date symlink: /home/ahmed/project_ws/install/tito/share/tito/local_setup.dsv
[0.795s] -- Symlinking: /home/ahmed/project_ws/install/tito/share/tito/package.dsv
[0.802s] -- Up-to-date symlink: /home/ahmed/project_ws/install/tito/share/ament_index/resource_index/packages/tito
[0.802s] -- Up-to-date symlink: /home/ahmed/project_ws/install/tito/share/tito/cmake/titoConfig.cmake
[0.802s] -- Up-to-date symlink: /home/ahmed/project_ws/install/tito/share/tito/cmake/titoConfig-version.cmake
[0.802s] -- Up-to-date symlink: /home/ahmed/project_ws/install/tito/share/tito/package.xml
[0.804s] Invoked command in '/home/ahmed/project_ws/build/tito' returned '0': CMAKE_PREFIX_PATH=${CMAKE_PREFIX_PATH}:/home/ahmed/colcon_ws/install/turtlebot3_teleop:/home/ahmed/colcon_ws/install/turtlebot3_example:/home/ahmed/colcon_ws/install/my_first_package:/opt/ros/foxy /usr/bin/cmake --install /home/ahmed/project_ws/build/tito
