[2.403s] DEBUG:colcon:Command line arguments: ['/usr/bin/colcon', 'build']
[2.403s] DEBUG:colcon:Parsed command line arguments: Namespace(allow_overriding=[], ament_cmake_args=None, base_paths=['.'], build_base='build', catkin_cmake_args=None, catkin_skip_building_tests=False, cmake_args=None, cmake_clean_cache=False, cmake_clean_first=False, cmake_force_configure=False, cmake_target=None, cmake_target_skip_unavailable=False, continue_on_error=False, event_handlers=None, executor='parallel', ignore_user_meta=False, install_base='install', log_base=None, log_level=None, main=<bound method BuildVerb.main of <colcon_core.verb.build.BuildVerb object at 0x7fc138055580>>, merge_install=False, metas=['./colcon.meta'], mixin=None, mixin_files=None, mixin_verb=('build',), packages_above=None, packages_above_and_dependencies=None, packages_above_depth=None, packages_end=None, packages_ignore=None, packages_ignore_regex=None, packages_select=None, packages_select_build_failed=False, packages_select_by_dep=None, packages_select_regex=None, packages_select_test_failures=False, packages_skip=None, packages_skip_build_finished=False, packages_skip_by_dep=None, packages_skip_regex=None, packages_skip_test_passed=False, packages_skip_up_to=None, packages_start=None, packages_up_to=None, packages_up_to_regex=None, parallel_workers=12, paths=None, symlink_install=False, test_result_base=None, verb_extension=<colcon_core.verb.build.BuildVerb object at 0x7fc138055580>, verb_name='build', verb_parser=<colcon_mixin.mixin.mixin_argument.MixinArgumentDecorator object at 0x7fc137c4dd30>)
[2.483s] Level 1:colcon.colcon_core.package_discovery:discover_packages(colcon_meta) check parameters
[2.483s] Level 1:colcon.colcon_core.package_discovery:discover_packages(recursive) check parameters
[2.483s] Level 1:colcon.colcon_core.package_discovery:discover_packages(ignore) check parameters
[2.484s] Level 1:colcon.colcon_core.package_discovery:discover_packages(path) check parameters
[2.484s] Level 1:colcon.colcon_core.package_discovery:discover_packages(colcon_meta) discover
[2.484s] Level 1:colcon.colcon_core.package_discovery:discover_packages(recursive) discover
[2.484s] INFO:colcon.colcon_core.package_discovery:Crawling recursively for packages in '/home/ahmed/project_ws'
[2.484s] Level 1:colcon.colcon_core.package_identification:_identify(.) by extensions ['ignore', 'ignore_ament_install']
[2.484s] Level 1:colcon.colcon_core.package_identification:_identify(.) by extension 'ignore'
[2.484s] Level 1:colcon.colcon_core.package_identification:_identify(.) by extension 'ignore_ament_install'
[2.484s] Level 1:colcon.colcon_core.package_identification:_identify(.) by extensions ['colcon_pkg']
[2.484s] Level 1:colcon.colcon_core.package_identification:_identify(.) by extension 'colcon_pkg'
[2.484s] Level 1:colcon.colcon_core.package_identification:_identify(.) by extensions ['colcon_meta']
[2.484s] Level 1:colcon.colcon_core.package_identification:_identify(.) by extension 'colcon_meta'
[2.484s] Level 1:colcon.colcon_core.package_identification:_identify(.) by extensions ['ros']
[2.484s] Level 1:colcon.colcon_core.package_identification:_identify(.) by extension 'ros'
[2.491s] Level 1:colcon.colcon_core.package_identification:_identify(.) by extensions ['cmake', 'python']
[2.492s] Level 1:colcon.colcon_core.package_identification:_identify(.) by extension 'cmake'
[2.492s] Level 1:colcon.colcon_core.package_identification:_identify(.) by extension 'python'
[2.492s] Level 1:colcon.colcon_core.package_identification:_identify(.) by extensions ['python_setup_py']
[2.492s] Level 1:colcon.colcon_core.package_identification:_identify(.) by extension 'python_setup_py'
[2.492s] Level 1:colcon.colcon_core.package_identification:_identify(build) by extensions ['ignore', 'ignore_ament_install']
[2.492s] Level 1:colcon.colcon_core.package_identification:_identify(build) by extension 'ignore'
[2.492s] Level 1:colcon.colcon_core.package_identification:_identify(build) ignored
[2.492s] Level 1:colcon.colcon_core.package_identification:_identify(install) by extensions ['ignore', 'ignore_ament_install']
[2.492s] Level 1:colcon.colcon_core.package_identification:_identify(install) by extension 'ignore'
[2.492s] Level 1:colcon.colcon_core.package_identification:_identify(install) ignored
[2.493s] Level 1:colcon.colcon_core.package_identification:_identify(log) by extensions ['ignore', 'ignore_ament_install']
[2.493s] Level 1:colcon.colcon_core.package_identification:_identify(log) by extension 'ignore'
[2.493s] Level 1:colcon.colcon_core.package_identification:_identify(log) ignored
[2.493s] Level 1:colcon.colcon_core.package_identification:_identify(src) by extensions ['ignore', 'ignore_ament_install']
[2.493s] Level 1:colcon.colcon_core.package_identification:_identify(src) by extension 'ignore'
[2.493s] Level 1:colcon.colcon_core.package_identification:_identify(src) by extension 'ignore_ament_install'
[2.493s] Level 1:colcon.colcon_core.package_identification:_identify(src) by extensions ['colcon_pkg']
[2.493s] Level 1:colcon.colcon_core.package_identification:_identify(src) by extension 'colcon_pkg'
[2.493s] Level 1:colcon.colcon_core.package_identification:_identify(src) by extensions ['colcon_meta']
[2.493s] Level 1:colcon.colcon_core.package_identification:_identify(src) by extension 'colcon_meta'
[2.493s] Level 1:colcon.colcon_core.package_identification:_identify(src) by extensions ['ros']
[2.493s] Level 1:colcon.colcon_core.package_identification:_identify(src) by extension 'ros'
[2.493s] Level 1:colcon.colcon_core.package_identification:_identify(src) by extensions ['cmake', 'python']
[2.493s] Level 1:colcon.colcon_core.package_identification:_identify(src) by extension 'cmake'
[2.493s] Level 1:colcon.colcon_core.package_identification:_identify(src) by extension 'python'
[2.493s] Level 1:colcon.colcon_core.package_identification:_identify(src) by extensions ['python_setup_py']
[2.493s] Level 1:colcon.colcon_core.package_identification:_identify(src) by extension 'python_setup_py'
[2.493s] Level 1:colcon.colcon_core.package_identification:_identify(src/build) by extensions ['ignore', 'ignore_ament_install']
[2.493s] Level 1:colcon.colcon_core.package_identification:_identify(src/build) by extension 'ignore'
[2.493s] Level 1:colcon.colcon_core.package_identification:_identify(src/build) ignored
[2.494s] Level 1:colcon.colcon_core.package_identification:_identify(src/install) by extensions ['ignore', 'ignore_ament_install']
[2.494s] Level 1:colcon.colcon_core.package_identification:_identify(src/install) by extension 'ignore'
[2.494s] Level 1:colcon.colcon_core.package_identification:_identify(src/install) ignored
[2.494s] Level 1:colcon.colcon_core.package_identification:_identify(src/log) by extensions ['ignore', 'ignore_ament_install']
[2.494s] Level 1:colcon.colcon_core.package_identification:_identify(src/log) by extension 'ignore'
[2.494s] Level 1:colcon.colcon_core.package_identification:_identify(src/log) ignored
[2.494s] Level 1:colcon.colcon_core.package_identification:_identify(src/tito) by extensions ['ignore', 'ignore_ament_install']
[2.494s] Level 1:colcon.colcon_core.package_identification:_identify(src/tito) by extension 'ignore'
[2.494s] Level 1:colcon.colcon_core.package_identification:_identify(src/tito) by extension 'ignore_ament_install'
[2.494s] Level 1:colcon.colcon_core.package_identification:_identify(src/tito) by extensions ['colcon_pkg']
[2.494s] Level 1:colcon.colcon_core.package_identification:_identify(src/tito) by extension 'colcon_pkg'
[2.494s] Level 1:colcon.colcon_core.package_identification:_identify(src/tito) by extensions ['colcon_meta']
[2.494s] Level 1:colcon.colcon_core.package_identification:_identify(src/tito) by extension 'colcon_meta'
[2.494s] Level 1:colcon.colcon_core.package_identification:_identify(src/tito) by extensions ['ros']
[2.494s] Level 1:colcon.colcon_core.package_identification:_identify(src/tito) by extension 'ros'
[2.496s] DEBUG:colcon.colcon_core.package_identification:Package 'src/tito' with type 'ros.ament_cmake' and name 'tito'
[2.496s] Level 1:colcon.colcon_core.package_discovery:discover_packages(recursive) using defaults
[2.496s] Level 1:colcon.colcon_core.package_discovery:discover_packages(ignore) discover
[2.496s] Level 1:colcon.colcon_core.package_discovery:discover_packages(ignore) using defaults
[2.496s] Level 1:colcon.colcon_core.package_discovery:discover_packages(path) discover
[2.496s] Level 1:colcon.colcon_core.package_discovery:discover_packages(path) using defaults
