-- The C compiler identification is GNU 9.4.0
-- The CXX compiler identification is GNU 9.4.0
-- Check for working C compiler: /usr/bin/cc
-- Check for working C compiler: /usr/bin/cc -- works
-- Detecting C compiler ABI info
-- Detecting C compiler ABI info - done
-- Detecting C compile features
-- Detecting C compile features - done
-- Check for working CXX compiler: /usr/bin/c++
-- Check for working CXX compiler: /usr/bin/c++ -- works
-- Detecting CXX compiler ABI info
-- Detecting CXX compiler ABI info - done
-- Detecting CXX compile features
-- Detecting CXX compile features - done
-- Found ament_cmake: 0.9.12 (/opt/ros/foxy/share/ament_cmake/cmake)
-- Found PythonInterp: /usr/bin/python3 (found suitable version "3.8.10", minimum required is "3") 
-- Using PYTHON_EXECUTABLE: /usr/bin/python3
-- Found ament_lint_auto: 0.9.8 (/opt/ros/foxy/share/ament_lint_auto/cmake)
-- Added test 'copyright' to check source files copyright and LICENSE
-- Added test 'flake8' to check Python code syntax and style conventions
-- Added test 'lint_cmake' to check CMake code style
-- Added test 'pep257' to check Python code against some of the style conventions in PEP 257
-- Added test 'xmllint' to check XML markup files
-- Configuring done
-- Generating done
-- Build files have been written to: /home/ahmed/project_ws/src/build/tito
-- Install configuration: ""
-- Installing: /home/ahmed/project_ws/src/install/tito/share/tito/config
-- Installing: /home/ahmed/project_ws/src/install/tito/share/tito/config/empty.yaml
-- Installing: /home/ahmed/project_ws/src/install/tito/share/tito/description
-- Installing: /home/ahmed/project_ws/src/install/tito/share/tito/description/inertial_macros.xacro
-- Installing: /home/ahmed/project_ws/src/install/tito/share/tito/description/robot.urdf.xacro
-- Installing: /home/ahmed/project_ws/src/install/tito/share/tito/description/robot_core.xacro
-- Installing: /home/ahmed/project_ws/src/install/tito/share/tito/launch
-- Installing: /home/ahmed/project_ws/src/install/tito/share/tito/launch/rsp.launch.py
-- Installing: /home/ahmed/project_ws/src/install/tito/share/tito/meshes
-- Installing: /home/ahmed/project_ws/src/install/tito/share/tito/meshes/RW_Link.STL
-- Installing: /home/ahmed/project_ws/src/install/tito/share/tito/meshes/LW_Link.STL
-- Installing: /home/ahmed/project_ws/src/install/tito/share/tito/meshes/WRBelt_Link.STL
-- Installing: /home/ahmed/project_ws/src/install/tito/share/tito/meshes/LF_Link.STL
-- Installing: /home/ahmed/project_ws/src/install/tito/share/tito/meshes/RFW_Link.STL
-- Installing: /home/ahmed/project_ws/src/install/tito/share/tito/meshes/LFW_Link.STL
-- Installing: /home/ahmed/project_ws/src/install/tito/share/tito/meshes/LFFW_Link.STL
-- Installing: /home/ahmed/project_ws/src/install/tito/share/tito/meshes/base_link.STL
-- Installing: /home/ahmed/project_ws/src/install/tito/share/tito/meshes/RF_Link.STL
-- Installing: /home/ahmed/project_ws/src/install/tito/share/tito/meshes/RFFW_Link.STL
-- Installing: /home/ahmed/project_ws/src/install/tito/share/tito/meshes/WLBelt_Link.STL
-- Installing: /home/ahmed/project_ws/src/install/tito/share/tito/meshes/LBW_Link.STL
-- Installing: /home/ahmed/project_ws/src/install/tito/share/tito/meshes/RBW_Link.STL
-- Installing: /home/ahmed/project_ws/src/install/tito/share/tito/worlds
-- Installing: /home/ahmed/project_ws/src/install/tito/share/tito/worlds/empty.world
-- Installing: /home/ahmed/project_ws/src/install/tito/share/ament_index/resource_index/package_run_dependencies/tito
-- Installing: /home/ahmed/project_ws/src/install/tito/share/ament_index/resource_index/parent_prefix_path/tito
-- Installing: /home/ahmed/project_ws/src/install/tito/share/tito/environment/ament_prefix_path.sh
-- Installing: /home/ahmed/project_ws/src/install/tito/share/tito/environment/ament_prefix_path.dsv
-- Installing: /home/ahmed/project_ws/src/install/tito/share/tito/environment/path.sh
-- Installing: /home/ahmed/project_ws/src/install/tito/share/tito/environment/path.dsv
-- Installing: /home/ahmed/project_ws/src/install/tito/share/tito/local_setup.bash
-- Installing: /home/ahmed/project_ws/src/install/tito/share/tito/local_setup.sh
-- Installing: /home/ahmed/project_ws/src/install/tito/share/tito/local_setup.zsh
-- Installing: /home/ahmed/project_ws/src/install/tito/share/tito/local_setup.dsv
-- Installing: /home/ahmed/project_ws/src/install/tito/share/tito/package.dsv
-- Installing: /home/ahmed/project_ws/src/install/tito/share/ament_index/resource_index/packages/tito
-- Installing: /home/ahmed/project_ws/src/install/tito/share/tito/cmake/titoConfig.cmake
-- Installing: /home/ahmed/project_ws/src/install/tito/share/tito/cmake/titoConfig-version.cmake
-- Installing: /home/ahmed/project_ws/src/install/tito/share/tito/package.xml
