[0.141s] Invoking command in '/home/ahmed/project_ws/src/build/tito': CMAKE_PREFIX_PATH=/home/ahmed/colcon_ws/install/turtlebot3_teleop:/home/ahmed/colcon_ws/install/turtlebot3_example:/home/ahmed/colcon_ws/install/my_first_package:/opt/ros/foxy /usr/bin/cmake /home/ahmed/project_ws/src/tito -DCMAKE_INSTALL_PREFIX=/home/ahmed/project_ws/src/install/tito
[0.176s] -- The C compiler identification is GNU 9.4.0
[0.211s] -- The CXX compiler identification is GNU 9.4.0
[0.214s] -- Check for working C compiler: /usr/bin/cc
[0.259s] -- Check for working C compiler: /usr/bin/cc -- works
[0.259s] -- Detecting C compiler ABI info
[0.307s] -- Detecting C compiler ABI info - done
[0.316s] -- Detecting C compile features
[0.316s] -- Detecting C compile features - done
[0.318s] -- Check for working CXX compiler: /usr/bin/c++
[0.371s] -- Check for working CXX compiler: /usr/bin/c++ -- works
[0.371s] -- Detecting CXX compiler ABI info
[0.423s] -- Detecting CXX compiler ABI info - done
[0.432s] -- Detecting CXX compile features
[0.432s] -- Detecting CXX compile features - done
[0.434s] -- Found ament_cmake: 0.9.12 (/opt/ros/foxy/share/ament_cmake/cmake)
[0.451s] -- Found PythonInterp: /usr/bin/python3 (found suitable version "3.8.10", minimum required is "3") 
[0.451s] -- Using PYTHON_EXECUTABLE: /usr/bin/python3
[0.609s] -- Found ament_lint_auto: 0.9.8 (/opt/ros/foxy/share/ament_lint_auto/cmake)
[0.664s] -- Added test 'copyright' to check source files copyright and LICENSE
[0.670s] -- Added test 'flake8' to check Python code syntax and style conventions
[0.671s] -- Added test 'lint_cmake' to check CMake code style
[0.672s] -- Added test 'pep257' to check Python code against some of the style conventions in PEP 257
[0.675s] -- Added test 'xmllint' to check XML markup files
[0.676s] -- Configuring done
[0.678s] -- Generating done
[0.678s] -- Build files have been written to: /home/ahmed/project_ws/src/build/tito
[0.681s] Invoked command in '/home/ahmed/project_ws/src/build/tito' returned '0': CMAKE_PREFIX_PATH=/home/ahmed/colcon_ws/install/turtlebot3_teleop:/home/ahmed/colcon_ws/install/turtlebot3_example:/home/ahmed/colcon_ws/install/my_first_package:/opt/ros/foxy /usr/bin/cmake /home/ahmed/project_ws/src/tito -DCMAKE_INSTALL_PREFIX=/home/ahmed/project_ws/src/install/tito
[0.683s] Invoking command in '/home/ahmed/project_ws/src/build/tito': CMAKE_PREFIX_PATH=/home/ahmed/colcon_ws/install/turtlebot3_teleop:/home/ahmed/colcon_ws/install/turtlebot3_example:/home/ahmed/colcon_ws/install/my_first_package:/opt/ros/foxy /usr/bin/cmake --build /home/ahmed/project_ws/src/build/tito -- -j12 -l12
[0.708s] Invoked command in '/home/ahmed/project_ws/src/build/tito' returned '0': CMAKE_PREFIX_PATH=/home/ahmed/colcon_ws/install/turtlebot3_teleop:/home/ahmed/colcon_ws/install/turtlebot3_example:/home/ahmed/colcon_ws/install/my_first_package:/opt/ros/foxy /usr/bin/cmake --build /home/ahmed/project_ws/src/build/tito -- -j12 -l12
[0.728s] Invoking command in '/home/ahmed/project_ws/src/build/tito': CMAKE_PREFIX_PATH=/home/ahmed/colcon_ws/install/turtlebot3_teleop:/home/ahmed/colcon_ws/install/turtlebot3_example:/home/ahmed/colcon_ws/install/my_first_package:/opt/ros/foxy /usr/bin/cmake --install /home/ahmed/project_ws/src/build/tito
[0.734s] -- Install configuration: ""
[0.734s] -- Installing: /home/ahmed/project_ws/src/install/tito/share/tito/config
[0.734s] -- Installing: /home/ahmed/project_ws/src/install/tito/share/tito/config/empty.yaml
[0.734s] -- Installing: /home/ahmed/project_ws/src/install/tito/share/tito/description
[0.734s] -- Installing: /home/ahmed/project_ws/src/install/tito/share/tito/description/inertial_macros.xacro
[0.734s] -- Installing: /home/ahmed/project_ws/src/install/tito/share/tito/description/robot.urdf.xacro
[0.734s] -- Installing: /home/ahmed/project_ws/src/install/tito/share/tito/description/robot_core.xacro
[0.735s] -- Installing: /home/ahmed/project_ws/src/install/tito/share/tito/launch
[0.735s] -- Installing: /home/ahmed/project_ws/src/install/tito/share/tito/launch/rsp.launch.py
[0.735s] -- Installing: /home/ahmed/project_ws/src/install/tito/share/tito/meshes
[0.735s] -- Installing: /home/ahmed/project_ws/src/install/tito/share/tito/meshes/RW_Link.STL
[0.735s] -- Installing: /home/ahmed/project_ws/src/install/tito/share/tito/meshes/LW_Link.STL
[0.735s] -- Installing: /home/ahmed/project_ws/src/install/tito/share/tito/meshes/WRBelt_Link.STL
[0.735s] -- Installing: /home/ahmed/project_ws/src/install/tito/share/tito/meshes/LF_Link.STL
[0.735s] -- Installing: /home/ahmed/project_ws/src/install/tito/share/tito/meshes/RFW_Link.STL
[0.735s] -- Installing: /home/ahmed/project_ws/src/install/tito/share/tito/meshes/LFW_Link.STL
[0.735s] -- Installing: /home/ahmed/project_ws/src/install/tito/share/tito/meshes/LFFW_Link.STL
[0.735s] -- Installing: /home/ahmed/project_ws/src/install/tito/share/tito/meshes/base_link.STL
[0.735s] -- Installing: /home/ahmed/project_ws/src/install/tito/share/tito/meshes/RF_Link.STL
[0.735s] -- Installing: /home/ahmed/project_ws/src/install/tito/share/tito/meshes/RFFW_Link.STL
[0.735s] -- Installing: /home/ahmed/project_ws/src/install/tito/share/tito/meshes/WLBelt_Link.STL
[0.735s] -- Installing: /home/ahmed/project_ws/src/install/tito/share/tito/meshes/LBW_Link.STL
[0.735s] -- Installing: /home/ahmed/project_ws/src/install/tito/share/tito/meshes/RBW_Link.STL
[0.736s] -- Installing: /home/ahmed/project_ws/src/install/tito/share/tito/worlds
[0.736s] -- Installing: /home/ahmed/project_ws/src/install/tito/share/tito/worlds/empty.world
[0.736s] -- Installing: /home/ahmed/project_ws/src/install/tito/share/ament_index/resource_index/package_run_dependencies/tito
[0.736s] -- Installing: /home/ahmed/project_ws/src/install/tito/share/ament_index/resource_index/parent_prefix_path/tito
[0.736s] -- Installing: /home/ahmed/project_ws/src/install/tito/share/tito/environment/ament_prefix_path.sh
[0.736s] -- Installing: /home/ahmed/project_ws/src/install/tito/share/tito/environment/ament_prefix_path.dsv
[0.736s] -- Installing: /home/ahmed/project_ws/src/install/tito/share/tito/environment/path.sh
[0.736s] -- Installing: /home/ahmed/project_ws/src/install/tito/share/tito/environment/path.dsv
[0.736s] -- Installing: /home/ahmed/project_ws/src/install/tito/share/tito/local_setup.bash
[0.736s] -- Installing: /home/ahmed/project_ws/src/install/tito/share/tito/local_setup.sh
[0.736s] -- Installing: /home/ahmed/project_ws/src/install/tito/share/tito/local_setup.zsh
[0.736s] -- Installing: /home/ahmed/project_ws/src/install/tito/share/tito/local_setup.dsv
[0.736s] -- Installing: /home/ahmed/project_ws/src/install/tito/share/tito/package.dsv
[0.736s] -- Installing: /home/ahmed/project_ws/src/install/tito/share/ament_index/resource_index/packages/tito
[0.736s] -- Installing: /home/ahmed/project_ws/src/install/tito/share/tito/cmake/titoConfig.cmake
[0.737s] -- Installing: /home/ahmed/project_ws/src/install/tito/share/tito/cmake/titoConfig-version.cmake
[0.737s] -- Installing: /home/ahmed/project_ws/src/install/tito/share/tito/package.xml
[0.738s] Invoked command in '/home/ahmed/project_ws/src/build/tito' returned '0': CMAKE_PREFIX_PATH=/home/ahmed/colcon_ws/install/turtlebot3_teleop:/home/ahmed/colcon_ws/install/turtlebot3_example:/home/ahmed/colcon_ws/install/my_first_package:/opt/ros/foxy /usr/bin/cmake --install /home/ahmed/project_ws/src/build/tito
