[0.183s] Invoking command in '/home/ahmed/project_ws/build/tito': CMAKE_PREFIX_PATH=${CMAKE_PREFIX_PATH}:/home/ahmed/colcon_ws/install/turtlebot3_teleop:/home/ahmed/colcon_ws/install/turtlebot3_example:/home/ahmed/colcon_ws/install/my_first_package:/opt/ros/foxy /usr/bin/cmake /home/ahmed/project_ws/src/tito -DCMAKE_INSTALL_PREFIX=/home/ahmed/project_ws/install/tito
[0.192s] -- Found ament_cmake: 0.9.12 (/opt/ros/foxy/share/ament_cmake/cmake)
[0.207s] -- Using PYTHON_EXECUTABLE: /usr/bin/python3
[0.343s] -- Override CMake install command with custom implementation using symlinks instead of copying resources
[0.348s] -- Found ament_lint_auto: 0.9.8 (/opt/ros/foxy/share/ament_lint_auto/cmake)
[0.393s] -- Added test 'copyright' to check source files copyright and LICENSE
[0.399s] -- Added test 'flake8' to check Python code syntax and style conventions
[0.400s] -- Added test 'lint_cmake' to check CMake code style
[0.400s] -- Added test 'pep257' to check Python code against some of the style conventions in PEP 257
[0.403s] -- Added test 'xmllint' to check XML markup files
[0.404s] -- Configuring done
[0.406s] -- Generating done
[0.407s] -- Build files have been written to: /home/ahmed/project_ws/build/tito
[0.410s] Invoked command in '/home/ahmed/project_ws/build/tito' returned '0': CMAKE_PREFIX_PATH=${CMAKE_PREFIX_PATH}:/home/ahmed/colcon_ws/install/turtlebot3_teleop:/home/ahmed/colcon_ws/install/turtlebot3_example:/home/ahmed/colcon_ws/install/my_first_package:/opt/ros/foxy /usr/bin/cmake /home/ahmed/project_ws/src/tito -DCMAKE_INSTALL_PREFIX=/home/ahmed/project_ws/install/tito
[0.411s] Invoking command in '/home/ahmed/project_ws/build/tito': CMAKE_PREFIX_PATH=${CMAKE_PREFIX_PATH}:/home/ahmed/colcon_ws/install/turtlebot3_teleop:/home/ahmed/colcon_ws/install/turtlebot3_example:/home/ahmed/colcon_ws/install/my_first_package:/opt/ros/foxy /usr/bin/cmake --build /home/ahmed/project_ws/build/tito -- -j12 -l12
[0.436s] Invoked command in '/home/ahmed/project_ws/build/tito' returned '0': CMAKE_PREFIX_PATH=${CMAKE_PREFIX_PATH}:/home/ahmed/colcon_ws/install/turtlebot3_teleop:/home/ahmed/colcon_ws/install/turtlebot3_example:/home/ahmed/colcon_ws/install/my_first_package:/opt/ros/foxy /usr/bin/cmake --build /home/ahmed/project_ws/build/tito -- -j12 -l12
[0.457s] Invoking command in '/home/ahmed/project_ws/build/tito': CMAKE_PREFIX_PATH=${CMAKE_PREFIX_PATH}:/home/ahmed/colcon_ws/install/turtlebot3_teleop:/home/ahmed/colcon_ws/install/turtlebot3_example:/home/ahmed/colcon_ws/install/my_first_package:/opt/ros/foxy /usr/bin/cmake --install /home/ahmed/project_ws/build/tito
[0.463s] -- Install configuration: ""
[0.463s] -- Execute custom install script
[0.463s] -- Up-to-date symlink: /home/ahmed/project_ws/install/tito/share/tito/config/empty.yaml
[0.464s] -- Up-to-date symlink: /home/ahmed/project_ws/install/tito/share/tito/description/gazebo_control.xacro
[0.464s] -- Up-to-date symlink: /home/ahmed/project_ws/install/tito/share/tito/description/inertial_macros.xacro
[0.464s] -- Up-to-date symlink: /home/ahmed/project_ws/install/tito/share/tito/description/robot.urdf.xacro
[0.464s] -- Up-to-date symlink: /home/ahmed/project_ws/install/tito/share/tito/description/robot_core.xacro
[0.464s] -- Up-to-date symlink: /home/ahmed/project_ws/install/tito/share/tito/launch/launch_sim.launch.py
[0.464s] -- Up-to-date symlink: /home/ahmed/project_ws/install/tito/share/tito/launch/rsp.launch.py
[0.464s] -- Up-to-date symlink: /home/ahmed/project_ws/install/tito/share/tito/worlds/empty.world
[0.465s] -- Up-to-date symlink: /home/ahmed/project_ws/install/tito/share/ament_index/resource_index/package_run_dependencies/tito
[0.465s] -- Up-to-date symlink: /home/ahmed/project_ws/install/tito/share/ament_index/resource_index/parent_prefix_path/tito
[0.465s] -- Up-to-date symlink: /home/ahmed/project_ws/install/tito/share/tito/environment/ament_prefix_path.sh
[0.465s] -- Up-to-date symlink: /home/ahmed/project_ws/install/tito/share/tito/environment/ament_prefix_path.dsv
[0.465s] -- Up-to-date symlink: /home/ahmed/project_ws/install/tito/share/tito/environment/path.sh
[0.466s] -- Up-to-date symlink: /home/ahmed/project_ws/install/tito/share/tito/environment/path.dsv
[0.466s] -- Up-to-date symlink: /home/ahmed/project_ws/install/tito/share/tito/local_setup.bash
[0.466s] -- Up-to-date symlink: /home/ahmed/project_ws/install/tito/share/tito/local_setup.sh
[0.466s] -- Up-to-date symlink: /home/ahmed/project_ws/install/tito/share/tito/local_setup.zsh
[0.466s] -- Up-to-date symlink: /home/ahmed/project_ws/install/tito/share/tito/local_setup.dsv
[0.466s] -- Symlinking: /home/ahmed/project_ws/install/tito/share/tito/package.dsv
[0.473s] -- Up-to-date symlink: /home/ahmed/project_ws/install/tito/share/ament_index/resource_index/packages/tito
[0.473s] -- Up-to-date symlink: /home/ahmed/project_ws/install/tito/share/tito/cmake/titoConfig.cmake
[0.473s] -- Up-to-date symlink: /home/ahmed/project_ws/install/tito/share/tito/cmake/titoConfig-version.cmake
[0.473s] -- Up-to-date symlink: /home/ahmed/project_ws/install/tito/share/tito/package.xml
[0.475s] Invoked command in '/home/ahmed/project_ws/build/tito' returned '0': CMAKE_PREFIX_PATH=${CMAKE_PREFIX_PATH}:/home/ahmed/colcon_ws/install/turtlebot3_teleop:/home/ahmed/colcon_ws/install/turtlebot3_example:/home/ahmed/colcon_ws/install/my_first_package:/opt/ros/foxy /usr/bin/cmake --install /home/ahmed/project_ws/build/tito
