[0.193s] Invoking command in '/home/ahmed/project_ws/build/tito': CMAKE_PREFIX_PATH=${CMAKE_PREFIX_PATH}:/home/ahmed/colcon_ws/install/turtlebot3_teleop:/home/ahmed/colcon_ws/install/turtlebot3_example:/home/ahmed/colcon_ws/install/my_first_package:/opt/ros/foxy /usr/bin/cmake --build /home/ahmed/project_ws/build/tito -- -j12 -l12
[0.223s] Invoked command in '/home/ahmed/project_ws/build/tito' returned '0': CMAKE_PREFIX_PATH=${CMAKE_PREFIX_PATH}:/home/ahmed/colcon_ws/install/turtlebot3_teleop:/home/ahmed/colcon_ws/install/turtlebot3_example:/home/ahmed/colcon_ws/install/my_first_package:/opt/ros/foxy /usr/bin/cmake --build /home/ahmed/project_ws/build/tito -- -j12 -l12
[0.255s] Invoking command in '/home/ahmed/project_ws/build/tito': CMAKE_PREFIX_PATH=${CMAKE_PREFIX_PATH}:/home/ahmed/colcon_ws/install/turtlebot3_teleop:/home/ahmed/colcon_ws/install/turtlebot3_example:/home/ahmed/colcon_ws/install/my_first_package:/opt/ros/foxy /usr/bin/cmake --install /home/ahmed/project_ws/build/tito
[0.263s] -- Install configuration: ""
[0.263s] -- Up-to-date: /home/ahmed/project_ws/install/tito/share/tito/config
[0.263s] -- Up-to-date: /home/ahmed/project_ws/install/tito/share/tito/config/empty.yaml
[0.263s] -- Up-to-date: /home/ahmed/project_ws/install/tito/share/tito/description
[0.263s] -- Up-to-date: /home/ahmed/project_ws/install/tito/share/tito/description/inertial_macros.xacro
[0.263s] -- Up-to-date: /home/ahmed/project_ws/install/tito/share/tito/description/robot.urdf.xacro
[0.263s] -- Installing: /home/ahmed/project_ws/install/tito/share/tito/description/robot_core.xacro
[0.264s] -- Up-to-date: /home/ahmed/project_ws/install/tito/share/tito/launch
[0.264s] -- Up-to-date: /home/ahmed/project_ws/install/tito/share/tito/launch/rsp.launch.py
[0.264s] -- Up-to-date: /home/ahmed/project_ws/install/tito/share/tito/worlds
[0.264s] -- Up-to-date: /home/ahmed/project_ws/install/tito/share/tito/worlds/empty.world
[0.264s] -- Up-to-date: /home/ahmed/project_ws/install/tito/share/ament_index/resource_index/package_run_dependencies/tito
[0.264s] -- Up-to-date: /home/ahmed/project_ws/install/tito/share/ament_index/resource_index/parent_prefix_path/tito
[0.264s] -- Up-to-date: /home/ahmed/project_ws/install/tito/share/tito/environment/ament_prefix_path.sh
[0.264s] -- Up-to-date: /home/ahmed/project_ws/install/tito/share/tito/environment/ament_prefix_path.dsv
[0.264s] -- Up-to-date: /home/ahmed/project_ws/install/tito/share/tito/environment/path.sh
[0.264s] -- Up-to-date: /home/ahmed/project_ws/install/tito/share/tito/environment/path.dsv
[0.264s] -- Up-to-date: /home/ahmed/project_ws/install/tito/share/tito/local_setup.bash
[0.264s] -- Up-to-date: /home/ahmed/project_ws/install/tito/share/tito/local_setup.sh
[0.264s] -- Up-to-date: /home/ahmed/project_ws/install/tito/share/tito/local_setup.zsh
[0.265s] -- Up-to-date: /home/ahmed/project_ws/install/tito/share/tito/local_setup.dsv
[0.265s] -- Installing: /home/ahmed/project_ws/install/tito/share/tito/package.dsv
[0.265s] -- Up-to-date: /home/ahmed/project_ws/install/tito/share/ament_index/resource_index/packages/tito
[0.265s] -- Up-to-date: /home/ahmed/project_ws/install/tito/share/tito/cmake/titoConfig.cmake
[0.265s] -- Up-to-date: /home/ahmed/project_ws/install/tito/share/tito/cmake/titoConfig-version.cmake
[0.265s] -- Up-to-date: /home/ahmed/project_ws/install/tito/share/tito/package.xml
[0.266s] Invoked command in '/home/ahmed/project_ws/build/tito' returned '0': CMAKE_PREFIX_PATH=${CMAKE_PREFIX_PATH}:/home/ahmed/colcon_ws/install/turtlebot3_teleop:/home/ahmed/colcon_ws/install/turtlebot3_example:/home/ahmed/colcon_ws/install/my_first_package:/opt/ros/foxy /usr/bin/cmake --install /home/ahmed/project_ws/build/tito
