[3.802s] DEBUG:colcon:Command line arguments: ['/usr/bin/colcon', 'build']
[3.802s] DEBUG:colcon:Parsed command line arguments: Namespace(allow_overriding=[], ament_cmake_args=None, base_paths=['.'], build_base='build', catkin_cmake_args=None, catkin_skip_building_tests=False, cmake_args=None, cmake_clean_cache=False, cmake_clean_first=False, cmake_force_configure=False, cmake_target=None, cmake_target_skip_unavailable=False, continue_on_error=False, event_handlers=None, executor='parallel', ignore_user_meta=False, install_base='install', log_base=None, log_level=None, main=<bound method BuildVerb.main of <colcon_core.verb.build.BuildVerb object at 0x7fd4fb93b6d0>>, merge_install=False, metas=['./colcon.meta'], mixin=None, mixin_files=None, mixin_verb=('build',), packages_above=None, packages_above_and_dependencies=None, packages_above_depth=None, packages_end=None, packages_ignore=None, packages_ignore_regex=None, packages_select=None, packages_select_build_failed=False, packages_select_by_dep=None, packages_select_regex=None, packages_select_test_failures=False, packages_skip=None, packages_skip_build_finished=False, packages_skip_by_dep=None, packages_skip_regex=None, packages_skip_test_passed=False, packages_skip_up_to=None, packages_start=None, packages_up_to=None, packages_up_to_regex=None, parallel_workers=12, paths=None, symlink_install=False, test_result_base=None, verb_extension=<colcon_core.verb.build.BuildVerb object at 0x7fd4fb93b6d0>, verb_name='build', verb_parser=<colcon_mixin.mixin.mixin_argument.MixinArgumentDecorator object at 0x7fd4fb940280>)
[3.886s] Level 1:colcon.colcon_core.package_discovery:discover_packages(colcon_meta) check parameters
[3.886s] Level 1:colcon.colcon_core.package_discovery:discover_packages(recursive) check parameters
[3.886s] Level 1:colcon.colcon_core.package_discovery:discover_packages(ignore) check parameters
[3.886s] Level 1:colcon.colcon_core.package_discovery:discover_packages(path) check parameters
[3.886s] Level 1:colcon.colcon_core.package_discovery:discover_packages(colcon_meta) discover
[3.886s] Level 1:colcon.colcon_core.package_discovery:discover_packages(recursive) discover
[3.886s] INFO:colcon.colcon_core.package_discovery:Crawling recursively for packages in '/home/ahmed/project_ws'
[3.886s] Level 1:colcon.colcon_core.package_identification:_identify(.) by extensions ['ignore', 'ignore_ament_install']
[3.886s] Level 1:colcon.colcon_core.package_identification:_identify(.) by extension 'ignore'
[3.886s] Level 1:colcon.colcon_core.package_identification:_identify(.) by extension 'ignore_ament_install'
[3.886s] Level 1:colcon.colcon_core.package_identification:_identify(.) by extensions ['colcon_pkg']
[3.886s] Level 1:colcon.colcon_core.package_identification:_identify(.) by extension 'colcon_pkg'
[3.886s] Level 1:colcon.colcon_core.package_identification:_identify(.) by extensions ['colcon_meta']
[3.886s] Level 1:colcon.colcon_core.package_identification:_identify(.) by extension 'colcon_meta'
[3.887s] Level 1:colcon.colcon_core.package_identification:_identify(.) by extensions ['ros']
[3.887s] Level 1:colcon.colcon_core.package_identification:_identify(.) by extension 'ros'
[3.900s] Level 1:colcon.colcon_core.package_identification:_identify(.) by extensions ['cmake', 'python']
[3.900s] Level 1:colcon.colcon_core.package_identification:_identify(.) by extension 'cmake'
[3.900s] Level 1:colcon.colcon_core.package_identification:_identify(.) by extension 'python'
[3.900s] Level 1:colcon.colcon_core.package_identification:_identify(.) by extensions ['python_setup_py']
[3.900s] Level 1:colcon.colcon_core.package_identification:_identify(.) by extension 'python_setup_py'
[3.900s] Level 1:colcon.colcon_core.package_identification:_identify(build) by extensions ['ignore', 'ignore_ament_install']
[3.900s] Level 1:colcon.colcon_core.package_identification:_identify(build) by extension 'ignore'
[3.900s] Level 1:colcon.colcon_core.package_identification:_identify(build) ignored
[3.900s] Level 1:colcon.colcon_core.package_identification:_identify(install) by extensions ['ignore', 'ignore_ament_install']
[3.900s] Level 1:colcon.colcon_core.package_identification:_identify(install) by extension 'ignore'
[3.900s] Level 1:colcon.colcon_core.package_identification:_identify(install) ignored
[3.901s] Level 1:colcon.colcon_core.package_identification:_identify(log) by extensions ['ignore', 'ignore_ament_install']
[3.901s] Level 1:colcon.colcon_core.package_identification:_identify(log) by extension 'ignore'
[3.901s] Level 1:colcon.colcon_core.package_identification:_identify(log) ignored
[3.901s] Level 1:colcon.colcon_core.package_identification:_identify(src) by extensions ['ignore', 'ignore_ament_install']
[3.901s] Level 1:colcon.colcon_core.package_identification:_identify(src) by extension 'ignore'
[3.901s] Level 1:colcon.colcon_core.package_identification:_identify(src) by extension 'ignore_ament_install'
[3.901s] Level 1:colcon.colcon_core.package_identification:_identify(src) by extensions ['colcon_pkg']
[3.901s] Level 1:colcon.colcon_core.package_identification:_identify(src) by extension 'colcon_pkg'
[3.901s] Level 1:colcon.colcon_core.package_identification:_identify(src) by extensions ['colcon_meta']
[3.901s] Level 1:colcon.colcon_core.package_identification:_identify(src) by extension 'colcon_meta'
[3.901s] Level 1:colcon.colcon_core.package_identification:_identify(src) by extensions ['ros']
[3.901s] Level 1:colcon.colcon_core.package_identification:_identify(src) by extension 'ros'
[3.901s] Level 1:colcon.colcon_core.package_identification:_identify(src) by extensions ['cmake', 'python']
[3.901s] Level 1:colcon.colcon_core.package_identification:_identify(src) by extension 'cmake'
[3.901s] Level 1:colcon.colcon_core.package_identification:_identify(src) by extension 'python'
[3.901s] Level 1:colcon.colcon_core.package_identification:_identify(src) by extensions ['python_setup_py']
[3.901s] Level 1:colcon.colcon_core.package_identification:_identify(src) by extension 'python_setup_py'
[3.901s] Level 1:colcon.colcon_core.package_identification:_identify(src/build) by extensions ['ignore', 'ignore_ament_install']
[3.901s] Level 1:colcon.colcon_core.package_identification:_identify(src/build) by extension 'ignore'
[3.901s] Level 1:colcon.colcon_core.package_identification:_identify(src/build) ignored
[3.902s] Level 1:colcon.colcon_core.package_identification:_identify(src/install) by extensions ['ignore', 'ignore_ament_install']
[3.902s] Level 1:colcon.colcon_core.package_identification:_identify(src/install) by extension 'ignore'
[3.902s] Level 1:colcon.colcon_core.package_identification:_identify(src/install) ignored
[3.902s] Level 1:colcon.colcon_core.package_identification:_identify(src/log) by extensions ['ignore', 'ignore_ament_install']
[3.902s] Level 1:colcon.colcon_core.package_identification:_identify(src/log) by extension 'ignore'
[3.902s] Level 1:colcon.colcon_core.package_identification:_identify(src/log) ignored
[3.902s] Level 1:colcon.colcon_core.package_identification:_identify(src/tito) by extensions ['ignore', 'ignore_ament_install']
[3.902s] Level 1:colcon.colcon_core.package_identification:_identify(src/tito) by extension 'ignore'
[3.902s] Level 1:colcon.colcon_core.package_identification:_identify(src/tito) by extension 'ignore_ament_install'
[3.902s] Level 1:colcon.colcon_core.package_identification:_identify(src/tito) by extensions ['colcon_pkg']
[3.902s] Level 1:colcon.colcon_core.package_identification:_identify(src/tito) by extension 'colcon_pkg'
[3.902s] Level 1:colcon.colcon_core.package_identification:_identify(src/tito) by extensions ['colcon_meta']
[3.902s] Level 1:colcon.colcon_core.package_identification:_identify(src/tito) by extension 'colcon_meta'
[3.902s] Level 1:colcon.colcon_core.package_identification:_identify(src/tito) by extensions ['ros']
[3.902s] Level 1:colcon.colcon_core.package_identification:_identify(src/tito) by extension 'ros'
[3.904s] DEBUG:colcon.colcon_core.package_identification:Package 'src/tito' with type 'ros.ament_cmake' and name 'tito'
[3.904s] Level 1:colcon.colcon_core.package_discovery:discover_packages(recursive) using defaults
[3.904s] Level 1:colcon.colcon_core.package_discovery:discover_packages(ignore) discover
[3.904s] Level 1:colcon.colcon_core.package_discovery:discover_packages(ignore) using defaults
[3.904s] Level 1:colcon.colcon_core.package_discovery:discover_packages(path) discover
[3.904s] Level 1:colcon.colcon_core.package_discovery:discover_packages(path) using defaults
[4.087s] Level 1:colcon.colcon_core.package_discovery:discover_packages(prefix_path) check parameters
[4.087s] Level 1:colcon.colcon_core.package_discovery:discover_packages(prefix_path) discover
[4.155s] DEBUG:colcon.colcon_installed_package_information.package_discovery:Found 5 installed packages in /home/ahmed/colcon_ws/install
[4.190s] DEBUG:colcon.colcon_installed_package_information.package_discovery:Found 376 installed packages in /opt/ros/foxy
[4.192s] Level 1:colcon.colcon_core.package_discovery:discover_packages(prefix_path) using defaults
[4.333s] Level 5:colcon.colcon_core.verb:set package 'tito' build argument 'cmake_args' from command line to 'None'
[4.334s] Level 5:colcon.colcon_core.verb:set package 'tito' build argument 'cmake_target' from command line to 'None'
[4.334s] Level 5:colcon.colcon_core.verb:set package 'tito' build argument 'cmake_target_skip_unavailable' from command line to 'False'
[4.334s] Level 5:colcon.colcon_core.verb:set package 'tito' build argument 'cmake_clean_cache' from command line to 'False'
[4.334s] Level 5:colcon.colcon_core.verb:set package 'tito' build argument 'cmake_clean_first' from command line to 'False'
[4.334s] Level 5:colcon.colcon_core.verb:set package 'tito' build argument 'cmake_force_configure' from command line to 'False'
[4.334s] Level 5:colcon.colcon_core.verb:set package 'tito' build argument 'ament_cmake_args' from command line to 'None'
[4.334s] Level 5:colcon.colcon_core.verb:set package 'tito' build argument 'catkin_cmake_args' from command line to 'None'
[4.334s] Level 5:colcon.colcon_core.verb:set package 'tito' build argument 'catkin_skip_building_tests' from command line to 'False'
[4.334s] DEBUG:colcon.colcon_core.verb:Building package 'tito' with the following arguments: {'ament_cmake_args': None, 'build_base': '/home/ahmed/project_ws/build/tito', 'catkin_cmake_args': None, 'catkin_skip_building_tests': False, 'cmake_args': None, 'cmake_clean_cache': False, 'cmake_clean_first': False, 'cmake_force_configure': False, 'cmake_target': None, 'cmake_target_skip_unavailable': False, 'install_base': '/home/ahmed/project_ws/install/tito', 'merge_install': False, 'path': '/home/ahmed/project_ws/src/tito', 'symlink_install': False, 'test_result_base': None}
[4.368s] INFO:colcon.colcon_core.executor:Executing jobs using 'parallel' executor
[4.402s] DEBUG:colcon.colcon_parallel_executor.executor.parallel:run_until_complete
[4.402s] INFO:colcon.colcon_ros.task.ament_cmake.build:Building ROS package in '/home/ahmed/project_ws/src/tito' with build type 'ament_cmake'
[4.402s] INFO:colcon.colcon_cmake.task.cmake.build:Building CMake package in '/home/ahmed/project_ws/src/tito'
[4.439s] INFO:colcon.colcon_core.plugin_system:Skipping extension 'colcon_core.shell.bat': Not used on non-Windows systems
[4.439s] INFO:colcon.colcon_core.shell:Skip shell extension 'powershell' for command environment: Not usable outside of PowerShell
[4.439s] DEBUG:colcon.colcon_core.shell:Skip shell extension 'dsv' for command environment
[4.554s] DEBUG:colcon.colcon_core.event_handler.log_command:Invoking command in '/home/ahmed/project_ws/build/tito': CMAKE_PREFIX_PATH=/home/ahmed/colcon_ws/install/turtlebot3_teleop:/home/ahmed/colcon_ws/install/turtlebot3_example:/home/ahmed/colcon_ws/install/my_first_package:/opt/ros/foxy /usr/bin/cmake --build /home/ahmed/project_ws/build/tito -- -j12 -l12
[4.583s] DEBUG:colcon.colcon_core.event_handler.log_command:Invoked command in '/home/ahmed/project_ws/build/tito' returned '0': CMAKE_PREFIX_PATH=/home/ahmed/colcon_ws/install/turtlebot3_teleop:/home/ahmed/colcon_ws/install/turtlebot3_example:/home/ahmed/colcon_ws/install/my_first_package:/opt/ros/foxy /usr/bin/cmake --build /home/ahmed/project_ws/build/tito -- -j12 -l12
[4.603s] DEBUG:colcon.colcon_core.event_handler.log_command:Invoking command in '/home/ahmed/project_ws/build/tito': CMAKE_PREFIX_PATH=/home/ahmed/colcon_ws/install/turtlebot3_teleop:/home/ahmed/colcon_ws/install/turtlebot3_example:/home/ahmed/colcon_ws/install/my_first_package:/opt/ros/foxy /usr/bin/cmake --install /home/ahmed/project_ws/build/tito
[4.621s] Level 1:colcon.colcon_core.environment:create_environment_scripts_only(tito)
[4.622s] DEBUG:colcon.colcon_core.event_handler.log_command:Invoked command in '/home/ahmed/project_ws/build/tito' returned '0': CMAKE_PREFIX_PATH=/home/ahmed/colcon_ws/install/turtlebot3_teleop:/home/ahmed/colcon_ws/install/turtlebot3_example:/home/ahmed/colcon_ws/install/my_first_package:/opt/ros/foxy /usr/bin/cmake --install /home/ahmed/project_ws/build/tito
[4.660s] Level 1:colcon.colcon_core.environment:checking '/home/ahmed/project_ws/install/tito' for CMake module files
[4.660s] Level 1:colcon.colcon_core.environment:checking '/home/ahmed/project_ws/install/tito' for CMake config files
[4.660s] Level 1:colcon.colcon_core.shell:create_environment_hook('tito', 'cmake_prefix_path')
[4.697s] INFO:colcon.colcon_core.shell:Creating environment hook '/home/ahmed/project_ws/install/tito/share/tito/hook/cmake_prefix_path.ps1'
[4.697s] INFO:colcon.colcon_core.shell:Creating environment descriptor '/home/ahmed/project_ws/install/tito/share/tito/hook/cmake_prefix_path.dsv'
[4.697s] INFO:colcon.colcon_core.shell:Creating environment hook '/home/ahmed/project_ws/install/tito/share/tito/hook/cmake_prefix_path.sh'
[4.698s] Level 1:colcon.colcon_core.environment:checking '/home/ahmed/project_ws/install/tito/bin'
[4.698s] Level 1:colcon.colcon_core.environment:checking '/home/ahmed/project_ws/install/tito/lib/pkgconfig/tito.pc'
[4.698s] Level 1:colcon.colcon_core.environment:checking '/home/ahmed/project_ws/install/tito/lib/python3.8/site-packages'
[4.699s] Level 1:colcon.colcon_core.environment:checking '/home/ahmed/project_ws/install/tito/bin'
[4.734s] INFO:colcon.colcon_core.shell:Creating package script '/home/ahmed/project_ws/install/tito/share/tito/package.ps1'
[4.735s] INFO:colcon.colcon_core.shell:Creating package descriptor '/home/ahmed/project_ws/install/tito/share/tito/package.dsv'
[4.735s] INFO:colcon.colcon_core.shell:Creating package script '/home/ahmed/project_ws/install/tito/share/tito/package.sh'
[4.736s] INFO:colcon.colcon_core.shell:Creating package script '/home/ahmed/project_ws/install/tito/share/tito/package.bash'
[4.736s] INFO:colcon.colcon_core.shell:Creating package script '/home/ahmed/project_ws/install/tito/share/tito/package.zsh'
[4.737s] Level 1:colcon.colcon_core.environment:create_file_with_runtime_dependencies(/home/ahmed/project_ws/install/tito/share/colcon-core/packages/tito)
[4.786s] Level 1:colcon.colcon_core.environment:create_environment_scripts_only(tito)
[4.822s] Level 1:colcon.colcon_core.environment:checking '/home/ahmed/project_ws/install/tito' for CMake module files
[4.822s] Level 1:colcon.colcon_core.environment:checking '/home/ahmed/project_ws/install/tito' for CMake config files
[4.822s] Level 1:colcon.colcon_core.shell:create_environment_hook('tito', 'cmake_prefix_path')
[4.858s] INFO:colcon.colcon_core.shell:Creating environment hook '/home/ahmed/project_ws/install/tito/share/tito/hook/cmake_prefix_path.ps1'
[4.858s] INFO:colcon.colcon_core.shell:Creating environment descriptor '/home/ahmed/project_ws/install/tito/share/tito/hook/cmake_prefix_path.dsv'
[4.858s] INFO:colcon.colcon_core.shell:Creating environment hook '/home/ahmed/project_ws/install/tito/share/tito/hook/cmake_prefix_path.sh'
[4.859s] Level 1:colcon.colcon_core.environment:checking '/home/ahmed/project_ws/install/tito/bin'
[4.859s] Level 1:colcon.colcon_core.environment:checking '/home/ahmed/project_ws/install/tito/lib/pkgconfig/tito.pc'
[4.859s] Level 1:colcon.colcon_core.environment:checking '/home/ahmed/project_ws/install/tito/lib/python3.8/site-packages'
[4.859s] Level 1:colcon.colcon_core.environment:checking '/home/ahmed/project_ws/install/tito/bin'
[4.895s] INFO:colcon.colcon_core.shell:Creating package script '/home/ahmed/project_ws/install/tito/share/tito/package.ps1'
[4.895s] INFO:colcon.colcon_core.shell:Creating package descriptor '/home/ahmed/project_ws/install/tito/share/tito/package.dsv'
[4.895s] INFO:colcon.colcon_core.shell:Creating package script '/home/ahmed/project_ws/install/tito/share/tito/package.sh'
[4.896s] INFO:colcon.colcon_core.shell:Creating package script '/home/ahmed/project_ws/install/tito/share/tito/package.bash'
[4.896s] INFO:colcon.colcon_core.shell:Creating package script '/home/ahmed/project_ws/install/tito/share/tito/package.zsh'
[4.896s] Level 1:colcon.colcon_core.environment:create_file_with_runtime_dependencies(/home/ahmed/project_ws/install/tito/share/colcon-core/packages/tito)
[4.897s] DEBUG:colcon.colcon_parallel_executor.executor.parallel:closing loop
[4.897s] DEBUG:colcon.colcon_parallel_executor.executor.parallel:loop closed
[4.897s] DEBUG:colcon.colcon_parallel_executor.executor.parallel:run_until_complete finished with '0'
[4.897s] DEBUG:colcon.colcon_core.event_reactor:joining thread
[4.935s] INFO:colcon.colcon_core.plugin_system:Skipping extension 'colcon_notification.desktop_notification.terminal_notifier': Not used on non-Darwin systems
[4.935s] INFO:colcon.colcon_core.plugin_system:Skipping extension 'colcon_notification.desktop_notification.win32': Not used on non-Windows systems
[4.936s] INFO:colcon.colcon_notification.desktop_notification:Sending desktop notification using 'notify2'
[5.033s] DEBUG:colcon.colcon_core.event_reactor:joined thread
[5.070s] INFO:colcon.colcon_core.shell:Creating prefix script '/home/ahmed/project_ws/install/local_setup.ps1'
[5.071s] INFO:colcon.colcon_core.shell:Creating prefix util module '/home/ahmed/project_ws/install/_local_setup_util_ps1.py'
[5.072s] INFO:colcon.colcon_core.shell:Creating prefix chain script '/home/ahmed/project_ws/install/setup.ps1'
[5.109s] INFO:colcon.colcon_core.shell:Creating prefix script '/home/ahmed/project_ws/install/local_setup.sh'
[5.109s] INFO:colcon.colcon_core.shell:Creating prefix util module '/home/ahmed/project_ws/install/_local_setup_util_sh.py'
[5.109s] INFO:colcon.colcon_core.shell:Creating prefix chain script '/home/ahmed/project_ws/install/setup.sh'
[5.145s] INFO:colcon.colcon_core.shell:Creating prefix script '/home/ahmed/project_ws/install/local_setup.bash'
[5.146s] INFO:colcon.colcon_core.shell:Creating prefix chain script '/home/ahmed/project_ws/install/setup.bash'
[5.181s] INFO:colcon.colcon_core.shell:Creating prefix script '/home/ahmed/project_ws/install/local_setup.zsh'
[5.181s] INFO:colcon.colcon_core.shell:Creating prefix chain script '/home/ahmed/project_ws/install/setup.zsh'
