[0.475s] Invoking command in '/home/ahmed/project_ws/build/tito': CMAKE_PREFIX_PATH=${CMAKE_PREFIX_PATH}:/home/ahmed/colcon_ws/install/turtlebot3_teleop:/home/ahmed/colcon_ws/install/turtlebot3_example:/home/ahmed/colcon_ws/install/my_first_package:/opt/ros/foxy /usr/bin/cmake /home/ahmed/project_ws/src/tito -DAMENT_CMAKE_SYMLINK_INSTALL=1 -DCMAKE_INSTALL_PREFIX=/home/ahmed/project_ws/install/tito
[0.507s] -- Found ament_cmake: 0.9.12 (/opt/ros/foxy/share/ament_cmake/cmake)
[0.548s] -- Using PYTHON_EXECUTABLE: /usr/bin/python3
[0.929s] -- Override CMake install command with custom implementation using symlinks instead of copying resources
[0.940s] -- Found ament_lint_auto: 0.9.8 (/opt/ros/foxy/share/ament_lint_auto/cmake)
[1.065s] -- Added test 'copyright' to check source files copyright and LICENSE
[1.081s] -- Added test 'flake8' to check Python code syntax and style conventions
[1.082s] -- Added test 'lint_cmake' to check CMake code style
[1.083s] -- Added test 'pep257' to check Python code against some of the style conventions in PEP 257
[1.091s] -- Added test 'xmllint' to check XML markup files
[1.094s] -- Configuring done
[1.097s] -- Generating done
[1.099s] -- Build files have been written to: /home/ahmed/project_ws/build/tito
[1.108s] Invoked command in '/home/ahmed/project_ws/build/tito' returned '0': CMAKE_PREFIX_PATH=${CMAKE_PREFIX_PATH}:/home/ahmed/colcon_ws/install/turtlebot3_teleop:/home/ahmed/colcon_ws/install/turtlebot3_example:/home/ahmed/colcon_ws/install/my_first_package:/opt/ros/foxy /usr/bin/cmake /home/ahmed/project_ws/src/tito -DAMENT_CMAKE_SYMLINK_INSTALL=1 -DCMAKE_INSTALL_PREFIX=/home/ahmed/project_ws/install/tito
[1.110s] Invoking command in '/home/ahmed/project_ws/build/tito': CMAKE_PREFIX_PATH=${CMAKE_PREFIX_PATH}:/home/ahmed/colcon_ws/install/turtlebot3_teleop:/home/ahmed/colcon_ws/install/turtlebot3_example:/home/ahmed/colcon_ws/install/my_first_package:/opt/ros/foxy /usr/bin/cmake --build /home/ahmed/project_ws/build/tito -- -j12 -l12
[1.193s] Invoked command in '/home/ahmed/project_ws/build/tito' returned '0': CMAKE_PREFIX_PATH=${CMAKE_PREFIX_PATH}:/home/ahmed/colcon_ws/install/turtlebot3_teleop:/home/ahmed/colcon_ws/install/turtlebot3_example:/home/ahmed/colcon_ws/install/my_first_package:/opt/ros/foxy /usr/bin/cmake --build /home/ahmed/project_ws/build/tito -- -j12 -l12
[1.265s] Invoking command in '/home/ahmed/project_ws/build/tito': CMAKE_PREFIX_PATH=${CMAKE_PREFIX_PATH}:/home/ahmed/colcon_ws/install/turtlebot3_teleop:/home/ahmed/colcon_ws/install/turtlebot3_example:/home/ahmed/colcon_ws/install/my_first_package:/opt/ros/foxy /usr/bin/cmake --install /home/ahmed/project_ws/build/tito
[1.284s] -- Install configuration: ""
[1.287s] -- Execute custom install script
[1.287s] -- Up-to-date symlink: /home/ahmed/project_ws/install/tito/share/tito/config/empty.yaml
[1.287s] -- Up-to-date symlink: /home/ahmed/project_ws/install/tito/share/tito/description/gazebo_control.xacro
[1.287s] -- Up-to-date symlink: /home/ahmed/project_ws/install/tito/share/tito/description/inertial_macros.xacro
[1.287s] -- Up-to-date symlink: /home/ahmed/project_ws/install/tito/share/tito/description/robot.urdf.xacro
[1.287s] -- Up-to-date symlink: /home/ahmed/project_ws/install/tito/share/tito/description/robot_core.xacro
[1.287s] -- Up-to-date symlink: /home/ahmed/project_ws/install/tito/share/tito/launch/launch_sim.launch.py
[1.288s] -- Up-to-date symlink: /home/ahmed/project_ws/install/tito/share/tito/launch/rsp.launch.py
[1.292s] -- Up-to-date symlink: /home/ahmed/project_ws/install/tito/share/tito/worlds/empty.world
[1.292s] -- Up-to-date symlink: /home/ahmed/project_ws/install/tito/share/ament_index/resource_index/package_run_dependencies/tito
[1.292s] -- Up-to-date symlink: /home/ahmed/project_ws/install/tito/share/ament_index/resource_index/parent_prefix_path/tito
[1.292s] -- Up-to-date symlink: /home/ahmed/project_ws/install/tito/share/tito/environment/ament_prefix_path.sh
[1.292s] -- Up-to-date symlink: /home/ahmed/project_ws/install/tito/share/tito/environment/ament_prefix_path.dsv
[1.292s] -- Up-to-date symlink: /home/ahmed/project_ws/install/tito/share/tito/environment/path.sh
[1.293s] -- Up-to-date symlink: /home/ahmed/project_ws/install/tito/share/tito/environment/path.dsv
[1.293s] -- Up-to-date symlink: /home/ahmed/project_ws/install/tito/share/tito/local_setup.bash
[1.293s] -- Up-to-date symlink: /home/ahmed/project_ws/install/tito/share/tito/local_setup.sh
[1.293s] -- Up-to-date symlink: /home/ahmed/project_ws/install/tito/share/tito/local_setup.zsh
[1.293s] -- Up-to-date symlink: /home/ahmed/project_ws/install/tito/share/tito/local_setup.dsv
[1.293s] -- Symlinking: /home/ahmed/project_ws/install/tito/share/tito/package.dsv
[1.319s] -- Up-to-date symlink: /home/ahmed/project_ws/install/tito/share/ament_index/resource_index/packages/tito
[1.319s] -- Up-to-date symlink: /home/ahmed/project_ws/install/tito/share/tito/cmake/titoConfig.cmake
[1.319s] -- Up-to-date symlink: /home/ahmed/project_ws/install/tito/share/tito/cmake/titoConfig-version.cmake
[1.320s] -- Up-to-date symlink: /home/ahmed/project_ws/install/tito/share/tito/package.xml
[1.323s] Invoked command in '/home/ahmed/project_ws/build/tito' returned '0': CMAKE_PREFIX_PATH=${CMAKE_PREFIX_PATH}:/home/ahmed/colcon_ws/install/turtlebot3_teleop:/home/ahmed/colcon_ws/install/turtlebot3_example:/home/ahmed/colcon_ws/install/my_first_package:/opt/ros/foxy /usr/bin/cmake --install /home/ahmed/project_ws/build/tito
