[0.150s] Invoking command in '/home/ahmed/project_ws/build/tito': CMAKE_PREFIX_PATH=/home/ahmed/colcon_ws/install/turtlebot3_teleop:/home/ahmed/colcon_ws/install/turtlebot3_example:/home/ahmed/colcon_ws/install/my_first_package:/opt/ros/foxy /usr/bin/cmake /home/ahmed/project_ws/src/tito -DAMENT_CMAKE_SYMLINK_INSTALL=1 -DCMAKE_INSTALL_PREFIX=/home/ahmed/project_ws/install/tito
[0.160s] -- Found ament_cmake: 0.9.12 (/opt/ros/foxy/share/ament_cmake/cmake)
[0.176s] -- Using PYTHON_EXECUTABLE: /usr/bin/python3
[0.356s] -- Override CMake install command with custom implementation using symlinks instead of copying resources
[0.413s] -- Found ament_lint_auto: 0.9.8 (/opt/ros/foxy/share/ament_lint_auto/cmake)
[0.492s] -- Added test 'copyright' to check source files copyright and LICENSE
[0.779s] -- Added test 'flake8' to check Python code syntax and style conventions
[0.783s] -- Added test 'lint_cmake' to check CMake code style
[0.785s] -- Added test 'pep257' to check Python code against some of the style conventions in PEP 257
[0.794s] -- Added test 'xmllint' to check XML markup files
[0.796s] -- Configuring done
[0.855s] -- Generating done
[0.891s] -- Build files have been written to: /home/ahmed/project_ws/build/tito
[0.893s] Invoked command in '/home/ahmed/project_ws/build/tito' returned '0': CMAKE_PREFIX_PATH=/home/ahmed/colcon_ws/install/turtlebot3_teleop:/home/ahmed/colcon_ws/install/turtlebot3_example:/home/ahmed/colcon_ws/install/my_first_package:/opt/ros/foxy /usr/bin/cmake /home/ahmed/project_ws/src/tito -DAMENT_CMAKE_SYMLINK_INSTALL=1 -DCMAKE_INSTALL_PREFIX=/home/ahmed/project_ws/install/tito
[0.896s] Invoking command in '/home/ahmed/project_ws/build/tito': CMAKE_PREFIX_PATH=/home/ahmed/colcon_ws/install/turtlebot3_teleop:/home/ahmed/colcon_ws/install/turtlebot3_example:/home/ahmed/colcon_ws/install/my_first_package:/opt/ros/foxy /usr/bin/cmake --build /home/ahmed/project_ws/build/tito -- -j12 -l12
[0.928s] Invoked command in '/home/ahmed/project_ws/build/tito' returned '0': CMAKE_PREFIX_PATH=/home/ahmed/colcon_ws/install/turtlebot3_teleop:/home/ahmed/colcon_ws/install/turtlebot3_example:/home/ahmed/colcon_ws/install/my_first_package:/opt/ros/foxy /usr/bin/cmake --build /home/ahmed/project_ws/build/tito -- -j12 -l12
[0.948s] Invoking command in '/home/ahmed/project_ws/build/tito': CMAKE_PREFIX_PATH=/home/ahmed/colcon_ws/install/turtlebot3_teleop:/home/ahmed/colcon_ws/install/turtlebot3_example:/home/ahmed/colcon_ws/install/my_first_package:/opt/ros/foxy /usr/bin/cmake --install /home/ahmed/project_ws/build/tito
[0.953s] -- Install configuration: ""
[0.953s] -- Execute custom install script
[0.954s] -- Up-to-date symlink: /home/ahmed/project_ws/install/tito/share/tito/config/empty.yaml
[0.954s] -- Up-to-date symlink: /home/ahmed/project_ws/install/tito/share/tito/config/gaz_ros2_ctl_use_sim.yaml
[0.954s] -- Up-to-date symlink: /home/ahmed/project_ws/install/tito/share/tito/config/gazebo_params.yaml
[0.954s] -- Up-to-date symlink: /home/ahmed/project_ws/install/tito/share/tito/config/my_controllers.yaml
[0.954s] -- Up-to-date symlink: /home/ahmed/project_ws/install/tito/share/tito/config/view_bot.rviz
[0.954s] -- Up-to-date symlink: /home/ahmed/project_ws/install/tito/share/tito/description/camera.xacro
[0.954s] -- Up-to-date symlink: /home/ahmed/project_ws/install/tito/share/tito/description/gazebo_control.xacro
[0.954s] -- Up-to-date symlink: /home/ahmed/project_ws/install/tito/share/tito/description/inertial_macros.xacro
[0.955s] -- Up-to-date symlink: /home/ahmed/project_ws/install/tito/share/tito/description/lidar.xacro
[0.955s] -- Up-to-date symlink: /home/ahmed/project_ws/install/tito/share/tito/description/robot.urdf.xacro
[0.955s] -- Up-to-date symlink: /home/ahmed/project_ws/install/tito/share/tito/description/robot_core.xacro
[0.955s] -- Up-to-date symlink: /home/ahmed/project_ws/install/tito/share/tito/description/ros2_control.xacro
[0.955s] -- Up-to-date symlink: /home/ahmed/project_ws/install/tito/share/tito/launch/launch_sim.launch.py
[0.955s] -- Up-to-date symlink: /home/ahmed/project_ws/install/tito/share/tito/launch/rsp.launch.py
[0.955s] -- Up-to-date symlink: /home/ahmed/project_ws/install/tito/share/tito/meshes/LB_Link.STL
[0.955s] -- Up-to-date symlink: /home/ahmed/project_ws/install/tito/share/tito/meshes/LF_Link.STL
[0.956s] -- Up-to-date symlink: /home/ahmed/project_ws/install/tito/share/tito/meshes/RB_Link.STL
[0.956s] -- Up-to-date symlink: /home/ahmed/project_ws/install/tito/share/tito/meshes/RF_Link.STL
[0.956s] -- Up-to-date symlink: /home/ahmed/project_ws/install/tito/share/tito/meshes/base_link.STL
[0.956s] -- Up-to-date symlink: /home/ahmed/project_ws/install/tito/share/tito/worlds/empty.world
[0.956s] -- Up-to-date symlink: /home/ahmed/project_ws/install/tito/share/ament_index/resource_index/package_run_dependencies/tito
[0.956s] -- Up-to-date symlink: /home/ahmed/project_ws/install/tito/share/ament_index/resource_index/parent_prefix_path/tito
[0.957s] -- Up-to-date symlink: /home/ahmed/project_ws/install/tito/share/tito/environment/ament_prefix_path.sh
[0.957s] -- Up-to-date symlink: /home/ahmed/project_ws/install/tito/share/tito/environment/ament_prefix_path.dsv
[0.957s] -- Up-to-date symlink: /home/ahmed/project_ws/install/tito/share/tito/environment/path.sh
[0.957s] -- Up-to-date symlink: /home/ahmed/project_ws/install/tito/share/tito/environment/path.dsv
[0.957s] -- Up-to-date symlink: /home/ahmed/project_ws/install/tito/share/tito/local_setup.bash
[0.957s] -- Up-to-date symlink: /home/ahmed/project_ws/install/tito/share/tito/local_setup.sh
[0.958s] -- Up-to-date symlink: /home/ahmed/project_ws/install/tito/share/tito/local_setup.zsh
[0.958s] -- Up-to-date symlink: /home/ahmed/project_ws/install/tito/share/tito/local_setup.dsv
[0.958s] -- Symlinking: /home/ahmed/project_ws/install/tito/share/tito/package.dsv
[0.964s] -- Up-to-date symlink: /home/ahmed/project_ws/install/tito/share/ament_index/resource_index/packages/tito
[0.964s] -- Up-to-date symlink: /home/ahmed/project_ws/install/tito/share/tito/cmake/titoConfig.cmake
[0.964s] -- Up-to-date symlink: /home/ahmed/project_ws/install/tito/share/tito/cmake/titoConfig-version.cmake
[0.964s] -- Up-to-date symlink: /home/ahmed/project_ws/install/tito/share/tito/package.xml
[0.965s] Invoked command in '/home/ahmed/project_ws/build/tito' returned '0': CMAKE_PREFIX_PATH=/home/ahmed/colcon_ws/install/turtlebot3_teleop:/home/ahmed/colcon_ws/install/turtlebot3_example:/home/ahmed/colcon_ws/install/my_first_package:/opt/ros/foxy /usr/bin/cmake --install /home/ahmed/project_ws/build/tito
