[6.769s] DEBUG:colcon:Command line arguments: ['/usr/bin/colcon', 'build']
[6.769s] DEBUG:colcon:Parsed command line arguments: Namespace(allow_overriding=[], ament_cmake_args=None, base_paths=['.'], build_base='build', catkin_cmake_args=None, catkin_skip_building_tests=False, cmake_args=None, cmake_clean_cache=False, cmake_clean_first=False, cmake_force_configure=False, cmake_target=None, cmake_target_skip_unavailable=False, continue_on_error=False, event_handlers=None, executor='parallel', ignore_user_meta=False, install_base='install', log_base=None, log_level=None, main=<bound method BuildVerb.main of <colcon_core.verb.build.BuildVerb object at 0x7f768e472580>>, merge_install=False, metas=['./colcon.meta'], mixin=None, mixin_files=None, mixin_verb=('build',), packages_above=None, packages_above_and_dependencies=None, packages_above_depth=None, packages_end=None, packages_ignore=None, packages_ignore_regex=None, packages_select=None, packages_select_build_failed=False, packages_select_by_dep=None, packages_select_regex=None, packages_select_test_failures=False, packages_skip=None, packages_skip_build_finished=False, packages_skip_by_dep=None, packages_skip_regex=None, packages_skip_test_passed=False, packages_skip_up_to=None, packages_start=None, packages_up_to=None, packages_up_to_regex=None, parallel_workers=12, paths=None, symlink_install=False, test_result_base=None, verb_extension=<colcon_core.verb.build.BuildVerb object at 0x7f768e472580>, verb_name='build', verb_parser=<colcon_mixin.mixin.mixin_argument.MixinArgumentDecorator object at 0x7f768e06bc70>)
[6.989s] Level 1:colcon.colcon_core.package_discovery:discover_packages(colcon_meta) check parameters
[6.990s] Level 1:colcon.colcon_core.package_discovery:discover_packages(recursive) check parameters
[6.990s] Level 1:colcon.colcon_core.package_discovery:discover_packages(ignore) check parameters
[6.990s] Level 1:colcon.colcon_core.package_discovery:discover_packages(path) check parameters
[6.990s] Level 1:colcon.colcon_core.package_discovery:discover_packages(colcon_meta) discover
[6.990s] Level 1:colcon.colcon_core.package_discovery:discover_packages(recursive) discover
[6.990s] INFO:colcon.colcon_core.package_discovery:Crawling recursively for packages in '/home/ahmed/project_ws'
[6.990s] Level 1:colcon.colcon_core.package_identification:_identify(.) by extensions ['ignore', 'ignore_ament_install']
[6.990s] Level 1:colcon.colcon_core.package_identification:_identify(.) by extension 'ignore'
[6.990s] Level 1:colcon.colcon_core.package_identification:_identify(.) by extension 'ignore_ament_install'
[6.991s] Level 1:colcon.colcon_core.package_identification:_identify(.) by extensions ['colcon_pkg']
[6.991s] Level 1:colcon.colcon_core.package_identification:_identify(.) by extension 'colcon_pkg'
[6.991s] Level 1:colcon.colcon_core.package_identification:_identify(.) by extensions ['colcon_meta']
[6.991s] Level 1:colcon.colcon_core.package_identification:_identify(.) by extension 'colcon_meta'
[6.991s] Level 1:colcon.colcon_core.package_identification:_identify(.) by extensions ['ros']
[6.991s] Level 1:colcon.colcon_core.package_identification:_identify(.) by extension 'ros'
[7.011s] Level 1:colcon.colcon_core.package_identification:_identify(.) by extensions ['cmake', 'python']
[7.011s] Level 1:colcon.colcon_core.package_identification:_identify(.) by extension 'cmake'
[7.011s] Level 1:colcon.colcon_core.package_identification:_identify(.) by extension 'python'
[7.011s] Level 1:colcon.colcon_core.package_identification:_identify(.) by extensions ['python_setup_py']
[7.011s] Level 1:colcon.colcon_core.package_identification:_identify(.) by extension 'python_setup_py'
[7.012s] Level 1:colcon.colcon_core.package_identification:_identify(build) by extensions ['ignore', 'ignore_ament_install']
[7.012s] Level 1:colcon.colcon_core.package_identification:_identify(build) by extension 'ignore'
[7.012s] Level 1:colcon.colcon_core.package_identification:_identify(build) ignored
[7.012s] Level 1:colcon.colcon_core.package_identification:_identify(install) by extensions ['ignore', 'ignore_ament_install']
[7.012s] Level 1:colcon.colcon_core.package_identification:_identify(install) by extension 'ignore'
[7.012s] Level 1:colcon.colcon_core.package_identification:_identify(install) ignored
[7.013s] Level 1:colcon.colcon_core.package_identification:_identify(log) by extensions ['ignore', 'ignore_ament_install']
[7.013s] Level 1:colcon.colcon_core.package_identification:_identify(log) by extension 'ignore'
[7.013s] Level 1:colcon.colcon_core.package_identification:_identify(log) ignored
[7.013s] Level 1:colcon.colcon_core.package_identification:_identify(src) by extensions ['ignore', 'ignore_ament_install']
[7.013s] Level 1:colcon.colcon_core.package_identification:_identify(src) by extension 'ignore'
[7.013s] Level 1:colcon.colcon_core.package_identification:_identify(src) by extension 'ignore_ament_install'
[7.013s] Level 1:colcon.colcon_core.package_identification:_identify(src) by extensions ['colcon_pkg']
[7.013s] Level 1:colcon.colcon_core.package_identification:_identify(src) by extension 'colcon_pkg'
[7.014s] Level 1:colcon.colcon_core.package_identification:_identify(src) by extensions ['colcon_meta']
[7.014s] Level 1:colcon.colcon_core.package_identification:_identify(src) by extension 'colcon_meta'
[7.014s] Level 1:colcon.colcon_core.package_identification:_identify(src) by extensions ['ros']
[7.014s] Level 1:colcon.colcon_core.package_identification:_identify(src) by extension 'ros'
[7.014s] Level 1:colcon.colcon_core.package_identification:_identify(src) by extensions ['cmake', 'python']
[7.014s] Level 1:colcon.colcon_core.package_identification:_identify(src) by extension 'cmake'
[7.014s] Level 1:colcon.colcon_core.package_identification:_identify(src) by extension 'python'
[7.014s] Level 1:colcon.colcon_core.package_identification:_identify(src) by extensions ['python_setup_py']
[7.014s] Level 1:colcon.colcon_core.package_identification:_identify(src) by extension 'python_setup_py'
[7.014s] Level 1:colcon.colcon_core.package_identification:_identify(src/tito) by extensions ['ignore', 'ignore_ament_install']
[7.014s] Level 1:colcon.colcon_core.package_identification:_identify(src/tito) by extension 'ignore'
[7.015s] Level 1:colcon.colcon_core.package_identification:_identify(src/tito) by extension 'ignore_ament_install'
[7.015s] Level 1:colcon.colcon_core.package_identification:_identify(src/tito) by extensions ['colcon_pkg']
[7.015s] Level 1:colcon.colcon_core.package_identification:_identify(src/tito) by extension 'colcon_pkg'
[7.015s] Level 1:colcon.colcon_core.package_identification:_identify(src/tito) by extensions ['colcon_meta']
[7.015s] Level 1:colcon.colcon_core.package_identification:_identify(src/tito) by extension 'colcon_meta'
[7.015s] Level 1:colcon.colcon_core.package_identification:_identify(src/tito) by extensions ['ros']
[7.015s] Level 1:colcon.colcon_core.package_identification:_identify(src/tito) by extension 'ros'
[7.019s] DEBUG:colcon.colcon_core.package_identification:Package 'src/tito' with type 'ros.ament_cmake' and name 'tito'
[7.019s] Level 1:colcon.colcon_core.package_discovery:discover_packages(recursive) using defaults
[7.019s] Level 1:colcon.colcon_core.package_discovery:discover_packages(ignore) discover
[7.019s] Level 1:colcon.colcon_core.package_discovery:discover_packages(ignore) using defaults
[7.019s] Level 1:colcon.colcon_core.package_discovery:discover_packages(path) discover
[7.019s] Level 1:colcon.colcon_core.package_discovery:discover_packages(path) using defaults
[7.489s] Level 1:colcon.colcon_core.package_discovery:discover_packages(prefix_path) check parameters
[7.489s] Level 1:colcon.colcon_core.package_discovery:discover_packages(prefix_path) discover
[7.660s] DEBUG:colcon.colcon_installed_package_information.package_discovery:Found 1 installed packages in /home/ahmed/project_ws/install
[7.747s] DEBUG:colcon.colcon_installed_package_information.package_discovery:Found 5 installed packages in /home/ahmed/colcon_ws/install
[7.838s] DEBUG:colcon.colcon_installed_package_information.package_discovery:Found 375 installed packages in /opt/ros/foxy
[7.843s] Level 1:colcon.colcon_core.package_discovery:discover_packages(prefix_path) using defaults
[8.214s] Level 5:colcon.colcon_core.verb:set package 'tito' build argument 'cmake_args' from command line to 'None'
[8.214s] Level 5:colcon.colcon_core.verb:set package 'tito' build argument 'cmake_target' from command line to 'None'
[8.215s] Level 5:colcon.colcon_core.verb:set package 'tito' build argument 'cmake_target_skip_unavailable' from command line to 'False'
[8.215s] Level 5:colcon.colcon_core.verb:set package 'tito' build argument 'cmake_clean_cache' from command line to 'False'
[8.215s] Level 5:colcon.colcon_core.verb:set package 'tito' build argument 'cmake_clean_first' from command line to 'False'
[8.215s] Level 5:colcon.colcon_core.verb:set package 'tito' build argument 'cmake_force_configure' from command line to 'False'
[8.215s] Level 5:colcon.colcon_core.verb:set package 'tito' build argument 'ament_cmake_args' from command line to 'None'
[8.215s] Level 5:colcon.colcon_core.verb:set package 'tito' build argument 'catkin_cmake_args' from command line to 'None'
[8.215s] Level 5:colcon.colcon_core.verb:set package 'tito' build argument 'catkin_skip_building_tests' from command line to 'False'
[8.215s] DEBUG:colcon.colcon_core.verb:Building package 'tito' with the following arguments: {'ament_cmake_args': None, 'build_base': '/home/ahmed/project_ws/build/tito', 'catkin_cmake_args': None, 'catkin_skip_building_tests': False, 'cmake_args': None, 'cmake_clean_cache': False, 'cmake_clean_first': False, 'cmake_force_configure': False, 'cmake_target': None, 'cmake_target_skip_unavailable': False, 'install_base': '/home/ahmed/project_ws/install/tito', 'merge_install': False, 'path': '/home/ahmed/project_ws/src/tito', 'symlink_install': False, 'test_result_base': None}
[8.303s] INFO:colcon.colcon_core.executor:Executing jobs using 'parallel' executor
[8.394s] DEBUG:colcon.colcon_parallel_executor.executor.parallel:run_until_complete
[8.394s] INFO:colcon.colcon_ros.task.ament_cmake.build:Building ROS package in '/home/ahmed/project_ws/src/tito' with build type 'ament_cmake'
[8.395s] INFO:colcon.colcon_cmake.task.cmake.build:Building CMake package in '/home/ahmed/project_ws/src/tito'
[8.485s] INFO:colcon.colcon_core.plugin_system:Skipping extension 'colcon_core.shell.bat': Not used on non-Windows systems
[8.486s] INFO:colcon.colcon_core.shell:Skip shell extension 'powershell' for command environment: Not usable outside of PowerShell
[8.486s] DEBUG:colcon.colcon_core.shell:Skip shell extension 'dsv' for command environment
[8.858s] DEBUG:colcon.colcon_core.event_handler.log_command:Invoking command in '/home/ahmed/project_ws/build/tito': CMAKE_PREFIX_PATH=${CMAKE_PREFIX_PATH}:/home/ahmed/colcon_ws/install/turtlebot3_teleop:/home/ahmed/colcon_ws/install/turtlebot3_example:/home/ahmed/colcon_ws/install/my_first_package:/opt/ros/foxy /usr/bin/cmake --build /home/ahmed/project_ws/build/tito -- -j12 -l12
[8.948s] DEBUG:colcon.colcon_core.event_handler.log_command:Invoked command in '/home/ahmed/project_ws/build/tito' returned '0': CMAKE_PREFIX_PATH=${CMAKE_PREFIX_PATH}:/home/ahmed/colcon_ws/install/turtlebot3_teleop:/home/ahmed/colcon_ws/install/turtlebot3_example:/home/ahmed/colcon_ws/install/my_first_package:/opt/ros/foxy /usr/bin/cmake --build /home/ahmed/project_ws/build/tito -- -j12 -l12
[9.020s] DEBUG:colcon.colcon_core.event_handler.log_command:Invoking command in '/home/ahmed/project_ws/build/tito': CMAKE_PREFIX_PATH=${CMAKE_PREFIX_PATH}:/home/ahmed/colcon_ws/install/turtlebot3_teleop:/home/ahmed/colcon_ws/install/turtlebot3_example:/home/ahmed/colcon_ws/install/my_first_package:/opt/ros/foxy /usr/bin/cmake --install /home/ahmed/project_ws/build/tito
[9.065s] Level 1:colcon.colcon_core.environment:create_environment_scripts_only(tito)
[9.067s] DEBUG:colcon.colcon_core.event_handler.log_command:Invoked command in '/home/ahmed/project_ws/build/tito' returned '0': CMAKE_PREFIX_PATH=${CMAKE_PREFIX_PATH}:/home/ahmed/colcon_ws/install/turtlebot3_teleop:/home/ahmed/colcon_ws/install/turtlebot3_example:/home/ahmed/colcon_ws/install/my_first_package:/opt/ros/foxy /usr/bin/cmake --install /home/ahmed/project_ws/build/tito
[9.163s] Level 1:colcon.colcon_core.environment:checking '/home/ahmed/project_ws/install/tito' for CMake module files
[9.164s] Level 1:colcon.colcon_core.environment:checking '/home/ahmed/project_ws/install/tito' for CMake config files
[9.165s] Level 1:colcon.colcon_core.shell:create_environment_hook('tito', 'cmake_prefix_path')
[9.255s] INFO:colcon.colcon_core.shell:Creating environment hook '/home/ahmed/project_ws/install/tito/share/tito/hook/cmake_prefix_path.ps1'
[9.256s] INFO:colcon.colcon_core.shell:Creating environment descriptor '/home/ahmed/project_ws/install/tito/share/tito/hook/cmake_prefix_path.dsv'
[9.257s] INFO:colcon.colcon_core.shell:Creating environment hook '/home/ahmed/project_ws/install/tito/share/tito/hook/cmake_prefix_path.sh'
[9.258s] Level 1:colcon.colcon_core.environment:checking '/home/ahmed/project_ws/install/tito/bin'
[9.258s] Level 1:colcon.colcon_core.environment:checking '/home/ahmed/project_ws/install/tito/lib/pkgconfig/tito.pc'
[9.259s] Level 1:colcon.colcon_core.environment:checking '/home/ahmed/project_ws/install/tito/lib/python3.8/site-packages'
[9.259s] Level 1:colcon.colcon_core.environment:checking '/home/ahmed/project_ws/install/tito/bin'
[9.349s] INFO:colcon.colcon_core.shell:Creating package script '/home/ahmed/project_ws/install/tito/share/tito/package.ps1'
[9.352s] INFO:colcon.colcon_core.shell:Creating package descriptor '/home/ahmed/project_ws/install/tito/share/tito/package.dsv'
[9.354s] INFO:colcon.colcon_core.shell:Creating package script '/home/ahmed/project_ws/install/tito/share/tito/package.sh'
[9.355s] INFO:colcon.colcon_core.shell:Creating package script '/home/ahmed/project_ws/install/tito/share/tito/package.bash'
[9.356s] INFO:colcon.colcon_core.shell:Creating package script '/home/ahmed/project_ws/install/tito/share/tito/package.zsh'
[9.357s] Level 1:colcon.colcon_core.environment:create_file_with_runtime_dependencies(/home/ahmed/project_ws/install/tito/share/colcon-core/packages/tito)
[9.511s] Level 1:colcon.colcon_core.environment:create_environment_scripts_only(tito)
[9.598s] Level 1:colcon.colcon_core.environment:checking '/home/ahmed/project_ws/install/tito' for CMake module files
[9.599s] Level 1:colcon.colcon_core.environment:checking '/home/ahmed/project_ws/install/tito' for CMake config files
[9.600s] Level 1:colcon.colcon_core.shell:create_environment_hook('tito', 'cmake_prefix_path')
[9.690s] INFO:colcon.colcon_core.shell:Creating environment hook '/home/ahmed/project_ws/install/tito/share/tito/hook/cmake_prefix_path.ps1'
[9.693s] INFO:colcon.colcon_core.shell:Creating environment descriptor '/home/ahmed/project_ws/install/tito/share/tito/hook/cmake_prefix_path.dsv'
[9.693s] INFO:colcon.colcon_core.shell:Creating environment hook '/home/ahmed/project_ws/install/tito/share/tito/hook/cmake_prefix_path.sh'
[9.695s] Level 1:colcon.colcon_core.environment:checking '/home/ahmed/project_ws/install/tito/bin'
[9.695s] Level 1:colcon.colcon_core.environment:checking '/home/ahmed/project_ws/install/tito/lib/pkgconfig/tito.pc'
[9.696s] Level 1:colcon.colcon_core.environment:checking '/home/ahmed/project_ws/install/tito/lib/python3.8/site-packages'
[9.696s] Level 1:colcon.colcon_core.environment:checking '/home/ahmed/project_ws/install/tito/bin'
[9.784s] INFO:colcon.colcon_core.shell:Creating package script '/home/ahmed/project_ws/install/tito/share/tito/package.ps1'
[9.785s] INFO:colcon.colcon_core.shell:Creating package descriptor '/home/ahmed/project_ws/install/tito/share/tito/package.dsv'
[9.786s] INFO:colcon.colcon_core.shell:Creating package script '/home/ahmed/project_ws/install/tito/share/tito/package.sh'
[9.787s] INFO:colcon.colcon_core.shell:Creating package script '/home/ahmed/project_ws/install/tito/share/tito/package.bash'
[9.787s] INFO:colcon.colcon_core.shell:Creating package script '/home/ahmed/project_ws/install/tito/share/tito/package.zsh'
[9.788s] Level 1:colcon.colcon_core.environment:create_file_with_runtime_dependencies(/home/ahmed/project_ws/install/tito/share/colcon-core/packages/tito)
[9.788s] DEBUG:colcon.colcon_parallel_executor.executor.parallel:closing loop
[9.789s] DEBUG:colcon.colcon_parallel_executor.executor.parallel:loop closed
[9.789s] DEBUG:colcon.colcon_parallel_executor.executor.parallel:run_until_complete finished with '0'
[9.790s] DEBUG:colcon.colcon_core.event_reactor:joining thread
[9.883s] INFO:colcon.colcon_core.plugin_system:Skipping extension 'colcon_notification.desktop_notification.terminal_notifier': Not used on non-Darwin systems
[9.884s] INFO:colcon.colcon_core.plugin_system:Skipping extension 'colcon_notification.desktop_notification.win32': Not used on non-Windows systems
[9.884s] INFO:colcon.colcon_notification.desktop_notification:Sending desktop notification using 'notify2'
[10.235s] DEBUG:colcon.colcon_core.event_reactor:joined thread
[10.324s] INFO:colcon.colcon_core.shell:Creating prefix script '/home/ahmed/project_ws/install/local_setup.ps1'
[10.328s] INFO:colcon.colcon_core.shell:Creating prefix util module '/home/ahmed/project_ws/install/_local_setup_util_ps1.py'
[10.331s] INFO:colcon.colcon_core.shell:Creating prefix chain script '/home/ahmed/project_ws/install/setup.ps1'
[10.424s] INFO:colcon.colcon_core.shell:Creating prefix script '/home/ahmed/project_ws/install/local_setup.sh'
[10.425s] INFO:colcon.colcon_core.shell:Creating prefix util module '/home/ahmed/project_ws/install/_local_setup_util_sh.py'
[10.426s] INFO:colcon.colcon_core.shell:Creating prefix chain script '/home/ahmed/project_ws/install/setup.sh'
[10.517s] INFO:colcon.colcon_core.shell:Creating prefix script '/home/ahmed/project_ws/install/local_setup.bash'
[10.517s] INFO:colcon.colcon_core.shell:Creating prefix chain script '/home/ahmed/project_ws/install/setup.bash'
[10.609s] INFO:colcon.colcon_core.shell:Creating prefix script '/home/ahmed/project_ws/install/local_setup.zsh'
[10.610s] INFO:colcon.colcon_core.shell:Creating prefix chain script '/home/ahmed/project_ws/install/setup.zsh'
