-- Install configuration: ""
-- Up-to-date: /home/ahmed/project_ws/install/tito/share/tito/config
-- Up-to-date: /home/ahmed/project_ws/install/tito/share/tito/config/empty.yaml
-- Up-to-date: /home/ahmed/project_ws/install/tito/share/tito/description
-- Up-to-date: /home/ahmed/project_ws/install/tito/share/tito/description/inertial_macros.xacro
-- Up-to-date: /home/ahmed/project_ws/install/tito/share/tito/description/robot.urdf.xacro
-- Installing: /home/ahmed/project_ws/install/tito/share/tito/description/robot_core.xacro
-- Up-to-date: /home/ahmed/project_ws/install/tito/share/tito/launch
-- Up-to-date: /home/ahmed/project_ws/install/tito/share/tito/launch/rsp.launch.py
-- Up-to-date: /home/ahmed/project_ws/install/tito/share/tito/worlds
-- Up-to-date: /home/ahmed/project_ws/install/tito/share/tito/worlds/empty.world
-- Up-to-date: /home/ahmed/project_ws/install/tito/share/ament_index/resource_index/package_run_dependencies/tito
-- Up-to-date: /home/ahmed/project_ws/install/tito/share/ament_index/resource_index/parent_prefix_path/tito
-- Up-to-date: /home/ahmed/project_ws/install/tito/share/tito/environment/ament_prefix_path.sh
-- Up-to-date: /home/ahmed/project_ws/install/tito/share/tito/environment/ament_prefix_path.dsv
-- Up-to-date: /home/ahmed/project_ws/install/tito/share/tito/environment/path.sh
-- Up-to-date: /home/ahmed/project_ws/install/tito/share/tito/environment/path.dsv
-- Up-to-date: /home/ahmed/project_ws/install/tito/share/tito/local_setup.bash
-- Up-to-date: /home/ahmed/project_ws/install/tito/share/tito/local_setup.sh
-- Up-to-date: /home/ahmed/project_ws/install/tito/share/tito/local_setup.zsh
-- Up-to-date: /home/ahmed/project_ws/install/tito/share/tito/local_setup.dsv
-- Up-to-date: /home/ahmed/project_ws/install/tito/share/tito/package.dsv
-- Up-to-date: /home/ahmed/project_ws/install/tito/share/ament_index/resource_index/packages/tito
-- Up-to-date: /home/ahmed/project_ws/install/tito/share/tito/cmake/titoConfig.cmake
-- Up-to-date: /home/ahmed/project_ws/install/tito/share/tito/cmake/titoConfig-version.cmake
-- Up-to-date: /home/ahmed/project_ws/install/tito/share/tito/package.xml
