-- Install configuration: ""
-- Execute custom install script
-- Up-to-date symlink: /home/ahmed/project_ws/install/tito/share/tito/config/empty.yaml
-- Up-to-date symlink: /home/ahmed/project_ws/install/tito/share/tito/description/inertial_macros.xacro
-- Up-to-date symlink: /home/ahmed/project_ws/install/tito/share/tito/description/robot.urdf.xacro
-- Up-to-date symlink: /home/ahmed/project_ws/install/tito/share/tito/description/robot_core.xacro
-- Up-to-date symlink: /home/ahmed/project_ws/install/tito/share/tito/launch/rsp.launch.py
-- Up-to-date symlink: /home/ahmed/project_ws/install/tito/share/tito/meshes/base_link.STL
-- Symlinking: /home/ahmed/project_ws/install/tito/share/tito/meshes/left1_Link.STL
-- Symlinking: /home/ahmed/project_ws/install/tito/share/tito/meshes/left2_Link.STL
-- Symlinking: /home/ahmed/project_ws/install/tito/share/tito/meshes/right1_Link.STL
-- Symlinking: /home/ahmed/project_ws/install/tito/share/tito/meshes/right2_Link.STL
-- Up-to-date symlink: /home/ahmed/project_ws/install/tito/share/tito/worlds/empty.world
-- Up-to-date symlink: /home/ahmed/project_ws/install/tito/share/ament_index/resource_index/package_run_dependencies/tito
-- Up-to-date symlink: /home/ahmed/project_ws/install/tito/share/ament_index/resource_index/parent_prefix_path/tito
-- Up-to-date symlink: /home/ahmed/project_ws/install/tito/share/tito/environment/ament_prefix_path.sh
-- Up-to-date symlink: /home/ahmed/project_ws/install/tito/share/tito/environment/ament_prefix_path.dsv
-- Up-to-date symlink: /home/ahmed/project_ws/install/tito/share/tito/environment/path.sh
-- Up-to-date symlink: /home/ahmed/project_ws/install/tito/share/tito/environment/path.dsv
-- Up-to-date symlink: /home/ahmed/project_ws/install/tito/share/tito/local_setup.bash
-- Up-to-date symlink: /home/ahmed/project_ws/install/tito/share/tito/local_setup.sh
-- Up-to-date symlink: /home/ahmed/project_ws/install/tito/share/tito/local_setup.zsh
-- Up-to-date symlink: /home/ahmed/project_ws/install/tito/share/tito/local_setup.dsv
-- Symlinking: /home/ahmed/project_ws/install/tito/share/tito/package.dsv
-- Up-to-date symlink: /home/ahmed/project_ws/install/tito/share/ament_index/resource_index/packages/tito
-- Up-to-date symlink: /home/ahmed/project_ws/install/tito/share/tito/cmake/titoConfig.cmake
-- Up-to-date symlink: /home/ahmed/project_ws/install/tito/share/tito/cmake/titoConfig-version.cmake
-- Up-to-date symlink: /home/ahmed/project_ws/install/tito/share/tito/package.xml
