[0.214s] Invoking command in '/home/ahmed/project_ws/build/tito': CMAKE_PREFIX_PATH=/home/ahmed/colcon_ws/install/turtlebot3_teleop:/home/ahmed/colcon_ws/install/turtlebot3_example:/home/ahmed/colcon_ws/install/my_first_package:/opt/ros/foxy /usr/bin/cmake /home/ahmed/project_ws/src/tito -DCMAKE_INSTALL_PREFIX=/home/ahmed/project_ws/install/tito
[1.459s] -- Found ament_cmake: 0.9.12 (/opt/ros/foxy/share/ament_cmake/cmake)
[1.545s] -- Using PYTHON_EXECUTABLE: /usr/bin/python3
[1.777s] -- Override CMake install command with custom implementation using symlinks instead of copying resources
[1.977s] -- Found ament_lint_auto: 0.9.8 (/opt/ros/foxy/share/ament_lint_auto/cmake)
[2.179s] -- Added test 'copyright' to check source files copyright and LICENSE
[3.970s] -- Added test 'flake8' to check Python code syntax and style conventions
[3.971s] -- Added test 'lint_cmake' to check CMake code style
[3.972s] -- Added test 'pep257' to check Python code against some of the style conventions in PEP 257
[3.977s] -- Added test 'xmllint' to check XML markup files
[3.979s] -- Configuring done
[4.075s] -- Generating done
[4.078s] -- Build files have been written to: /home/ahmed/project_ws/build/tito
[4.198s] Invoked command in '/home/ahmed/project_ws/build/tito' returned '0': CMAKE_PREFIX_PATH=/home/ahmed/colcon_ws/install/turtlebot3_teleop:/home/ahmed/colcon_ws/install/turtlebot3_example:/home/ahmed/colcon_ws/install/my_first_package:/opt/ros/foxy /usr/bin/cmake /home/ahmed/project_ws/src/tito -DCMAKE_INSTALL_PREFIX=/home/ahmed/project_ws/install/tito
[4.207s] Invoking command in '/home/ahmed/project_ws/build/tito': CMAKE_PREFIX_PATH=/home/ahmed/colcon_ws/install/turtlebot3_teleop:/home/ahmed/colcon_ws/install/turtlebot3_example:/home/ahmed/colcon_ws/install/my_first_package:/opt/ros/foxy /usr/bin/cmake --build /home/ahmed/project_ws/build/tito -- -j12 -l12
[4.257s] Invoked command in '/home/ahmed/project_ws/build/tito' returned '0': CMAKE_PREFIX_PATH=/home/ahmed/colcon_ws/install/turtlebot3_teleop:/home/ahmed/colcon_ws/install/turtlebot3_example:/home/ahmed/colcon_ws/install/my_first_package:/opt/ros/foxy /usr/bin/cmake --build /home/ahmed/project_ws/build/tito -- -j12 -l12
[4.286s] Invoking command in '/home/ahmed/project_ws/build/tito': CMAKE_PREFIX_PATH=/home/ahmed/colcon_ws/install/turtlebot3_teleop:/home/ahmed/colcon_ws/install/turtlebot3_example:/home/ahmed/colcon_ws/install/my_first_package:/opt/ros/foxy /usr/bin/cmake --install /home/ahmed/project_ws/build/tito
[4.293s] -- Install configuration: ""
[4.294s] -- Execute custom install script
[4.350s] -- Up-to-date symlink: /home/ahmed/project_ws/install/tito/share/tito/config/empty.yaml
[4.351s] -- Up-to-date symlink: /home/ahmed/project_ws/install/tito/share/tito/config/my_controllers.yaml
[4.352s] -- Up-to-date symlink: /home/ahmed/project_ws/install/tito/share/tito/config/view_bot.rviz
[4.353s] -- Up-to-date symlink: /home/ahmed/project_ws/install/tito/share/tito/description/camera.xacro
[4.385s] -- Up-to-date symlink: /home/ahmed/project_ws/install/tito/share/tito/description/gazebo_control.xacro
[4.386s] -- Up-to-date symlink: /home/ahmed/project_ws/install/tito/share/tito/description/inertial_macros.xacro
[4.386s] -- Up-to-date symlink: /home/ahmed/project_ws/install/tito/share/tito/description/lidar.xacro
[4.417s] -- Up-to-date symlink: /home/ahmed/project_ws/install/tito/share/tito/description/robot.urdf.xacro
[4.418s] -- Up-to-date symlink: /home/ahmed/project_ws/install/tito/share/tito/description/robot_core.xacro
[4.428s] -- Up-to-date symlink: /home/ahmed/project_ws/install/tito/share/tito/description/ros2_control.xacro
[4.430s] -- Up-to-date symlink: /home/ahmed/project_ws/install/tito/share/tito/launch/launch_sim.launch.py
[4.431s] -- Up-to-date symlink: /home/ahmed/project_ws/install/tito/share/tito/launch/rsp.launch.py
[4.444s] -- Up-to-date symlink: /home/ahmed/project_ws/install/tito/share/tito/meshes/LB_Link.STL
[4.445s] -- Up-to-date symlink: /home/ahmed/project_ws/install/tito/share/tito/meshes/LF_Link.STL
[4.445s] -- Up-to-date symlink: /home/ahmed/project_ws/install/tito/share/tito/meshes/RB_Link.STL
[4.446s] -- Up-to-date symlink: /home/ahmed/project_ws/install/tito/share/tito/meshes/RF_Link.STL
[4.446s] -- Up-to-date symlink: /home/ahmed/project_ws/install/tito/share/tito/meshes/base_link.STL
[4.447s] -- Up-to-date symlink: /home/ahmed/project_ws/install/tito/share/tito/worlds/empty.world
[4.449s] -- Up-to-date symlink: /home/ahmed/project_ws/install/tito/share/ament_index/resource_index/package_run_dependencies/tito
[4.450s] -- Up-to-date symlink: /home/ahmed/project_ws/install/tito/share/ament_index/resource_index/parent_prefix_path/tito
[4.451s] -- Up-to-date symlink: /home/ahmed/project_ws/install/tito/share/tito/environment/ament_prefix_path.sh
[4.452s] -- Up-to-date symlink: /home/ahmed/project_ws/install/tito/share/tito/environment/ament_prefix_path.dsv
[4.453s] -- Up-to-date symlink: /home/ahmed/project_ws/install/tito/share/tito/environment/path.sh
[4.455s] -- Up-to-date symlink: /home/ahmed/project_ws/install/tito/share/tito/environment/path.dsv
[4.455s] -- Up-to-date symlink: /home/ahmed/project_ws/install/tito/share/tito/local_setup.bash
[4.456s] -- Up-to-date symlink: /home/ahmed/project_ws/install/tito/share/tito/local_setup.sh
[4.463s] -- Up-to-date symlink: /home/ahmed/project_ws/install/tito/share/tito/local_setup.zsh
[4.464s] -- Up-to-date symlink: /home/ahmed/project_ws/install/tito/share/tito/local_setup.dsv
[4.465s] -- Symlinking: /home/ahmed/project_ws/install/tito/share/tito/package.dsv
[4.476s] -- Up-to-date symlink: /home/ahmed/project_ws/install/tito/share/ament_index/resource_index/packages/tito
[4.477s] -- Up-to-date symlink: /home/ahmed/project_ws/install/tito/share/tito/cmake/titoConfig.cmake
[4.477s] -- Up-to-date symlink: /home/ahmed/project_ws/install/tito/share/tito/cmake/titoConfig-version.cmake
[4.477s] -- Up-to-date symlink: /home/ahmed/project_ws/install/tito/share/tito/package.xml
[4.478s] Invoked command in '/home/ahmed/project_ws/build/tito' returned '0': CMAKE_PREFIX_PATH=/home/ahmed/colcon_ws/install/turtlebot3_teleop:/home/ahmed/colcon_ws/install/turtlebot3_example:/home/ahmed/colcon_ws/install/my_first_package:/opt/ros/foxy /usr/bin/cmake --install /home/ahmed/project_ws/build/tito
