-- Install configuration: ""
-- Execute custom install script
-- Up-to-date symlink: /home/ahmed/project_ws/install/tito/share/tito/config/empty.yaml
-- Up-to-date symlink: /home/ahmed/project_ws/install/tito/share/tito/config/gaz_ros2_ctl_use_sim.yaml
-- Up-to-date symlink: /home/ahmed/project_ws/install/tito/share/tito/config/gazebo_params.yaml
-- Up-to-date symlink: /home/ahmed/project_ws/install/tito/share/tito/config/joystick.yaml
-- Up-to-date symlink: /home/ahmed/project_ws/install/tito/share/tito/config/mapper_params_online_async.yaml
-- Up-to-date symlink: /home/ahmed/project_ws/install/tito/share/tito/config/my_controllers.yaml
-- Up-to-date symlink: /home/ahmed/project_ws/install/tito/share/tito/config/view_bot.rviz
-- Up-to-date symlink: /home/ahmed/project_ws/install/tito/share/tito/description/camera.xacro
-- Up-to-date symlink: /home/ahmed/project_ws/install/tito/share/tito/description/gazebo_control.xacro
-- Up-to-date symlink: /home/ahmed/project_ws/install/tito/share/tito/description/inertial_macros.xacro
-- Up-to-date symlink: /home/ahmed/project_ws/install/tito/share/tito/description/lidar.xacro
-- Up-to-date symlink: /home/ahmed/project_ws/install/tito/share/tito/description/robot.urdf.xacro
-- Up-to-date symlink: /home/ahmed/project_ws/install/tito/share/tito/description/robot_core.xacro
-- Up-to-date symlink: /home/ahmed/project_ws/install/tito/share/tito/description/ros2_control.xacro
-- Up-to-date symlink: /home/ahmed/project_ws/install/tito/share/tito/launch/joystick.launch.py
-- Up-to-date symlink: /home/ahmed/project_ws/install/tito/share/tito/launch/launch_sim.launch.py
-- Up-to-date symlink: /home/ahmed/project_ws/install/tito/share/tito/launch/rsp.launch.py
-- Up-to-date symlink: /home/ahmed/project_ws/install/tito/share/tito/meshes/LB_Link.STL
-- Up-to-date symlink: /home/ahmed/project_ws/install/tito/share/tito/meshes/LF_Link.STL
-- Up-to-date symlink: /home/ahmed/project_ws/install/tito/share/tito/meshes/RB_Link.STL
-- Up-to-date symlink: /home/ahmed/project_ws/install/tito/share/tito/meshes/RF_Link.STL
-- Up-to-date symlink: /home/ahmed/project_ws/install/tito/share/tito/meshes/base_link.STL
-- Up-to-date symlink: /home/ahmed/project_ws/install/tito/share/tito/worlds/empty.world
-- Symlinking: /home/ahmed/project_ws/install/tito/share/tito/worlds/test.world
-- Up-to-date symlink: /home/ahmed/project_ws/install/tito/share/ament_index/resource_index/package_run_dependencies/tito
-- Up-to-date symlink: /home/ahmed/project_ws/install/tito/share/ament_index/resource_index/parent_prefix_path/tito
-- Up-to-date symlink: /home/ahmed/project_ws/install/tito/share/tito/environment/ament_prefix_path.sh
-- Up-to-date symlink: /home/ahmed/project_ws/install/tito/share/tito/environment/ament_prefix_path.dsv
-- Up-to-date symlink: /home/ahmed/project_ws/install/tito/share/tito/environment/path.sh
-- Up-to-date symlink: /home/ahmed/project_ws/install/tito/share/tito/environment/path.dsv
-- Up-to-date symlink: /home/ahmed/project_ws/install/tito/share/tito/local_setup.bash
-- Up-to-date symlink: /home/ahmed/project_ws/install/tito/share/tito/local_setup.sh
-- Up-to-date symlink: /home/ahmed/project_ws/install/tito/share/tito/local_setup.zsh
-- Up-to-date symlink: /home/ahmed/project_ws/install/tito/share/tito/local_setup.dsv
-- Symlinking: /home/ahmed/project_ws/install/tito/share/tito/package.dsv
-- Up-to-date symlink: /home/ahmed/project_ws/install/tito/share/ament_index/resource_index/packages/tito
-- Up-to-date symlink: /home/ahmed/project_ws/install/tito/share/tito/cmake/titoConfig.cmake
-- Up-to-date symlink: /home/ahmed/project_ws/install/tito/share/tito/cmake/titoConfig-version.cmake
-- Up-to-date symlink: /home/ahmed/project_ws/install/tito/share/tito/package.xml
