[3.062s] DEBUG:colcon:Command line arguments: ['/usr/bin/colcon', 'build']
[3.063s] DEBUG:colcon:Parsed command line arguments: Namespace(allow_overriding=[], ament_cmake_args=None, base_paths=['.'], build_base='build', catkin_cmake_args=None, catkin_skip_building_tests=False, cmake_args=None, cmake_clean_cache=False, cmake_clean_first=False, cmake_force_configure=False, cmake_target=None, cmake_target_skip_unavailable=False, continue_on_error=False, event_handlers=None, executor='parallel', ignore_user_meta=False, install_base='install', log_base=None, log_level=None, main=<bound method BuildVerb.main of <colcon_core.verb.build.BuildVerb object at 0x7f39b93c49a0>>, merge_install=False, metas=['./colcon.meta'], mixin=None, mixin_files=None, mixin_verb=('build',), packages_above=None, packages_above_and_dependencies=None, packages_above_depth=None, packages_end=None, packages_ignore=None, packages_ignore_regex=None, packages_select=None, packages_select_build_failed=False, packages_select_by_dep=None, packages_select_regex=None, packages_select_test_failures=False, packages_skip=None, packages_skip_build_finished=False, packages_skip_by_dep=None, packages_skip_regex=None, packages_skip_test_passed=False, packages_skip_up_to=None, packages_start=None, packages_up_to=None, packages_up_to_regex=None, parallel_workers=12, paths=None, symlink_install=False, test_result_base=None, verb_extension=<colcon_core.verb.build.BuildVerb object at 0x7f39b93c49a0>, verb_name='build', verb_parser=<colcon_mixin.mixin.mixin_argument.MixinArgumentDecorator object at 0x7f39b93bc1c0>)
[3.229s] Level 1:colcon.colcon_core.package_discovery:discover_packages(colcon_meta) check parameters
[3.229s] Level 1:colcon.colcon_core.package_discovery:discover_packages(recursive) check parameters
[3.229s] Level 1:colcon.colcon_core.package_discovery:discover_packages(ignore) check parameters
[3.229s] Level 1:colcon.colcon_core.package_discovery:discover_packages(path) check parameters
[3.229s] Level 1:colcon.colcon_core.package_discovery:discover_packages(colcon_meta) discover
[3.229s] Level 1:colcon.colcon_core.package_discovery:discover_packages(recursive) discover
[3.229s] INFO:colcon.colcon_core.package_discovery:Crawling recursively for packages in '/home/ahmed/project_ws'
[3.229s] Level 1:colcon.colcon_core.package_identification:_identify(.) by extensions ['ignore', 'ignore_ament_install']
[3.229s] Level 1:colcon.colcon_core.package_identification:_identify(.) by extension 'ignore'
[3.229s] Level 1:colcon.colcon_core.package_identification:_identify(.) by extension 'ignore_ament_install'
[3.229s] Level 1:colcon.colcon_core.package_identification:_identify(.) by extensions ['colcon_pkg']
[3.229s] Level 1:colcon.colcon_core.package_identification:_identify(.) by extension 'colcon_pkg'
[3.230s] Level 1:colcon.colcon_core.package_identification:_identify(.) by extensions ['colcon_meta']
[3.230s] Level 1:colcon.colcon_core.package_identification:_identify(.) by extension 'colcon_meta'
[3.230s] Level 1:colcon.colcon_core.package_identification:_identify(.) by extensions ['ros']
[3.230s] Level 1:colcon.colcon_core.package_identification:_identify(.) by extension 'ros'
[3.239s] Level 1:colcon.colcon_core.package_identification:_identify(.) by extensions ['cmake', 'python']
[3.239s] Level 1:colcon.colcon_core.package_identification:_identify(.) by extension 'cmake'
[3.239s] Level 1:colcon.colcon_core.package_identification:_identify(.) by extension 'python'
[3.239s] Level 1:colcon.colcon_core.package_identification:_identify(.) by extensions ['python_setup_py']
[3.239s] Level 1:colcon.colcon_core.package_identification:_identify(.) by extension 'python_setup_py'
[3.239s] Level 1:colcon.colcon_core.package_identification:_identify(build) by extensions ['ignore', 'ignore_ament_install']
[3.239s] Level 1:colcon.colcon_core.package_identification:_identify(build) by extension 'ignore'
[3.239s] Level 1:colcon.colcon_core.package_identification:_identify(build) ignored
[3.239s] Level 1:colcon.colcon_core.package_identification:_identify(install) by extensions ['ignore', 'ignore_ament_install']
[3.239s] Level 1:colcon.colcon_core.package_identification:_identify(install) by extension 'ignore'
[3.239s] Level 1:colcon.colcon_core.package_identification:_identify(install) ignored
[3.240s] Level 1:colcon.colcon_core.package_identification:_identify(log) by extensions ['ignore', 'ignore_ament_install']
[3.240s] Level 1:colcon.colcon_core.package_identification:_identify(log) by extension 'ignore'
[3.240s] Level 1:colcon.colcon_core.package_identification:_identify(log) ignored
[3.240s] Level 1:colcon.colcon_core.package_identification:_identify(src) by extensions ['ignore', 'ignore_ament_install']
[3.240s] Level 1:colcon.colcon_core.package_identification:_identify(src) by extension 'ignore'
[3.240s] Level 1:colcon.colcon_core.package_identification:_identify(src) by extension 'ignore_ament_install'
[3.240s] Level 1:colcon.colcon_core.package_identification:_identify(src) by extensions ['colcon_pkg']
[3.240s] Level 1:colcon.colcon_core.package_identification:_identify(src) by extension 'colcon_pkg'
[3.240s] Level 1:colcon.colcon_core.package_identification:_identify(src) by extensions ['colcon_meta']
[3.241s] Level 1:colcon.colcon_core.package_identification:_identify(src) by extension 'colcon_meta'
[3.241s] Level 1:colcon.colcon_core.package_identification:_identify(src) by extensions ['ros']
[3.241s] Level 1:colcon.colcon_core.package_identification:_identify(src) by extension 'ros'
[3.241s] Level 1:colcon.colcon_core.package_identification:_identify(src) by extensions ['cmake', 'python']
[3.241s] Level 1:colcon.colcon_core.package_identification:_identify(src) by extension 'cmake'
[3.241s] Level 1:colcon.colcon_core.package_identification:_identify(src) by extension 'python'
[3.241s] Level 1:colcon.colcon_core.package_identification:_identify(src) by extensions ['python_setup_py']
[3.241s] Level 1:colcon.colcon_core.package_identification:_identify(src) by extension 'python_setup_py'
[3.241s] Level 1:colcon.colcon_core.package_identification:_identify(src/build) by extensions ['ignore', 'ignore_ament_install']
[3.241s] Level 1:colcon.colcon_core.package_identification:_identify(src/build) by extension 'ignore'
[3.241s] Level 1:colcon.colcon_core.package_identification:_identify(src/build) ignored
[3.241s] Level 1:colcon.colcon_core.package_identification:_identify(src/install) by extensions ['ignore', 'ignore_ament_install']
[3.241s] Level 1:colcon.colcon_core.package_identification:_identify(src/install) by extension 'ignore'
[3.241s] Level 1:colcon.colcon_core.package_identification:_identify(src/install) ignored
[3.241s] Level 1:colcon.colcon_core.package_identification:_identify(src/log) by extensions ['ignore', 'ignore_ament_install']
[3.241s] Level 1:colcon.colcon_core.package_identification:_identify(src/log) by extension 'ignore'
[3.241s] Level 1:colcon.colcon_core.package_identification:_identify(src/log) ignored
[3.242s] Level 1:colcon.colcon_core.package_identification:_identify(src/serial_motor_demo) by extensions ['ignore', 'ignore_ament_install']
[3.242s] Level 1:colcon.colcon_core.package_identification:_identify(src/serial_motor_demo) by extension 'ignore'
[3.242s] Level 1:colcon.colcon_core.package_identification:_identify(src/serial_motor_demo) by extension 'ignore_ament_install'
[3.242s] Level 1:colcon.colcon_core.package_identification:_identify(src/serial_motor_demo) by extensions ['colcon_pkg']
[3.242s] Level 1:colcon.colcon_core.package_identification:_identify(src/serial_motor_demo) by extension 'colcon_pkg'
[3.242s] Level 1:colcon.colcon_core.package_identification:_identify(src/serial_motor_demo) by extensions ['colcon_meta']
[3.242s] Level 1:colcon.colcon_core.package_identification:_identify(src/serial_motor_demo) by extension 'colcon_meta'
[3.242s] Level 1:colcon.colcon_core.package_identification:_identify(src/serial_motor_demo) by extensions ['ros']
[3.242s] Level 1:colcon.colcon_core.package_identification:_identify(src/serial_motor_demo) by extension 'ros'
[3.242s] Level 1:colcon.colcon_core.package_identification:_identify(src/serial_motor_demo) by extensions ['cmake', 'python']
[3.242s] Level 1:colcon.colcon_core.package_identification:_identify(src/serial_motor_demo) by extension 'cmake'
[3.242s] Level 1:colcon.colcon_core.package_identification:_identify(src/serial_motor_demo) by extension 'python'
[3.242s] Level 1:colcon.colcon_core.package_identification:_identify(src/serial_motor_demo) by extensions ['python_setup_py']
[3.242s] Level 1:colcon.colcon_core.package_identification:_identify(src/serial_motor_demo) by extension 'python_setup_py'
[3.242s] Level 1:colcon.colcon_core.package_identification:_identify(src/serial_motor_demo/serial_motor_demo) by extensions ['ignore', 'ignore_ament_install']
[3.242s] Level 1:colcon.colcon_core.package_identification:_identify(src/serial_motor_demo/serial_motor_demo) by extension 'ignore'
[3.242s] Level 1:colcon.colcon_core.package_identification:_identify(src/serial_motor_demo/serial_motor_demo) by extension 'ignore_ament_install'
[3.243s] Level 1:colcon.colcon_core.package_identification:_identify(src/serial_motor_demo/serial_motor_demo) by extensions ['colcon_pkg']
[3.243s] Level 1:colcon.colcon_core.package_identification:_identify(src/serial_motor_demo/serial_motor_demo) by extension 'colcon_pkg'
[3.243s] Level 1:colcon.colcon_core.package_identification:_identify(src/serial_motor_demo/serial_motor_demo) by extensions ['colcon_meta']
[3.243s] Level 1:colcon.colcon_core.package_identification:_identify(src/serial_motor_demo/serial_motor_demo) by extension 'colcon_meta'
[3.243s] Level 1:colcon.colcon_core.package_identification:_identify(src/serial_motor_demo/serial_motor_demo) by extensions ['ros']
[3.243s] Level 1:colcon.colcon_core.package_identification:_identify(src/serial_motor_demo/serial_motor_demo) by extension 'ros'
[3.245s] DEBUG:colcon.colcon_core.package_identification:Package 'src/serial_motor_demo/serial_motor_demo' with type 'ros.ament_python' and name 'serial_motor_demo'
[3.246s] Level 1:colcon.colcon_core.package_identification:_identify(src/serial_motor_demo/serial_motor_demo_msgs) by extensions ['ignore', 'ignore_ament_install']
[3.246s] Level 1:colcon.colcon_core.package_identification:_identify(src/serial_motor_demo/serial_motor_demo_msgs) by extension 'ignore'
[3.246s] Level 1:colcon.colcon_core.package_identification:_identify(src/serial_motor_demo/serial_motor_demo_msgs) by extension 'ignore_ament_install'
[3.246s] Level 1:colcon.colcon_core.package_identification:_identify(src/serial_motor_demo/serial_motor_demo_msgs) by extensions ['colcon_pkg']
[3.246s] Level 1:colcon.colcon_core.package_identification:_identify(src/serial_motor_demo/serial_motor_demo_msgs) by extension 'colcon_pkg'
[3.246s] Level 1:colcon.colcon_core.package_identification:_identify(src/serial_motor_demo/serial_motor_demo_msgs) by extensions ['colcon_meta']
[3.246s] Level 1:colcon.colcon_core.package_identification:_identify(src/serial_motor_demo/serial_motor_demo_msgs) by extension 'colcon_meta'
[3.246s] Level 1:colcon.colcon_core.package_identification:_identify(src/serial_motor_demo/serial_motor_demo_msgs) by extensions ['ros']
[3.246s] Level 1:colcon.colcon_core.package_identification:_identify(src/serial_motor_demo/serial_motor_demo_msgs) by extension 'ros'
[3.246s] DEBUG:colcon.colcon_core.package_identification:Package 'src/serial_motor_demo/serial_motor_demo_msgs' with type 'ros.ament_cmake' and name 'serial_motor_demo_msgs'
[3.246s] Level 1:colcon.colcon_core.package_identification:_identify(src/tito) by extensions ['ignore', 'ignore_ament_install']
[3.247s] Level 1:colcon.colcon_core.package_identification:_identify(src/tito) by extension 'ignore'
[3.247s] Level 1:colcon.colcon_core.package_identification:_identify(src/tito) by extension 'ignore_ament_install'
[3.247s] Level 1:colcon.colcon_core.package_identification:_identify(src/tito) by extensions ['colcon_pkg']
[3.247s] Level 1:colcon.colcon_core.package_identification:_identify(src/tito) by extension 'colcon_pkg'
[3.247s] Level 1:colcon.colcon_core.package_identification:_identify(src/tito) by extensions ['colcon_meta']
[3.247s] Level 1:colcon.colcon_core.package_identification:_identify(src/tito) by extension 'colcon_meta'
[3.247s] Level 1:colcon.colcon_core.package_identification:_identify(src/tito) by extensions ['ros']
[3.247s] Level 1:colcon.colcon_core.package_identification:_identify(src/tito) by extension 'ros'
[3.247s] DEBUG:colcon.colcon_core.package_identification:Package 'src/tito' with type 'ros.ament_cmake' and name 'tito'
[3.247s] Level 1:colcon.colcon_core.package_discovery:discover_packages(recursive) using defaults
[3.247s] Level 1:colcon.colcon_core.package_discovery:discover_packages(ignore) discover
[3.247s] Level 1:colcon.colcon_core.package_discovery:discover_packages(ignore) using defaults
[3.247s] Level 1:colcon.colcon_core.package_discovery:discover_packages(path) discover
[3.247s] Level 1:colcon.colcon_core.package_discovery:discover_packages(path) using defaults
[3.479s] Level 1:colcon.colcon_core.package_discovery:discover_packages(prefix_path) check parameters
[3.479s] Level 1:colcon.colcon_core.package_discovery:discover_packages(prefix_path) discover
[3.584s] DEBUG:colcon.colcon_installed_package_information.package_discovery:Found 5 installed packages in /home/ahmed/colcon_ws/install
[3.621s] DEBUG:colcon.colcon_installed_package_information.package_discovery:Found 379 installed packages in /opt/ros/foxy
[3.623s] Level 1:colcon.colcon_core.package_discovery:discover_packages(prefix_path) using defaults
[5.040s] Level 5:colcon.colcon_core.verb:set package 'serial_motor_demo_msgs' build argument 'cmake_args' from command line to 'None'
[5.040s] Level 5:colcon.colcon_core.verb:set package 'serial_motor_demo_msgs' build argument 'cmake_target' from command line to 'None'
[5.040s] Level 5:colcon.colcon_core.verb:set package 'serial_motor_demo_msgs' build argument 'cmake_target_skip_unavailable' from command line to 'False'
[5.040s] Level 5:colcon.colcon_core.verb:set package 'serial_motor_demo_msgs' build argument 'cmake_clean_cache' from command line to 'False'
[5.040s] Level 5:colcon.colcon_core.verb:set package 'serial_motor_demo_msgs' build argument 'cmake_clean_first' from command line to 'False'
[5.040s] Level 5:colcon.colcon_core.verb:set package 'serial_motor_demo_msgs' build argument 'cmake_force_configure' from command line to 'False'
[5.040s] Level 5:colcon.colcon_core.verb:set package 'serial_motor_demo_msgs' build argument 'ament_cmake_args' from command line to 'None'
[5.040s] Level 5:colcon.colcon_core.verb:set package 'serial_motor_demo_msgs' build argument 'catkin_cmake_args' from command line to 'None'
[5.040s] Level 5:colcon.colcon_core.verb:set package 'serial_motor_demo_msgs' build argument 'catkin_skip_building_tests' from command line to 'False'
[5.040s] DEBUG:colcon.colcon_core.verb:Building package 'serial_motor_demo_msgs' with the following arguments: {'ament_cmake_args': None, 'build_base': '/home/ahmed/project_ws/build/serial_motor_demo_msgs', 'catkin_cmake_args': None, 'catkin_skip_building_tests': False, 'cmake_args': None, 'cmake_clean_cache': False, 'cmake_clean_first': False, 'cmake_force_configure': False, 'cmake_target': None, 'cmake_target_skip_unavailable': False, 'install_base': '/home/ahmed/project_ws/install/serial_motor_demo_msgs', 'merge_install': False, 'path': '/home/ahmed/project_ws/src/serial_motor_demo/serial_motor_demo_msgs', 'symlink_install': False, 'test_result_base': None}
[5.074s] Level 5:colcon.colcon_core.verb:set package 'tito' build argument 'cmake_args' from command line to 'None'
[5.074s] Level 5:colcon.colcon_core.verb:set package 'tito' build argument 'cmake_target' from command line to 'None'
[5.074s] Level 5:colcon.colcon_core.verb:set package 'tito' build argument 'cmake_target_skip_unavailable' from command line to 'False'
[5.074s] Level 5:colcon.colcon_core.verb:set package 'tito' build argument 'cmake_clean_cache' from command line to 'False'
[5.074s] Level 5:colcon.colcon_core.verb:set package 'tito' build argument 'cmake_clean_first' from command line to 'False'
[5.074s] Level 5:colcon.colcon_core.verb:set package 'tito' build argument 'cmake_force_configure' from command line to 'False'
[5.074s] Level 5:colcon.colcon_core.verb:set package 'tito' build argument 'ament_cmake_args' from command line to 'None'
[5.074s] Level 5:colcon.colcon_core.verb:set package 'tito' build argument 'catkin_cmake_args' from command line to 'None'
[5.074s] Level 5:colcon.colcon_core.verb:set package 'tito' build argument 'catkin_skip_building_tests' from command line to 'False'
[5.074s] DEBUG:colcon.colcon_core.verb:Building package 'tito' with the following arguments: {'ament_cmake_args': None, 'build_base': '/home/ahmed/project_ws/build/tito', 'catkin_cmake_args': None, 'catkin_skip_building_tests': False, 'cmake_args': None, 'cmake_clean_cache': False, 'cmake_clean_first': False, 'cmake_force_configure': False, 'cmake_target': None, 'cmake_target_skip_unavailable': False, 'install_base': '/home/ahmed/project_ws/install/tito', 'merge_install': False, 'path': '/home/ahmed/project_ws/src/tito', 'symlink_install': False, 'test_result_base': None}
[5.108s] Level 5:colcon.colcon_core.verb:set package 'serial_motor_demo' build argument 'cmake_args' from command line to 'None'
[5.108s] Level 5:colcon.colcon_core.verb:set package 'serial_motor_demo' build argument 'cmake_target' from command line to 'None'
[5.109s] Level 5:colcon.colcon_core.verb:set package 'serial_motor_demo' build argument 'cmake_target_skip_unavailable' from command line to 'False'
[5.109s] Level 5:colcon.colcon_core.verb:set package 'serial_motor_demo' build argument 'cmake_clean_cache' from command line to 'False'
[5.109s] Level 5:colcon.colcon_core.verb:set package 'serial_motor_demo' build argument 'cmake_clean_first' from command line to 'False'
[5.109s] Level 5:colcon.colcon_core.verb:set package 'serial_motor_demo' build argument 'cmake_force_configure' from command line to 'False'
[5.109s] Level 5:colcon.colcon_core.verb:set package 'serial_motor_demo' build argument 'ament_cmake_args' from command line to 'None'
[5.109s] Level 5:colcon.colcon_core.verb:set package 'serial_motor_demo' build argument 'catkin_cmake_args' from command line to 'None'
[5.109s] Level 5:colcon.colcon_core.verb:set package 'serial_motor_demo' build argument 'catkin_skip_building_tests' from command line to 'False'
[5.109s] DEBUG:colcon.colcon_core.verb:Building package 'serial_motor_demo' with the following arguments: {'ament_cmake_args': None, 'build_base': '/home/ahmed/project_ws/build/serial_motor_demo', 'catkin_cmake_args': None, 'catkin_skip_building_tests': False, 'cmake_args': None, 'cmake_clean_cache': False, 'cmake_clean_first': False, 'cmake_force_configure': False, 'cmake_target': None, 'cmake_target_skip_unavailable': False, 'install_base': '/home/ahmed/project_ws/install/serial_motor_demo', 'merge_install': False, 'path': '/home/ahmed/project_ws/src/serial_motor_demo/serial_motor_demo', 'symlink_install': False, 'test_result_base': None}
[5.144s] INFO:colcon.colcon_core.executor:Executing jobs using 'parallel' executor
[5.180s] DEBUG:colcon.colcon_parallel_executor.executor.parallel:run_until_complete
[5.180s] INFO:colcon.colcon_ros.task.ament_cmake.build:Building ROS package in '/home/ahmed/project_ws/src/serial_motor_demo/serial_motor_demo_msgs' with build type 'ament_cmake'
[5.180s] INFO:colcon.colcon_cmake.task.cmake.build:Building CMake package in '/home/ahmed/project_ws/src/serial_motor_demo/serial_motor_demo_msgs'
[5.219s] INFO:colcon.colcon_core.plugin_system:Skipping extension 'colcon_core.shell.bat': Not used on non-Windows systems
[5.219s] INFO:colcon.colcon_core.shell:Skip shell extension 'powershell' for command environment: Not usable outside of PowerShell
[5.219s] DEBUG:colcon.colcon_core.shell:Skip shell extension 'dsv' for command environment
[5.340s] INFO:colcon.colcon_ros.task.ament_cmake.build:Building ROS package in '/home/ahmed/project_ws/src/tito' with build type 'ament_cmake'
[5.340s] INFO:colcon.colcon_cmake.task.cmake.build:Building CMake package in '/home/ahmed/project_ws/src/tito'
[5.378s] INFO:colcon.colcon_core.shell:Skip shell extension 'powershell' for command environment: Not usable outside of PowerShell
[5.378s] DEBUG:colcon.colcon_core.shell:Skip shell extension 'dsv' for command environment
[5.495s] DEBUG:colcon.colcon_core.event_handler.log_command:Invoking command in '/home/ahmed/project_ws/build/serial_motor_demo_msgs': CMAKE_PREFIX_PATH=/home/ahmed/colcon_ws/install/turtlebot3_teleop:/home/ahmed/colcon_ws/install/turtlebot3_example:/home/ahmed/colcon_ws/install/my_first_package:/opt/ros/foxy /usr/bin/cmake /home/ahmed/project_ws/src/serial_motor_demo/serial_motor_demo_msgs -DCMAKE_INSTALL_PREFIX=/home/ahmed/project_ws/install/serial_motor_demo_msgs
[5.702s] DEBUG:colcon.colcon_core.event_handler.log_command:Invoking command in '/home/ahmed/project_ws/build/tito': CMAKE_PREFIX_PATH=/home/ahmed/colcon_ws/install/turtlebot3_teleop:/home/ahmed/colcon_ws/install/turtlebot3_example:/home/ahmed/colcon_ws/install/my_first_package:/opt/ros/foxy /usr/bin/cmake --build /home/ahmed/project_ws/build/tito -- -j12 -l12
[7.470s] DEBUG:colcon.colcon_core.event_handler.log_command:Invoked command in '/home/ahmed/project_ws/build/tito' returned '0': CMAKE_PREFIX_PATH=/home/ahmed/colcon_ws/install/turtlebot3_teleop:/home/ahmed/colcon_ws/install/turtlebot3_example:/home/ahmed/colcon_ws/install/my_first_package:/opt/ros/foxy /usr/bin/cmake --build /home/ahmed/project_ws/build/tito -- -j12 -l12
[7.494s] DEBUG:colcon.colcon_core.event_handler.log_command:Invoking command in '/home/ahmed/project_ws/build/tito': CMAKE_PREFIX_PATH=/home/ahmed/colcon_ws/install/turtlebot3_teleop:/home/ahmed/colcon_ws/install/turtlebot3_example:/home/ahmed/colcon_ws/install/my_first_package:/opt/ros/foxy /usr/bin/cmake --install /home/ahmed/project_ws/build/tito
[7.611s] Level 1:colcon.colcon_core.environment:create_environment_scripts_only(tito)
[7.611s] DEBUG:colcon.colcon_core.event_handler.log_command:Invoked command in '/home/ahmed/project_ws/build/tito' returned '0': CMAKE_PREFIX_PATH=/home/ahmed/colcon_ws/install/turtlebot3_teleop:/home/ahmed/colcon_ws/install/turtlebot3_example:/home/ahmed/colcon_ws/install/my_first_package:/opt/ros/foxy /usr/bin/cmake --install /home/ahmed/project_ws/build/tito
[7.723s] Level 1:colcon.colcon_core.environment:checking '/home/ahmed/project_ws/install/tito' for CMake module files
[7.724s] Level 1:colcon.colcon_core.environment:checking '/home/ahmed/project_ws/install/tito' for CMake config files
[7.725s] Level 1:colcon.colcon_core.shell:create_environment_hook('tito', 'cmake_prefix_path')
[7.776s] INFO:colcon.colcon_core.shell:Creating environment hook '/home/ahmed/project_ws/install/tito/share/tito/hook/cmake_prefix_path.ps1'
[7.805s] INFO:colcon.colcon_core.shell:Creating environment descriptor '/home/ahmed/project_ws/install/tito/share/tito/hook/cmake_prefix_path.dsv'
[7.805s] INFO:colcon.colcon_core.shell:Creating environment hook '/home/ahmed/project_ws/install/tito/share/tito/hook/cmake_prefix_path.sh'
[7.806s] Level 1:colcon.colcon_core.environment:checking '/home/ahmed/project_ws/install/tito/bin'
[7.806s] Level 1:colcon.colcon_core.environment:checking '/home/ahmed/project_ws/install/tito/lib/pkgconfig/tito.pc'
[7.806s] Level 1:colcon.colcon_core.environment:checking '/home/ahmed/project_ws/install/tito/lib/python3.8/site-packages'
[7.807s] Level 1:colcon.colcon_core.environment:checking '/home/ahmed/project_ws/install/tito/bin'
[7.848s] INFO:colcon.colcon_core.shell:Creating package script '/home/ahmed/project_ws/install/tito/share/tito/package.ps1'
[7.856s] INFO:colcon.colcon_core.shell:Creating package descriptor '/home/ahmed/project_ws/install/tito/share/tito/package.dsv'
[7.865s] INFO:colcon.colcon_core.shell:Creating package script '/home/ahmed/project_ws/install/tito/share/tito/package.sh'
[7.866s] INFO:colcon.colcon_core.shell:Creating package script '/home/ahmed/project_ws/install/tito/share/tito/package.bash'
[7.908s] INFO:colcon.colcon_core.shell:Creating package script '/home/ahmed/project_ws/install/tito/share/tito/package.zsh'
[7.917s] Level 1:colcon.colcon_core.environment:create_file_with_runtime_dependencies(/home/ahmed/project_ws/install/tito/share/colcon-core/packages/tito)
[7.987s] Level 1:colcon.colcon_core.environment:create_environment_scripts_only(tito)
[8.027s] Level 1:colcon.colcon_core.environment:checking '/home/ahmed/project_ws/install/tito' for CMake module files
[8.028s] Level 1:colcon.colcon_core.environment:checking '/home/ahmed/project_ws/install/tito' for CMake config files
[8.028s] Level 1:colcon.colcon_core.shell:create_environment_hook('tito', 'cmake_prefix_path')
[8.073s] INFO:colcon.colcon_core.shell:Creating environment hook '/home/ahmed/project_ws/install/tito/share/tito/hook/cmake_prefix_path.ps1'
[8.074s] INFO:colcon.colcon_core.shell:Creating environment descriptor '/home/ahmed/project_ws/install/tito/share/tito/hook/cmake_prefix_path.dsv'
[8.075s] INFO:colcon.colcon_core.shell:Creating environment hook '/home/ahmed/project_ws/install/tito/share/tito/hook/cmake_prefix_path.sh'
[8.075s] Level 1:colcon.colcon_core.environment:checking '/home/ahmed/project_ws/install/tito/bin'
[8.075s] Level 1:colcon.colcon_core.environment:checking '/home/ahmed/project_ws/install/tito/lib/pkgconfig/tito.pc'
[8.075s] Level 1:colcon.colcon_core.environment:checking '/home/ahmed/project_ws/install/tito/lib/python3.8/site-packages'
[8.075s] Level 1:colcon.colcon_core.environment:checking '/home/ahmed/project_ws/install/tito/bin'
[8.116s] INFO:colcon.colcon_core.shell:Creating package script '/home/ahmed/project_ws/install/tito/share/tito/package.ps1'
[8.117s] INFO:colcon.colcon_core.shell:Creating package descriptor '/home/ahmed/project_ws/install/tito/share/tito/package.dsv'
[8.118s] INFO:colcon.colcon_core.shell:Creating package script '/home/ahmed/project_ws/install/tito/share/tito/package.sh'
[8.118s] INFO:colcon.colcon_core.shell:Creating package script '/home/ahmed/project_ws/install/tito/share/tito/package.bash'
[8.118s] INFO:colcon.colcon_core.shell:Creating package script '/home/ahmed/project_ws/install/tito/share/tito/package.zsh'
[8.120s] Level 1:colcon.colcon_core.environment:create_file_with_runtime_dependencies(/home/ahmed/project_ws/install/tito/share/colcon-core/packages/tito)
[16.061s] DEBUG:colcon.colcon_core.event_handler.log_command:Invoked command in '/home/ahmed/project_ws/build/serial_motor_demo_msgs' returned '0': CMAKE_PREFIX_PATH=/home/ahmed/colcon_ws/install/turtlebot3_teleop:/home/ahmed/colcon_ws/install/turtlebot3_example:/home/ahmed/colcon_ws/install/my_first_package:/opt/ros/foxy /usr/bin/cmake /home/ahmed/project_ws/src/serial_motor_demo/serial_motor_demo_msgs -DCMAKE_INSTALL_PREFIX=/home/ahmed/project_ws/install/serial_motor_demo_msgs
[16.068s] DEBUG:colcon.colcon_core.event_handler.log_command:Invoking command in '/home/ahmed/project_ws/build/serial_motor_demo_msgs': CMAKE_PREFIX_PATH=/home/ahmed/colcon_ws/install/turtlebot3_teleop:/home/ahmed/colcon_ws/install/turtlebot3_example:/home/ahmed/colcon_ws/install/my_first_package:/opt/ros/foxy /usr/bin/cmake --build /home/ahmed/project_ws/build/serial_motor_demo_msgs -- -j12 -l12
[20.474s] DEBUG:colcon.colcon_core.event_handler.log_command:Invoked command in '/home/ahmed/project_ws/build/serial_motor_demo_msgs' returned '0': CMAKE_PREFIX_PATH=/home/ahmed/colcon_ws/install/turtlebot3_teleop:/home/ahmed/colcon_ws/install/turtlebot3_example:/home/ahmed/colcon_ws/install/my_first_package:/opt/ros/foxy /usr/bin/cmake --build /home/ahmed/project_ws/build/serial_motor_demo_msgs -- -j12 -l12
[20.528s] DEBUG:colcon.colcon_core.event_handler.log_command:Invoking command in '/home/ahmed/project_ws/build/serial_motor_demo_msgs': CMAKE_PREFIX_PATH=/home/ahmed/colcon_ws/install/turtlebot3_teleop:/home/ahmed/colcon_ws/install/turtlebot3_example:/home/ahmed/colcon_ws/install/my_first_package:/opt/ros/foxy /usr/bin/cmake --install /home/ahmed/project_ws/build/serial_motor_demo_msgs
[20.595s] Level 1:colcon.colcon_core.environment:create_environment_scripts_only(serial_motor_demo_msgs)
[20.596s] DEBUG:colcon.colcon_core.event_handler.log_command:Invoked command in '/home/ahmed/project_ws/build/serial_motor_demo_msgs' returned '0': CMAKE_PREFIX_PATH=/home/ahmed/colcon_ws/install/turtlebot3_teleop:/home/ahmed/colcon_ws/install/turtlebot3_example:/home/ahmed/colcon_ws/install/my_first_package:/opt/ros/foxy /usr/bin/cmake --install /home/ahmed/project_ws/build/serial_motor_demo_msgs
[20.645s] Level 1:colcon.colcon_core.environment:checking '/home/ahmed/project_ws/install/serial_motor_demo_msgs' for CMake module files
[20.645s] Level 1:colcon.colcon_core.environment:checking '/home/ahmed/project_ws/install/serial_motor_demo_msgs' for CMake config files
[20.645s] Level 1:colcon.colcon_core.shell:create_environment_hook('serial_motor_demo_msgs', 'cmake_prefix_path')
[20.687s] INFO:colcon.colcon_core.shell:Creating environment hook '/home/ahmed/project_ws/install/serial_motor_demo_msgs/share/serial_motor_demo_msgs/hook/cmake_prefix_path.ps1'
[20.688s] INFO:colcon.colcon_core.shell:Creating environment descriptor '/home/ahmed/project_ws/install/serial_motor_demo_msgs/share/serial_motor_demo_msgs/hook/cmake_prefix_path.dsv'
[20.688s] INFO:colcon.colcon_core.shell:Creating environment hook '/home/ahmed/project_ws/install/serial_motor_demo_msgs/share/serial_motor_demo_msgs/hook/cmake_prefix_path.sh'
[20.688s] Level 1:colcon.colcon_core.environment:checking '/home/ahmed/project_ws/install/serial_motor_demo_msgs/lib'
[20.689s] Level 1:colcon.colcon_core.shell:create_environment_hook('serial_motor_demo_msgs', 'ld_library_path_lib')
[20.730s] INFO:colcon.colcon_core.shell:Creating environment hook '/home/ahmed/project_ws/install/serial_motor_demo_msgs/share/serial_motor_demo_msgs/hook/ld_library_path_lib.ps1'
[20.733s] INFO:colcon.colcon_core.shell:Creating environment descriptor '/home/ahmed/project_ws/install/serial_motor_demo_msgs/share/serial_motor_demo_msgs/hook/ld_library_path_lib.dsv'
[20.733s] INFO:colcon.colcon_core.shell:Creating environment hook '/home/ahmed/project_ws/install/serial_motor_demo_msgs/share/serial_motor_demo_msgs/hook/ld_library_path_lib.sh'
[20.733s] Level 1:colcon.colcon_core.environment:checking '/home/ahmed/project_ws/install/serial_motor_demo_msgs/bin'
[20.733s] Level 1:colcon.colcon_core.environment:checking '/home/ahmed/project_ws/install/serial_motor_demo_msgs/lib/pkgconfig/serial_motor_demo_msgs.pc'
[20.733s] Level 1:colcon.colcon_core.environment:checking '/home/ahmed/project_ws/install/serial_motor_demo_msgs/lib/python3.8/site-packages'
[20.733s] Level 1:colcon.colcon_core.shell:create_environment_hook('serial_motor_demo_msgs', 'pythonpath')
[20.773s] INFO:colcon.colcon_core.shell:Creating environment hook '/home/ahmed/project_ws/install/serial_motor_demo_msgs/share/serial_motor_demo_msgs/hook/pythonpath.ps1'
[20.773s] INFO:colcon.colcon_core.shell:Creating environment descriptor '/home/ahmed/project_ws/install/serial_motor_demo_msgs/share/serial_motor_demo_msgs/hook/pythonpath.dsv'
[20.774s] INFO:colcon.colcon_core.shell:Creating environment hook '/home/ahmed/project_ws/install/serial_motor_demo_msgs/share/serial_motor_demo_msgs/hook/pythonpath.sh'
[20.774s] Level 1:colcon.colcon_core.environment:checking '/home/ahmed/project_ws/install/serial_motor_demo_msgs/bin'
[20.817s] INFO:colcon.colcon_core.shell:Creating package script '/home/ahmed/project_ws/install/serial_motor_demo_msgs/share/serial_motor_demo_msgs/package.ps1'
[20.819s] INFO:colcon.colcon_core.shell:Creating package descriptor '/home/ahmed/project_ws/install/serial_motor_demo_msgs/share/serial_motor_demo_msgs/package.dsv'
[20.820s] INFO:colcon.colcon_core.shell:Creating package script '/home/ahmed/project_ws/install/serial_motor_demo_msgs/share/serial_motor_demo_msgs/package.sh'
[20.820s] INFO:colcon.colcon_core.shell:Creating package script '/home/ahmed/project_ws/install/serial_motor_demo_msgs/share/serial_motor_demo_msgs/package.bash'
[20.820s] INFO:colcon.colcon_core.shell:Creating package script '/home/ahmed/project_ws/install/serial_motor_demo_msgs/share/serial_motor_demo_msgs/package.zsh'
[20.821s] Level 1:colcon.colcon_core.environment:create_file_with_runtime_dependencies(/home/ahmed/project_ws/install/serial_motor_demo_msgs/share/colcon-core/packages/serial_motor_demo_msgs)
[20.920s] Level 1:colcon.colcon_core.environment:create_environment_scripts_only(serial_motor_demo_msgs)
[20.957s] Level 1:colcon.colcon_core.environment:checking '/home/ahmed/project_ws/install/serial_motor_demo_msgs' for CMake module files
[20.957s] Level 1:colcon.colcon_core.environment:checking '/home/ahmed/project_ws/install/serial_motor_demo_msgs' for CMake config files
[20.957s] Level 1:colcon.colcon_core.shell:create_environment_hook('serial_motor_demo_msgs', 'cmake_prefix_path')
[20.997s] INFO:colcon.colcon_core.shell:Creating environment hook '/home/ahmed/project_ws/install/serial_motor_demo_msgs/share/serial_motor_demo_msgs/hook/cmake_prefix_path.ps1'
[20.997s] INFO:colcon.colcon_core.shell:Creating environment descriptor '/home/ahmed/project_ws/install/serial_motor_demo_msgs/share/serial_motor_demo_msgs/hook/cmake_prefix_path.dsv'
[20.998s] INFO:colcon.colcon_core.shell:Creating environment hook '/home/ahmed/project_ws/install/serial_motor_demo_msgs/share/serial_motor_demo_msgs/hook/cmake_prefix_path.sh'
[20.998s] Level 1:colcon.colcon_core.environment:checking '/home/ahmed/project_ws/install/serial_motor_demo_msgs/lib'
[20.998s] Level 1:colcon.colcon_core.shell:create_environment_hook('serial_motor_demo_msgs', 'ld_library_path_lib')
[21.056s] INFO:colcon.colcon_core.shell:Creating environment hook '/home/ahmed/project_ws/install/serial_motor_demo_msgs/share/serial_motor_demo_msgs/hook/ld_library_path_lib.ps1'
[21.056s] INFO:colcon.colcon_core.shell:Creating environment descriptor '/home/ahmed/project_ws/install/serial_motor_demo_msgs/share/serial_motor_demo_msgs/hook/ld_library_path_lib.dsv'
[21.056s] INFO:colcon.colcon_core.shell:Creating environment hook '/home/ahmed/project_ws/install/serial_motor_demo_msgs/share/serial_motor_demo_msgs/hook/ld_library_path_lib.sh'
[21.057s] Level 1:colcon.colcon_core.environment:checking '/home/ahmed/project_ws/install/serial_motor_demo_msgs/bin'
[21.057s] Level 1:colcon.colcon_core.environment:checking '/home/ahmed/project_ws/install/serial_motor_demo_msgs/lib/pkgconfig/serial_motor_demo_msgs.pc'
[21.057s] Level 1:colcon.colcon_core.environment:checking '/home/ahmed/project_ws/install/serial_motor_demo_msgs/lib/python3.8/site-packages'
[21.057s] Level 1:colcon.colcon_core.shell:create_environment_hook('serial_motor_demo_msgs', 'pythonpath')
[21.095s] INFO:colcon.colcon_core.shell:Creating environment hook '/home/ahmed/project_ws/install/serial_motor_demo_msgs/share/serial_motor_demo_msgs/hook/pythonpath.ps1'
[21.095s] INFO:colcon.colcon_core.shell:Creating environment descriptor '/home/ahmed/project_ws/install/serial_motor_demo_msgs/share/serial_motor_demo_msgs/hook/pythonpath.dsv'
[21.096s] INFO:colcon.colcon_core.shell:Creating environment hook '/home/ahmed/project_ws/install/serial_motor_demo_msgs/share/serial_motor_demo_msgs/hook/pythonpath.sh'
[21.096s] Level 1:colcon.colcon_core.environment:checking '/home/ahmed/project_ws/install/serial_motor_demo_msgs/bin'
[21.136s] INFO:colcon.colcon_core.shell:Creating package script '/home/ahmed/project_ws/install/serial_motor_demo_msgs/share/serial_motor_demo_msgs/package.ps1'
[21.137s] INFO:colcon.colcon_core.shell:Creating package descriptor '/home/ahmed/project_ws/install/serial_motor_demo_msgs/share/serial_motor_demo_msgs/package.dsv'
[21.137s] INFO:colcon.colcon_core.shell:Creating package script '/home/ahmed/project_ws/install/serial_motor_demo_msgs/share/serial_motor_demo_msgs/package.sh'
[21.138s] INFO:colcon.colcon_core.shell:Creating package script '/home/ahmed/project_ws/install/serial_motor_demo_msgs/share/serial_motor_demo_msgs/package.bash'
[21.138s] INFO:colcon.colcon_core.shell:Creating package script '/home/ahmed/project_ws/install/serial_motor_demo_msgs/share/serial_motor_demo_msgs/package.zsh'
[21.138s] Level 1:colcon.colcon_core.environment:create_file_with_runtime_dependencies(/home/ahmed/project_ws/install/serial_motor_demo_msgs/share/colcon-core/packages/serial_motor_demo_msgs)
[21.139s] INFO:colcon.colcon_ros.task.ament_python.build:Building ROS package in '/home/ahmed/project_ws/src/serial_motor_demo/serial_motor_demo' with build type 'ament_python'
[21.139s] Level 1:colcon.colcon_core.shell:create_environment_hook('serial_motor_demo', 'ament_prefix_path')
[21.180s] INFO:colcon.colcon_core.shell:Creating environment hook '/home/ahmed/project_ws/install/serial_motor_demo/share/serial_motor_demo/hook/ament_prefix_path.ps1'
[21.180s] INFO:colcon.colcon_core.shell:Creating environment descriptor '/home/ahmed/project_ws/install/serial_motor_demo/share/serial_motor_demo/hook/ament_prefix_path.dsv'
[21.181s] INFO:colcon.colcon_core.shell:Creating environment hook '/home/ahmed/project_ws/install/serial_motor_demo/share/serial_motor_demo/hook/ament_prefix_path.sh'
[21.219s] INFO:colcon.colcon_core.shell:Skip shell extension 'powershell' for command environment: Not usable outside of PowerShell
[21.220s] DEBUG:colcon.colcon_core.shell:Skip shell extension 'dsv' for command environment
[21.613s] INFO:colcon.colcon_core.task.python.build:Building Python package in '/home/ahmed/project_ws/src/serial_motor_demo/serial_motor_demo'
[21.660s] INFO:colcon.colcon_core.shell:Skip shell extension 'powershell' for command environment: Not usable outside of PowerShell
[21.660s] DEBUG:colcon.colcon_core.shell:Skip shell extension 'dsv' for command environment
[22.874s] DEBUG:colcon.colcon_core.event_handler.log_command:Invoking command in '/home/ahmed/project_ws/src/serial_motor_demo/serial_motor_demo': AMENT_PREFIX_PATH=/home/ahmed/project_ws/install/serial_motor_demo_msgs:${AMENT_PREFIX_PATH} CMAKE_PREFIX_PATH=/home/ahmed/project_ws/install/serial_motor_demo_msgs LD_LIBRARY_PATH=/home/ahmed/project_ws/install/serial_motor_demo_msgs/lib:${LD_LIBRARY_PATH} PYTHONPATH=/home/ahmed/project_ws/build/serial_motor_demo/prefix_override:/home/ahmed/project_ws/install/serial_motor_demo/lib/python3.8/site-packages:/home/ahmed/project_ws/install/serial_motor_demo_msgs/lib/python3.8/site-packages:${PYTHONPATH} /usr/bin/python3 setup.py egg_info --egg-base ../../../build/serial_motor_demo build --build-base /home/ahmed/project_ws/build/serial_motor_demo/build install --record /home/ahmed/project_ws/build/serial_motor_demo/install.log --install-scripts $base/lib/serial_motor_demo --single-version-externally-managed
[23.270s] DEBUG:colcon.colcon_core.event_handler.log_command:Invoked command in '/home/ahmed/project_ws/src/serial_motor_demo/serial_motor_demo' returned '0': AMENT_PREFIX_PATH=/home/ahmed/project_ws/install/serial_motor_demo_msgs:${AMENT_PREFIX_PATH} CMAKE_PREFIX_PATH=/home/ahmed/project_ws/install/serial_motor_demo_msgs LD_LIBRARY_PATH=/home/ahmed/project_ws/install/serial_motor_demo_msgs/lib:${LD_LIBRARY_PATH} PYTHONPATH=/home/ahmed/project_ws/build/serial_motor_demo/prefix_override:/home/ahmed/project_ws/install/serial_motor_demo/lib/python3.8/site-packages:/home/ahmed/project_ws/install/serial_motor_demo_msgs/lib/python3.8/site-packages:${PYTHONPATH} /usr/bin/python3 setup.py egg_info --egg-base ../../../build/serial_motor_demo build --build-base /home/ahmed/project_ws/build/serial_motor_demo/build install --record /home/ahmed/project_ws/build/serial_motor_demo/install.log --install-scripts $base/lib/serial_motor_demo --single-version-externally-managed
[23.314s] Level 1:colcon.colcon_core.environment:checking '/home/ahmed/project_ws/install/serial_motor_demo' for CMake module files
[23.314s] Level 1:colcon.colcon_core.environment:checking '/home/ahmed/project_ws/install/serial_motor_demo' for CMake config files
[23.315s] Level 1:colcon.colcon_core.environment:checking '/home/ahmed/project_ws/install/serial_motor_demo/lib'
[23.315s] Level 1:colcon.colcon_core.environment:checking '/home/ahmed/project_ws/install/serial_motor_demo/bin'
[23.315s] Level 1:colcon.colcon_core.environment:checking '/home/ahmed/project_ws/install/serial_motor_demo/lib/pkgconfig/serial_motor_demo.pc'
[23.315s] Level 1:colcon.colcon_core.environment:checking '/home/ahmed/project_ws/install/serial_motor_demo/lib/python3.8/site-packages'
[23.315s] Level 1:colcon.colcon_core.shell:create_environment_hook('serial_motor_demo', 'pythonpath')
[23.358s] INFO:colcon.colcon_core.shell:Creating environment hook '/home/ahmed/project_ws/install/serial_motor_demo/share/serial_motor_demo/hook/pythonpath.ps1'
[23.358s] INFO:colcon.colcon_core.shell:Creating environment descriptor '/home/ahmed/project_ws/install/serial_motor_demo/share/serial_motor_demo/hook/pythonpath.dsv'
[23.359s] INFO:colcon.colcon_core.shell:Creating environment hook '/home/ahmed/project_ws/install/serial_motor_demo/share/serial_motor_demo/hook/pythonpath.sh'
[23.359s] Level 1:colcon.colcon_core.environment:checking '/home/ahmed/project_ws/install/serial_motor_demo/bin'
[23.359s] Level 1:colcon.colcon_core.environment:create_environment_scripts_only(serial_motor_demo)
[23.400s] INFO:colcon.colcon_core.shell:Creating package script '/home/ahmed/project_ws/install/serial_motor_demo/share/serial_motor_demo/package.ps1'
[23.401s] INFO:colcon.colcon_core.shell:Creating package descriptor '/home/ahmed/project_ws/install/serial_motor_demo/share/serial_motor_demo/package.dsv'
[23.401s] INFO:colcon.colcon_core.shell:Creating package script '/home/ahmed/project_ws/install/serial_motor_demo/share/serial_motor_demo/package.sh'
[23.401s] INFO:colcon.colcon_core.shell:Creating package script '/home/ahmed/project_ws/install/serial_motor_demo/share/serial_motor_demo/package.bash'
[23.402s] INFO:colcon.colcon_core.shell:Creating package script '/home/ahmed/project_ws/install/serial_motor_demo/share/serial_motor_demo/package.zsh'
[23.402s] Level 1:colcon.colcon_core.environment:create_file_with_runtime_dependencies(/home/ahmed/project_ws/install/serial_motor_demo/share/colcon-core/packages/serial_motor_demo)
[23.402s] DEBUG:colcon.colcon_parallel_executor.executor.parallel:closing loop
[23.403s] DEBUG:colcon.colcon_parallel_executor.executor.parallel:loop closed
[23.403s] DEBUG:colcon.colcon_parallel_executor.executor.parallel:run_until_complete finished with '0'
[23.403s] DEBUG:colcon.colcon_core.event_reactor:joining thread
[23.474s] INFO:colcon.colcon_core.plugin_system:Skipping extension 'colcon_notification.desktop_notification.terminal_notifier': Not used on non-Darwin systems
[23.475s] INFO:colcon.colcon_core.plugin_system:Skipping extension 'colcon_notification.desktop_notification.win32': Not used on non-Windows systems
[23.475s] INFO:colcon.colcon_notification.desktop_notification:Sending desktop notification using 'notify2'
[23.752s] DEBUG:colcon.colcon_core.event_reactor:joined thread
[23.795s] INFO:colcon.colcon_core.shell:Creating prefix script '/home/ahmed/project_ws/install/local_setup.ps1'
[23.827s] INFO:colcon.colcon_core.shell:Creating prefix util module '/home/ahmed/project_ws/install/_local_setup_util_ps1.py'
[23.851s] INFO:colcon.colcon_core.shell:Creating prefix chain script '/home/ahmed/project_ws/install/setup.ps1'
[23.896s] INFO:colcon.colcon_core.shell:Creating prefix script '/home/ahmed/project_ws/install/local_setup.sh'
[23.897s] INFO:colcon.colcon_core.shell:Creating prefix util module '/home/ahmed/project_ws/install/_local_setup_util_sh.py'
[23.898s] INFO:colcon.colcon_core.shell:Creating prefix chain script '/home/ahmed/project_ws/install/setup.sh'
[23.937s] INFO:colcon.colcon_core.shell:Creating prefix script '/home/ahmed/project_ws/install/local_setup.bash'
[23.952s] INFO:colcon.colcon_core.shell:Creating prefix chain script '/home/ahmed/project_ws/install/setup.bash'
[23.997s] INFO:colcon.colcon_core.shell:Creating prefix script '/home/ahmed/project_ws/install/local_setup.zsh'
[23.998s] INFO:colcon.colcon_core.shell:Creating prefix chain script '/home/ahmed/project_ws/install/setup.zsh'
