[0.155s] Invoking command in '/home/ahmed/project_ws/build/tito': CMAKE_PREFIX_PATH=/home/ahmed/colcon_ws/install/turtlebot3_teleop:/home/ahmed/colcon_ws/install/turtlebot3_example:/home/ahmed/colcon_ws/install/my_first_package:/opt/ros/foxy /usr/bin/cmake /home/ahmed/project_ws/src/tito -DCMAKE_INSTALL_PREFIX=/home/ahmed/project_ws/install/tito
[1.306s] -- The C compiler identification is GNU 9.4.0
[1.858s] -- The CXX compiler identification is GNU 9.4.0
[1.897s] -- Check for working C compiler: /usr/bin/cc
[2.039s] -- Check for working C compiler: /usr/bin/cc -- works
[2.041s] -- Detecting C compiler ABI info
[2.191s] -- Detecting C compiler ABI info - done
[2.201s] -- Detecting C compile features
[2.212s] -- Detecting C compile features - done
[2.215s] -- Check for working CXX compiler: /usr/bin/c++
[2.270s] -- Check for working CXX compiler: /usr/bin/c++ -- works
[2.271s] -- Detecting CXX compiler ABI info
[2.416s] -- Detecting CXX compiler ABI info - done
[2.431s] -- Detecting CXX compile features
[2.432s] -- Detecting CXX compile features - done
[2.695s] -- Found ament_cmake: 0.9.12 (/opt/ros/foxy/share/ament_cmake/cmake)
[2.841s] -- Found PythonInterp: /usr/bin/python3 (found suitable version "3.8.10", minimum required is "3") 
[2.841s] -- Using PYTHON_EXECUTABLE: /usr/bin/python3
[3.247s] -- Found ament_lint_auto: 0.9.8 (/opt/ros/foxy/share/ament_lint_auto/cmake)
[3.468s] -- Added test 'copyright' to check source files copyright and LICENSE
[3.484s] -- Added test 'flake8' to check Python code syntax and style conventions
[3.486s] -- Added test 'lint_cmake' to check CMake code style
[3.487s] -- Added test 'pep257' to check Python code against some of the style conventions in PEP 257
[3.492s] -- Added test 'xmllint' to check XML markup files
[3.495s] -- Configuring done
[3.497s] -- Generating done
[3.498s] -- Build files have been written to: /home/ahmed/project_ws/build/tito
[3.501s] Invoked command in '/home/ahmed/project_ws/build/tito' returned '0': CMAKE_PREFIX_PATH=/home/ahmed/colcon_ws/install/turtlebot3_teleop:/home/ahmed/colcon_ws/install/turtlebot3_example:/home/ahmed/colcon_ws/install/my_first_package:/opt/ros/foxy /usr/bin/cmake /home/ahmed/project_ws/src/tito -DCMAKE_INSTALL_PREFIX=/home/ahmed/project_ws/install/tito
[3.503s] Invoking command in '/home/ahmed/project_ws/build/tito': CMAKE_PREFIX_PATH=/home/ahmed/colcon_ws/install/turtlebot3_teleop:/home/ahmed/colcon_ws/install/turtlebot3_example:/home/ahmed/colcon_ws/install/my_first_package:/opt/ros/foxy /usr/bin/cmake --build /home/ahmed/project_ws/build/tito -- -j12 -l12
[3.531s] Invoked command in '/home/ahmed/project_ws/build/tito' returned '0': CMAKE_PREFIX_PATH=/home/ahmed/colcon_ws/install/turtlebot3_teleop:/home/ahmed/colcon_ws/install/turtlebot3_example:/home/ahmed/colcon_ws/install/my_first_package:/opt/ros/foxy /usr/bin/cmake --build /home/ahmed/project_ws/build/tito -- -j12 -l12
[3.551s] Invoking command in '/home/ahmed/project_ws/build/tito': CMAKE_PREFIX_PATH=/home/ahmed/colcon_ws/install/turtlebot3_teleop:/home/ahmed/colcon_ws/install/turtlebot3_example:/home/ahmed/colcon_ws/install/my_first_package:/opt/ros/foxy /usr/bin/cmake --install /home/ahmed/project_ws/build/tito
[3.556s] -- Install configuration: ""
[3.556s] -- Installing: /home/ahmed/project_ws/install/tito/share/tito/config
[3.556s] -- Installing: /home/ahmed/project_ws/install/tito/share/tito/config/empty.yaml
[3.556s] -- Installing: /home/ahmed/project_ws/install/tito/share/tito/description
[3.557s] -- Installing: /home/ahmed/project_ws/install/tito/share/tito/description/inertial_macros.xacro
[3.557s] -- Installing: /home/ahmed/project_ws/install/tito/share/tito/description/robot.urdf.xacro
[3.557s] -- Installing: /home/ahmed/project_ws/install/tito/share/tito/description/robot_core.xacro
[3.557s] -- Installing: /home/ahmed/project_ws/install/tito/share/tito/launch
[3.557s] -- Installing: /home/ahmed/project_ws/install/tito/share/tito/launch/rsp.launch.py
[3.557s] -- Installing: /home/ahmed/project_ws/install/tito/share/tito/worlds
[3.557s] -- Installing: /home/ahmed/project_ws/install/tito/share/tito/worlds/empty.world
[3.557s] -- Installing: /home/ahmed/project_ws/install/tito/share/ament_index/resource_index/package_run_dependencies/tito
[3.557s] -- Installing: /home/ahmed/project_ws/install/tito/share/ament_index/resource_index/parent_prefix_path/tito
[3.557s] -- Installing: /home/ahmed/project_ws/install/tito/share/tito/environment/ament_prefix_path.sh
[3.557s] -- Installing: /home/ahmed/project_ws/install/tito/share/tito/environment/ament_prefix_path.dsv
[3.557s] -- Installing: /home/ahmed/project_ws/install/tito/share/tito/environment/path.sh
[3.557s] -- Installing: /home/ahmed/project_ws/install/tito/share/tito/environment/path.dsv
[3.557s] -- Installing: /home/ahmed/project_ws/install/tito/share/tito/local_setup.bash
[3.557s] -- Installing: /home/ahmed/project_ws/install/tito/share/tito/local_setup.sh
[3.557s] -- Installing: /home/ahmed/project_ws/install/tito/share/tito/local_setup.zsh
[3.589s] -- Installing: /home/ahmed/project_ws/install/tito/share/tito/local_setup.dsv
[3.590s] -- Installing: /home/ahmed/project_ws/install/tito/share/tito/package.dsv
[3.590s] -- Installing: /home/ahmed/project_ws/install/tito/share/ament_index/resource_index/packages/tito
[3.591s] -- Installing: /home/ahmed/project_ws/install/tito/share/tito/cmake/titoConfig.cmake
[3.591s] -- Installing: /home/ahmed/project_ws/install/tito/share/tito/cmake/titoConfig-version.cmake
[3.591s] -- Installing: /home/ahmed/project_ws/install/tito/share/tito/package.xml
[3.597s] Invoked command in '/home/ahmed/project_ws/build/tito' returned '0': CMAKE_PREFIX_PATH=/home/ahmed/colcon_ws/install/turtlebot3_teleop:/home/ahmed/colcon_ws/install/turtlebot3_example:/home/ahmed/colcon_ws/install/my_first_package:/opt/ros/foxy /usr/bin/cmake --install /home/ahmed/project_ws/build/tito
