[0.315s] Invoking command in '/home/ahmed/project_ws/build/serial_motor_demo_msgs': CMAKE_PREFIX_PATH=/home/ahmed/colcon_ws/install/turtlebot3_teleop:/home/ahmed/colcon_ws/install/turtlebot3_example:/home/ahmed/colcon_ws/install/my_first_package:/opt/ros/foxy /usr/bin/cmake /home/ahmed/project_ws/src/serial_motor_demo/serial_motor_demo_msgs -DCMAKE_INSTALL_PREFIX=/home/ahmed/project_ws/install/serial_motor_demo_msgs
[5.499s] -- The C compiler identification is GNU 9.4.0
[6.917s] -- The CXX compiler identification is GNU 9.4.0
[6.996s] -- Check for working C compiler: /usr/bin/cc
[7.131s] -- Check for working C compiler: /usr/bin/cc -- works
[7.133s] -- Detecting C compiler ABI info
[7.229s] -- Detecting C compiler ABI info - done
[7.239s] -- Detecting C compile features
[7.256s] -- Detecting C compile features - done
[7.259s] -- Check for working CXX compiler: /usr/bin/c++
[7.320s] -- Check for working CXX compiler: /usr/bin/c++ -- works
[7.321s] -- Detecting CXX compiler ABI info
[7.379s] -- Detecting CXX compiler ABI info - done
[7.388s] -- Detecting CXX compile features
[7.389s] -- Detecting CXX compile features - done
[7.467s] -- Found ament_cmake: 0.9.12 (/opt/ros/foxy/share/ament_cmake/cmake)
[7.553s] -- Found PythonInterp: /usr/bin/python3 (found suitable version "3.8.10", minimum required is "3") 
[7.553s] -- Using PYTHON_EXECUTABLE: /usr/bin/python3
[8.436s] -- Found ament_lint_auto: 0.9.8 (/opt/ros/foxy/share/ament_lint_auto/cmake)
[8.664s] -- Found rosidl_default_generators: 1.0.1 (/opt/ros/foxy/share/rosidl_default_generators/cmake)
[8.722s] -- Using all available rosidl_typesupport_c: rosidl_typesupport_fastrtps_c;rosidl_typesupport_introspection_c
[8.798s] -- Found rosidl_adapter: 1.3.1 (/opt/ros/foxy/share/rosidl_adapter/cmake)
[9.399s] -- Found OpenSSL: /usr/lib/x86_64-linux-gnu/libcrypto.so (found version "1.1.1f")  
[9.438s] -- Found FastRTPS: /opt/ros/foxy/include  
[9.706s] -- Using all available rosidl_typesupport_cpp: rosidl_typesupport_fastrtps_cpp;rosidl_typesupport_introspection_cpp
[9.867s] -- Found PythonInterp: /usr/bin/python3 (found version "3.8.10") 
[9.969s] -- Found ament_cmake_ros: 0.9.2 (/opt/ros/foxy/share/ament_cmake_ros/cmake)
[10.228s] -- Using all available rosidl_typesupport_c: rosidl_typesupport_fastrtps_c;rosidl_typesupport_introspection_c
[10.244s] -- Using all available rosidl_typesupport_cpp: rosidl_typesupport_fastrtps_cpp;rosidl_typesupport_introspection_cpp
[10.280s] -- Found PythonInterp: /usr/bin/python3 (found suitable version "3.8.10", minimum required is "3.5") 
[10.283s] -- Found python_cmake_module: 0.8.1 (/opt/ros/foxy/share/python_cmake_module/cmake)
[10.342s] -- Found PythonLibs: /usr/lib/x86_64-linux-gnu/libpython3.8.so (found suitable version "3.8.10", minimum required is "3.5") 
[10.342s] -- Using PYTHON_EXECUTABLE: /usr/bin/python3
[10.342s] -- Using PYTHON_INCLUDE_DIRS: /usr/include/python3.8
[10.342s] -- Using PYTHON_LIBRARIES: /usr/lib/x86_64-linux-gnu/libpython3.8.so
[10.370s] -- Found PythonExtra: .so  
[10.764s] -- Added test 'copyright' to check source files copyright and LICENSE
[10.766s] -- Added test 'lint_cmake' to check CMake code style
[10.767s] -- Added test 'xmllint' to check XML markup files
[10.777s] -- Configuring done
[10.845s] -- Generating done
[10.851s] -- Build files have been written to: /home/ahmed/project_ws/build/serial_motor_demo_msgs
[10.880s] Invoked command in '/home/ahmed/project_ws/build/serial_motor_demo_msgs' returned '0': CMAKE_PREFIX_PATH=/home/ahmed/colcon_ws/install/turtlebot3_teleop:/home/ahmed/colcon_ws/install/turtlebot3_example:/home/ahmed/colcon_ws/install/my_first_package:/opt/ros/foxy /usr/bin/cmake /home/ahmed/project_ws/src/serial_motor_demo/serial_motor_demo_msgs -DCMAKE_INSTALL_PREFIX=/home/ahmed/project_ws/install/serial_motor_demo_msgs
[10.887s] Invoking command in '/home/ahmed/project_ws/build/serial_motor_demo_msgs': CMAKE_PREFIX_PATH=/home/ahmed/colcon_ws/install/turtlebot3_teleop:/home/ahmed/colcon_ws/install/turtlebot3_example:/home/ahmed/colcon_ws/install/my_first_package:/opt/ros/foxy /usr/bin/cmake --build /home/ahmed/project_ws/build/serial_motor_demo_msgs -- -j12 -l12
[10.953s] [35m[1mScanning dependencies of target serial_motor_demo_msgs__cpp[0m
[10.956s] [  2%] [34m[1mGenerating C code for ROS interfaces[0m
[10.963s] [  4%] [34m[1mGenerating C++ code for ROS interfaces[0m
[11.446s] [  4%] Built target serial_motor_demo_msgs__cpp
[11.458s] [  6%] [34m[1mGenerating C++ type support dispatch for ROS interfaces[0m
[11.459s] [ 10%] [34m[1mGenerating C++ type support for eProsima Fast-RTPS[0m
[11.459s] [ 10%] [34m[1mGenerating C++ introspection for ROS interfaces[0m
[11.464s] [35m[1mScanning dependencies of target serial_motor_demo_msgs__rosidl_generator_c[0m
[11.544s] [ 17%] [32mBuilding C object CMakeFiles/serial_motor_demo_msgs__rosidl_generator_c.dir/rosidl_generator_c/serial_motor_demo_msgs/msg/detail/motor_command__functions.c.o[0m
[11.544s] [ 17%] [32mBuilding C object CMakeFiles/serial_motor_demo_msgs__rosidl_generator_c.dir/rosidl_generator_c/serial_motor_demo_msgs/msg/detail/encoder_vals__functions.c.o[0m
[11.544s] [ 17%] [32mBuilding C object CMakeFiles/serial_motor_demo_msgs__rosidl_generator_c.dir/rosidl_generator_c/serial_motor_demo_msgs/msg/detail/motor_vels__functions.c.o[0m
[11.647s] [ 19%] [32m[1mLinking C shared library libserial_motor_demo_msgs__rosidl_generator_c.so[0m
[11.677s] [ 19%] Built target serial_motor_demo_msgs__rosidl_generator_c
[11.687s] [ 21%] [34m[1mGenerating C introspection for ROS interfaces[0m
[11.688s] [ 23%] [34m[1mGenerating C type support dispatch for ROS interfaces[0m
[11.768s] [35m[1mScanning dependencies of target serial_motor_demo_msgs__rosidl_typesupport_cpp[0m
[11.820s] [ 25%] [32mBuilding CXX object CMakeFiles/serial_motor_demo_msgs__rosidl_typesupport_cpp.dir/rosidl_typesupport_cpp/serial_motor_demo_msgs/msg/encoder_vals__type_support.cpp.o[0m
[11.822s] [ 29%] [32mBuilding CXX object CMakeFiles/serial_motor_demo_msgs__rosidl_typesupport_cpp.dir/rosidl_typesupport_cpp/serial_motor_demo_msgs/msg/motor_vels__type_support.cpp.o[0m
[11.822s] [ 29%] [32mBuilding CXX object CMakeFiles/serial_motor_demo_msgs__rosidl_typesupport_cpp.dir/rosidl_typesupport_cpp/serial_motor_demo_msgs/msg/motor_command__type_support.cpp.o[0m
[11.844s] [35m[1mScanning dependencies of target serial_motor_demo_msgs__rosidl_typesupport_introspection_cpp[0m
[11.844s] [35m[1mScanning dependencies of target serial_motor_demo_msgs__rosidl_typesupport_fastrtps_cpp[0m
[11.981s] [ 31%] [32mBuilding CXX object CMakeFiles/serial_motor_demo_msgs__rosidl_typesupport_introspection_cpp.dir/rosidl_typesupport_introspection_cpp/serial_motor_demo_msgs/msg/detail/encoder_vals__type_support.cpp.o[0m
[11.982s] [ 34%] [32mBuilding CXX object CMakeFiles/serial_motor_demo_msgs__rosidl_typesupport_fastrtps_cpp.dir/rosidl_typesupport_fastrtps_cpp/serial_motor_demo_msgs/msg/detail/dds_fastrtps/motor_vels__type_support.cpp.o[0m
[11.993s] [ 36%] [32mBuilding CXX object CMakeFiles/serial_motor_demo_msgs__rosidl_typesupport_introspection_cpp.dir/rosidl_typesupport_introspection_cpp/serial_motor_demo_msgs/msg/detail/motor_vels__type_support.cpp.o[0m
[11.994s] [ 38%] [32mBuilding CXX object CMakeFiles/serial_motor_demo_msgs__rosidl_typesupport_fastrtps_cpp.dir/rosidl_typesupport_fastrtps_cpp/serial_motor_demo_msgs/msg/detail/dds_fastrtps/encoder_vals__type_support.cpp.o[0m
[12.000s] [ 40%] [32mBuilding CXX object CMakeFiles/serial_motor_demo_msgs__rosidl_typesupport_fastrtps_cpp.dir/rosidl_typesupport_fastrtps_cpp/serial_motor_demo_msgs/msg/detail/dds_fastrtps/motor_command__type_support.cpp.o[0m
[12.002s] [ 42%] [32mBuilding CXX object CMakeFiles/serial_motor_demo_msgs__rosidl_typesupport_introspection_cpp.dir/rosidl_typesupport_introspection_cpp/serial_motor_demo_msgs/msg/detail/motor_command__type_support.cpp.o[0m
[12.075s] [35m[1mScanning dependencies of target serial_motor_demo_msgs__rosidl_typesupport_c[0m
[12.094s] [ 44%] [32mBuilding CXX object CMakeFiles/serial_motor_demo_msgs__rosidl_typesupport_c.dir/rosidl_typesupport_c/serial_motor_demo_msgs/msg/motor_command__type_support.cpp.o[0m
[12.096s] [ 46%] [32mBuilding CXX object CMakeFiles/serial_motor_demo_msgs__rosidl_typesupport_c.dir/rosidl_typesupport_c/serial_motor_demo_msgs/msg/motor_vels__type_support.cpp.o[0m
[12.139s] [35m[1mScanning dependencies of target serial_motor_demo_msgs__rosidl_typesupport_introspection_c[0m
[12.171s] [ 48%] [32mBuilding C object CMakeFiles/serial_motor_demo_msgs__rosidl_typesupport_introspection_c.dir/rosidl_typesupport_introspection_c/serial_motor_demo_msgs/msg/detail/motor_command__type_support.c.o[0m
[12.203s] [ 55%] [32mBuilding C object CMakeFiles/serial_motor_demo_msgs__rosidl_typesupport_introspection_c.dir/rosidl_typesupport_introspection_c/serial_motor_demo_msgs/msg/detail/encoder_vals__type_support.c.o[0m
[12.203s] [ 55%] [32mBuilding CXX object CMakeFiles/serial_motor_demo_msgs__rosidl_typesupport_c.dir/rosidl_typesupport_c/serial_motor_demo_msgs/msg/encoder_vals__type_support.cpp.o[0m
[12.203s] [ 55%] [32mBuilding C object CMakeFiles/serial_motor_demo_msgs__rosidl_typesupport_introspection_c.dir/rosidl_typesupport_introspection_c/serial_motor_demo_msgs/msg/detail/motor_vels__type_support.c.o[0m
[12.247s] [ 59%] [32m[1mLinking CXX shared library libserial_motor_demo_msgs__rosidl_typesupport_c.so[0m
[12.247s] [ 59%] [32m[1mLinking C shared library libserial_motor_demo_msgs__rosidl_typesupport_introspection_c.so[0m
[12.279s] [ 59%] Built target serial_motor_demo_msgs__rosidl_typesupport_introspection_c
[12.301s] [ 59%] Built target serial_motor_demo_msgs__rosidl_typesupport_c
[12.950s] [ 61%] [32m[1mLinking CXX shared library libserial_motor_demo_msgs__rosidl_typesupport_cpp.so[0m
[12.952s] [ 63%] [32m[1mLinking CXX shared library libserial_motor_demo_msgs__rosidl_typesupport_introspection_cpp.so[0m
[12.989s] [ 63%] Built target serial_motor_demo_msgs__rosidl_typesupport_cpp
[13.004s] [ 63%] Built target serial_motor_demo_msgs__rosidl_typesupport_introspection_cpp
[13.078s] [ 65%] [32m[1mLinking CXX shared library libserial_motor_demo_msgs__rosidl_typesupport_fastrtps_cpp.so[0m
[13.252s] [ 65%] Built target serial_motor_demo_msgs__rosidl_typesupport_fastrtps_cpp
[13.259s] [ 68%] [34m[1mGenerating C type support for eProsima Fast-RTPS[0m
[13.529s] [35m[1mScanning dependencies of target serial_motor_demo_msgs__rosidl_typesupport_fastrtps_c[0m
[13.543s] [ 70%] [32mBuilding CXX object CMakeFiles/serial_motor_demo_msgs__rosidl_typesupport_fastrtps_c.dir/rosidl_typesupport_fastrtps_c/serial_motor_demo_msgs/msg/detail/motor_vels__type_support_c.cpp.o[0m
[13.544s] [ 72%] [32mBuilding CXX object CMakeFiles/serial_motor_demo_msgs__rosidl_typesupport_fastrtps_c.dir/rosidl_typesupport_fastrtps_c/serial_motor_demo_msgs/msg/detail/motor_command__type_support_c.cpp.o[0m
[13.544s] [ 74%] [32mBuilding CXX object CMakeFiles/serial_motor_demo_msgs__rosidl_typesupport_fastrtps_c.dir/rosidl_typesupport_fastrtps_c/serial_motor_demo_msgs/msg/detail/encoder_vals__type_support_c.cpp.o[0m
[13.993s] [ 76%] [32m[1mLinking CXX shared library libserial_motor_demo_msgs__rosidl_typesupport_fastrtps_c.so[0m
[14.071s] [ 76%] Built target serial_motor_demo_msgs__rosidl_typesupport_fastrtps_c
[14.080s] [35m[1mScanning dependencies of target serial_motor_demo_msgs[0m
[14.089s] [ 76%] Built target serial_motor_demo_msgs
[14.098s] [35m[1mScanning dependencies of target serial_motor_demo_msgs__py[0m
[14.106s] [ 78%] [34m[1mGenerating Python code for ROS interfaces[0m
[14.638s] [ 78%] Built target serial_motor_demo_msgs__py
[14.645s] [35m[1mScanning dependencies of target serial_motor_demo_msgs__python[0m
[14.834s] [ 85%] [32mBuilding C object CMakeFiles/serial_motor_demo_msgs__python.dir/rosidl_generator_py/serial_motor_demo_msgs/msg/_encoder_vals_s.c.o[0m
[14.834s] [ 85%] [32mBuilding C object CMakeFiles/serial_motor_demo_msgs__python.dir/rosidl_generator_py/serial_motor_demo_msgs/msg/_motor_vels_s.c.o[0m
[14.834s] [ 85%] [32mBuilding C object CMakeFiles/serial_motor_demo_msgs__python.dir/rosidl_generator_py/serial_motor_demo_msgs/msg/_motor_command_s.c.o[0m
[14.939s] [ 87%] [32m[1mLinking C shared library rosidl_generator_py/serial_motor_demo_msgs/libserial_motor_demo_msgs__python.so[0m
[15.029s] [ 87%] Built target serial_motor_demo_msgs__python
[15.047s] [35m[1mScanning dependencies of target serial_motor_demo_msgs__rosidl_typesupport_c__pyext[0m
[15.047s] [35m[1mScanning dependencies of target serial_motor_demo_msgs__rosidl_typesupport_fastrtps_c__pyext[0m
[15.047s] [35m[1mScanning dependencies of target serial_motor_demo_msgs__rosidl_typesupport_introspection_c__pyext[0m
[15.074s] [ 89%] [32mBuilding C object CMakeFiles/serial_motor_demo_msgs__rosidl_typesupport_c__pyext.dir/rosidl_generator_py/serial_motor_demo_msgs/_serial_motor_demo_msgs_s.ep.rosidl_typesupport_c.c.o[0m
[15.082s] [ 91%] [32mBuilding C object CMakeFiles/serial_motor_demo_msgs__rosidl_typesupport_introspection_c__pyext.dir/rosidl_generator_py/serial_motor_demo_msgs/_serial_motor_demo_msgs_s.ep.rosidl_typesupport_introspection_c.c.o[0m
[15.084s] [ 93%] [32mBuilding C object CMakeFiles/serial_motor_demo_msgs__rosidl_typesupport_fastrtps_c__pyext.dir/rosidl_generator_py/serial_motor_demo_msgs/_serial_motor_demo_msgs_s.ep.rosidl_typesupport_fastrtps_c.c.o[0m
[15.191s] [ 95%] [32m[1mLinking C shared library rosidl_generator_py/serial_motor_demo_msgs/serial_motor_demo_msgs_s__rosidl_typesupport_c.cpython-38-x86_64-linux-gnu.so[0m
[15.222s] [100%] [32m[1mLinking CXX shared library rosidl_generator_py/serial_motor_demo_msgs/serial_motor_demo_msgs_s__rosidl_typesupport_fastrtps_c.cpython-38-x86_64-linux-gnu.so[0m
[15.222s] [100%] [32m[1mLinking C shared library rosidl_generator_py/serial_motor_demo_msgs/serial_motor_demo_msgs_s__rosidl_typesupport_introspection_c.cpython-38-x86_64-linux-gnu.so[0m
[15.231s] [100%] Built target serial_motor_demo_msgs__rosidl_typesupport_c__pyext
[15.255s] [100%] Built target serial_motor_demo_msgs__rosidl_typesupport_introspection_c__pyext
[15.282s] [100%] Built target serial_motor_demo_msgs__rosidl_typesupport_fastrtps_c__pyext
[15.293s] Invoked command in '/home/ahmed/project_ws/build/serial_motor_demo_msgs' returned '0': CMAKE_PREFIX_PATH=/home/ahmed/colcon_ws/install/turtlebot3_teleop:/home/ahmed/colcon_ws/install/turtlebot3_example:/home/ahmed/colcon_ws/install/my_first_package:/opt/ros/foxy /usr/bin/cmake --build /home/ahmed/project_ws/build/serial_motor_demo_msgs -- -j12 -l12
[15.347s] Invoking command in '/home/ahmed/project_ws/build/serial_motor_demo_msgs': CMAKE_PREFIX_PATH=/home/ahmed/colcon_ws/install/turtlebot3_teleop:/home/ahmed/colcon_ws/install/turtlebot3_example:/home/ahmed/colcon_ws/install/my_first_package:/opt/ros/foxy /usr/bin/cmake --install /home/ahmed/project_ws/build/serial_motor_demo_msgs
[15.355s] -- Install configuration: ""
[15.355s] -- Installing: /home/ahmed/project_ws/install/serial_motor_demo_msgs/share/ament_index/resource_index/rosidl_interfaces/serial_motor_demo_msgs
[15.355s] -- Installing: /home/ahmed/project_ws/install/serial_motor_demo_msgs/include/serial_motor_demo_msgs
[15.356s] -- Installing: /home/ahmed/project_ws/install/serial_motor_demo_msgs/include/serial_motor_demo_msgs/msg
[15.356s] -- Installing: /home/ahmed/project_ws/install/serial_motor_demo_msgs/include/serial_motor_demo_msgs/msg/detail
[15.356s] -- Installing: /home/ahmed/project_ws/install/serial_motor_demo_msgs/include/serial_motor_demo_msgs/msg/detail/motor_command__functions.c
[15.356s] -- Installing: /home/ahmed/project_ws/install/serial_motor_demo_msgs/include/serial_motor_demo_msgs/msg/detail/motor_command__struct.h
[15.356s] -- Installing: /home/ahmed/project_ws/install/serial_motor_demo_msgs/include/serial_motor_demo_msgs/msg/detail/motor_vels__struct.h
[15.356s] -- Installing: /home/ahmed/project_ws/install/serial_motor_demo_msgs/include/serial_motor_demo_msgs/msg/detail/encoder_vals__functions.c
[15.356s] -- Installing: /home/ahmed/project_ws/install/serial_motor_demo_msgs/include/serial_motor_demo_msgs/msg/detail/encoder_vals__type_support.h
[15.356s] -- Installing: /home/ahmed/project_ws/install/serial_motor_demo_msgs/include/serial_motor_demo_msgs/msg/detail/motor_command__type_support.h
[15.356s] -- Installing: /home/ahmed/project_ws/install/serial_motor_demo_msgs/include/serial_motor_demo_msgs/msg/detail/motor_vels__functions.h
[15.356s] -- Installing: /home/ahmed/project_ws/install/serial_motor_demo_msgs/include/serial_motor_demo_msgs/msg/detail/motor_command__functions.h
[15.356s] -- Installing: /home/ahmed/project_ws/install/serial_motor_demo_msgs/include/serial_motor_demo_msgs/msg/detail/motor_vels__functions.c
[15.356s] -- Installing: /home/ahmed/project_ws/install/serial_motor_demo_msgs/include/serial_motor_demo_msgs/msg/detail/motor_vels__type_support.h
[15.356s] -- Installing: /home/ahmed/project_ws/install/serial_motor_demo_msgs/include/serial_motor_demo_msgs/msg/detail/encoder_vals__functions.h
[15.356s] -- Installing: /home/ahmed/project_ws/install/serial_motor_demo_msgs/include/serial_motor_demo_msgs/msg/detail/encoder_vals__struct.h
[15.356s] -- Installing: /home/ahmed/project_ws/install/serial_motor_demo_msgs/include/serial_motor_demo_msgs/msg/motor_command.h
[15.357s] -- Installing: /home/ahmed/project_ws/install/serial_motor_demo_msgs/include/serial_motor_demo_msgs/msg/encoder_vals.h
[15.357s] -- Installing: /home/ahmed/project_ws/install/serial_motor_demo_msgs/include/serial_motor_demo_msgs/msg/motor_vels.h
[15.357s] -- Installing: /home/ahmed/project_ws/install/serial_motor_demo_msgs/include/serial_motor_demo_msgs/msg/rosidl_generator_c__visibility_control.h
[15.357s] -- Installing: /home/ahmed/project_ws/install/serial_motor_demo_msgs/share/serial_motor_demo_msgs/environment/library_path.sh
[15.357s] -- Installing: /home/ahmed/project_ws/install/serial_motor_demo_msgs/share/serial_motor_demo_msgs/environment/library_path.dsv
[15.357s] -- Installing: /home/ahmed/project_ws/install/serial_motor_demo_msgs/lib/libserial_motor_demo_msgs__rosidl_generator_c.so
[15.357s] -- Set runtime path of "/home/ahmed/project_ws/install/serial_motor_demo_msgs/lib/libserial_motor_demo_msgs__rosidl_generator_c.so" to ""
[15.357s] -- Up-to-date: /home/ahmed/project_ws/install/serial_motor_demo_msgs/include/serial_motor_demo_msgs
[15.357s] -- Up-to-date: /home/ahmed/project_ws/install/serial_motor_demo_msgs/include/serial_motor_demo_msgs/msg
[15.357s] -- Up-to-date: /home/ahmed/project_ws/install/serial_motor_demo_msgs/include/serial_motor_demo_msgs/msg/detail
[15.358s] -- Installing: /home/ahmed/project_ws/install/serial_motor_demo_msgs/include/serial_motor_demo_msgs/msg/detail/encoder_vals__rosidl_typesupport_fastrtps_c.h
[15.358s] -- Installing: /home/ahmed/project_ws/install/serial_motor_demo_msgs/include/serial_motor_demo_msgs/msg/detail/motor_vels__rosidl_typesupport_fastrtps_c.h
[15.358s] -- Installing: /home/ahmed/project_ws/install/serial_motor_demo_msgs/include/serial_motor_demo_msgs/msg/detail/motor_command__rosidl_typesupport_fastrtps_c.h
[15.358s] -- Installing: /home/ahmed/project_ws/install/serial_motor_demo_msgs/include/serial_motor_demo_msgs/msg/rosidl_typesupport_fastrtps_c__visibility_control.h
[15.358s] -- Installing: /home/ahmed/project_ws/install/serial_motor_demo_msgs/lib/libserial_motor_demo_msgs__rosidl_typesupport_fastrtps_c.so
[15.358s] -- Set runtime path of "/home/ahmed/project_ws/install/serial_motor_demo_msgs/lib/libserial_motor_demo_msgs__rosidl_typesupport_fastrtps_c.so" to ""
[15.358s] -- Up-to-date: /home/ahmed/project_ws/install/serial_motor_demo_msgs/include/serial_motor_demo_msgs
[15.358s] -- Up-to-date: /home/ahmed/project_ws/install/serial_motor_demo_msgs/include/serial_motor_demo_msgs/msg
[15.358s] -- Up-to-date: /home/ahmed/project_ws/install/serial_motor_demo_msgs/include/serial_motor_demo_msgs/msg/detail
[15.358s] -- Installing: /home/ahmed/project_ws/install/serial_motor_demo_msgs/include/serial_motor_demo_msgs/msg/detail/encoder_vals__rosidl_typesupport_fastrtps_cpp.hpp
[15.358s] -- Installing: /home/ahmed/project_ws/install/serial_motor_demo_msgs/include/serial_motor_demo_msgs/msg/detail/motor_vels__rosidl_typesupport_fastrtps_cpp.hpp
[15.358s] -- Installing: /home/ahmed/project_ws/install/serial_motor_demo_msgs/include/serial_motor_demo_msgs/msg/detail/dds_fastrtps
[15.359s] -- Installing: /home/ahmed/project_ws/install/serial_motor_demo_msgs/include/serial_motor_demo_msgs/msg/detail/motor_command__rosidl_typesupport_fastrtps_cpp.hpp
[15.359s] -- Installing: /home/ahmed/project_ws/install/serial_motor_demo_msgs/include/serial_motor_demo_msgs/msg/rosidl_typesupport_fastrtps_cpp__visibility_control.h
[15.359s] -- Installing: /home/ahmed/project_ws/install/serial_motor_demo_msgs/lib/libserial_motor_demo_msgs__rosidl_typesupport_fastrtps_cpp.so
[15.359s] -- Set runtime path of "/home/ahmed/project_ws/install/serial_motor_demo_msgs/lib/libserial_motor_demo_msgs__rosidl_typesupport_fastrtps_cpp.so" to ""
[15.359s] -- Up-to-date: /home/ahmed/project_ws/install/serial_motor_demo_msgs/include/serial_motor_demo_msgs
[15.359s] -- Up-to-date: /home/ahmed/project_ws/install/serial_motor_demo_msgs/include/serial_motor_demo_msgs/msg
[15.359s] -- Up-to-date: /home/ahmed/project_ws/install/serial_motor_demo_msgs/include/serial_motor_demo_msgs/msg/detail
[15.359s] -- Installing: /home/ahmed/project_ws/install/serial_motor_demo_msgs/include/serial_motor_demo_msgs/msg/detail/motor_command__rosidl_typesupport_introspection_c.h
[15.359s] -- Installing: /home/ahmed/project_ws/install/serial_motor_demo_msgs/include/serial_motor_demo_msgs/msg/detail/motor_vels__type_support.c
[15.359s] -- Installing: /home/ahmed/project_ws/install/serial_motor_demo_msgs/include/serial_motor_demo_msgs/msg/detail/encoder_vals__type_support.c
[15.359s] -- Installing: /home/ahmed/project_ws/install/serial_motor_demo_msgs/include/serial_motor_demo_msgs/msg/detail/motor_command__type_support.c
[15.360s] -- Installing: /home/ahmed/project_ws/install/serial_motor_demo_msgs/include/serial_motor_demo_msgs/msg/detail/motor_vels__rosidl_typesupport_introspection_c.h
[15.360s] -- Installing: /home/ahmed/project_ws/install/serial_motor_demo_msgs/include/serial_motor_demo_msgs/msg/detail/encoder_vals__rosidl_typesupport_introspection_c.h
[15.360s] -- Installing: /home/ahmed/project_ws/install/serial_motor_demo_msgs/include/serial_motor_demo_msgs/msg/rosidl_typesupport_introspection_c__visibility_control.h
[15.360s] -- Installing: /home/ahmed/project_ws/install/serial_motor_demo_msgs/lib/libserial_motor_demo_msgs__rosidl_typesupport_introspection_c.so
[15.360s] -- Set runtime path of "/home/ahmed/project_ws/install/serial_motor_demo_msgs/lib/libserial_motor_demo_msgs__rosidl_typesupport_introspection_c.so" to ""
[15.360s] -- Installing: /home/ahmed/project_ws/install/serial_motor_demo_msgs/lib/libserial_motor_demo_msgs__rosidl_typesupport_c.so
[15.360s] -- Set runtime path of "/home/ahmed/project_ws/install/serial_motor_demo_msgs/lib/libserial_motor_demo_msgs__rosidl_typesupport_c.so" to ""
[15.360s] -- Up-to-date: /home/ahmed/project_ws/install/serial_motor_demo_msgs/include/serial_motor_demo_msgs
[15.360s] -- Up-to-date: /home/ahmed/project_ws/install/serial_motor_demo_msgs/include/serial_motor_demo_msgs/msg
[15.361s] -- Up-to-date: /home/ahmed/project_ws/install/serial_motor_demo_msgs/include/serial_motor_demo_msgs/msg/detail
[15.361s] -- Installing: /home/ahmed/project_ws/install/serial_motor_demo_msgs/include/serial_motor_demo_msgs/msg/detail/motor_vels__type_support.hpp
[15.361s] -- Installing: /home/ahmed/project_ws/install/serial_motor_demo_msgs/include/serial_motor_demo_msgs/msg/detail/motor_command__traits.hpp
[15.361s] -- Installing: /home/ahmed/project_ws/install/serial_motor_demo_msgs/include/serial_motor_demo_msgs/msg/detail/motor_command__type_support.hpp
[15.361s] -- Installing: /home/ahmed/project_ws/install/serial_motor_demo_msgs/include/serial_motor_demo_msgs/msg/detail/encoder_vals__struct.hpp
[15.361s] -- Installing: /home/ahmed/project_ws/install/serial_motor_demo_msgs/include/serial_motor_demo_msgs/msg/detail/motor_vels__builder.hpp
[15.361s] -- Installing: /home/ahmed/project_ws/install/serial_motor_demo_msgs/include/serial_motor_demo_msgs/msg/detail/encoder_vals__traits.hpp
[15.361s] -- Installing: /home/ahmed/project_ws/install/serial_motor_demo_msgs/include/serial_motor_demo_msgs/msg/detail/motor_command__struct.hpp
[15.361s] -- Installing: /home/ahmed/project_ws/install/serial_motor_demo_msgs/include/serial_motor_demo_msgs/msg/detail/encoder_vals__builder.hpp
[15.361s] -- Installing: /home/ahmed/project_ws/install/serial_motor_demo_msgs/include/serial_motor_demo_msgs/msg/detail/encoder_vals__type_support.hpp
[15.361s] -- Installing: /home/ahmed/project_ws/install/serial_motor_demo_msgs/include/serial_motor_demo_msgs/msg/detail/motor_vels__traits.hpp
[15.361s] -- Installing: /home/ahmed/project_ws/install/serial_motor_demo_msgs/include/serial_motor_demo_msgs/msg/detail/motor_command__builder.hpp
[15.362s] -- Installing: /home/ahmed/project_ws/install/serial_motor_demo_msgs/include/serial_motor_demo_msgs/msg/detail/motor_vels__struct.hpp
[15.362s] -- Installing: /home/ahmed/project_ws/install/serial_motor_demo_msgs/include/serial_motor_demo_msgs/msg/motor_vels.hpp
[15.362s] -- Installing: /home/ahmed/project_ws/install/serial_motor_demo_msgs/include/serial_motor_demo_msgs/msg/motor_command.hpp
[15.362s] -- Installing: /home/ahmed/project_ws/install/serial_motor_demo_msgs/include/serial_motor_demo_msgs/msg/rosidl_generator_cpp__visibility_control.hpp
[15.362s] -- Installing: /home/ahmed/project_ws/install/serial_motor_demo_msgs/include/serial_motor_demo_msgs/msg/encoder_vals.hpp
[15.362s] -- Up-to-date: /home/ahmed/project_ws/install/serial_motor_demo_msgs/include/serial_motor_demo_msgs
[15.362s] -- Up-to-date: /home/ahmed/project_ws/install/serial_motor_demo_msgs/include/serial_motor_demo_msgs/msg
[15.362s] -- Up-to-date: /home/ahmed/project_ws/install/serial_motor_demo_msgs/include/serial_motor_demo_msgs/msg/detail
[15.362s] -- Installing: /home/ahmed/project_ws/install/serial_motor_demo_msgs/include/serial_motor_demo_msgs/msg/detail/motor_command__rosidl_typesupport_introspection_cpp.hpp
[15.362s] -- Installing: /home/ahmed/project_ws/install/serial_motor_demo_msgs/include/serial_motor_demo_msgs/msg/detail/motor_vels__type_support.cpp
[15.362s] -- Installing: /home/ahmed/project_ws/install/serial_motor_demo_msgs/include/serial_motor_demo_msgs/msg/detail/motor_vels__rosidl_typesupport_introspection_cpp.hpp
[15.362s] -- Installing: /home/ahmed/project_ws/install/serial_motor_demo_msgs/include/serial_motor_demo_msgs/msg/detail/encoder_vals__type_support.cpp
[15.362s] -- Installing: /home/ahmed/project_ws/install/serial_motor_demo_msgs/include/serial_motor_demo_msgs/msg/detail/encoder_vals__rosidl_typesupport_introspection_cpp.hpp
[15.362s] -- Installing: /home/ahmed/project_ws/install/serial_motor_demo_msgs/include/serial_motor_demo_msgs/msg/detail/motor_command__type_support.cpp
[15.362s] -- Installing: /home/ahmed/project_ws/install/serial_motor_demo_msgs/lib/libserial_motor_demo_msgs__rosidl_typesupport_introspection_cpp.so
[15.362s] -- Set runtime path of "/home/ahmed/project_ws/install/serial_motor_demo_msgs/lib/libserial_motor_demo_msgs__rosidl_typesupport_introspection_cpp.so" to ""
[15.362s] -- Installing: /home/ahmed/project_ws/install/serial_motor_demo_msgs/lib/libserial_motor_demo_msgs__rosidl_typesupport_cpp.so
[15.363s] -- Set runtime path of "/home/ahmed/project_ws/install/serial_motor_demo_msgs/lib/libserial_motor_demo_msgs__rosidl_typesupport_cpp.so" to ""
[15.363s] -- Installing: /home/ahmed/project_ws/install/serial_motor_demo_msgs/share/serial_motor_demo_msgs/environment/pythonpath.sh
[15.363s] -- Installing: /home/ahmed/project_ws/install/serial_motor_demo_msgs/share/serial_motor_demo_msgs/environment/pythonpath.dsv
[15.363s] -- Installing: /home/ahmed/project_ws/install/serial_motor_demo_msgs/lib/python3.8/site-packages/serial_motor_demo_msgs/__init__.py
[15.397s] Compiling '/home/ahmed/project_ws/install/serial_motor_demo_msgs/lib/python3.8/site-packages/serial_motor_demo_msgs/__init__.py'...
[15.403s] -- Installing: /home/ahmed/project_ws/install/serial_motor_demo_msgs/lib/python3.8/site-packages/serial_motor_demo_msgs/msg
[15.403s] -- Installing: /home/ahmed/project_ws/install/serial_motor_demo_msgs/lib/python3.8/site-packages/serial_motor_demo_msgs/msg/_encoder_vals_s.c
[15.403s] -- Installing: /home/ahmed/project_ws/install/serial_motor_demo_msgs/lib/python3.8/site-packages/serial_motor_demo_msgs/msg/_motor_vels.py
[15.403s] -- Installing: /home/ahmed/project_ws/install/serial_motor_demo_msgs/lib/python3.8/site-packages/serial_motor_demo_msgs/msg/_motor_vels_s.c
[15.404s] -- Installing: /home/ahmed/project_ws/install/serial_motor_demo_msgs/lib/python3.8/site-packages/serial_motor_demo_msgs/msg/_motor_command.py
[15.404s] -- Installing: /home/ahmed/project_ws/install/serial_motor_demo_msgs/lib/python3.8/site-packages/serial_motor_demo_msgs/msg/_motor_command_s.c
[15.404s] -- Installing: /home/ahmed/project_ws/install/serial_motor_demo_msgs/lib/python3.8/site-packages/serial_motor_demo_msgs/msg/__init__.py
[15.404s] -- Installing: /home/ahmed/project_ws/install/serial_motor_demo_msgs/lib/python3.8/site-packages/serial_motor_demo_msgs/msg/_encoder_vals.py
[15.404s] -- Installing: /home/ahmed/project_ws/install/serial_motor_demo_msgs/lib/python3.8/site-packages/serial_motor_demo_msgs/serial_motor_demo_msgs_s__rosidl_typesupport_fastrtps_c.cpython-38-x86_64-linux-gnu.so
[15.404s] -- Set runtime path of "/home/ahmed/project_ws/install/serial_motor_demo_msgs/lib/python3.8/site-packages/serial_motor_demo_msgs/serial_motor_demo_msgs_s__rosidl_typesupport_fastrtps_c.cpython-38-x86_64-linux-gnu.so" to ""
[15.405s] -- Installing: /home/ahmed/project_ws/install/serial_motor_demo_msgs/lib/python3.8/site-packages/serial_motor_demo_msgs/serial_motor_demo_msgs_s__rosidl_typesupport_introspection_c.cpython-38-x86_64-linux-gnu.so
[15.405s] -- Set runtime path of "/home/ahmed/project_ws/install/serial_motor_demo_msgs/lib/python3.8/site-packages/serial_motor_demo_msgs/serial_motor_demo_msgs_s__rosidl_typesupport_introspection_c.cpython-38-x86_64-linux-gnu.so" to ""
[15.405s] -- Installing: /home/ahmed/project_ws/install/serial_motor_demo_msgs/lib/python3.8/site-packages/serial_motor_demo_msgs/serial_motor_demo_msgs_s__rosidl_typesupport_c.cpython-38-x86_64-linux-gnu.so
[15.406s] -- Set runtime path of "/home/ahmed/project_ws/install/serial_motor_demo_msgs/lib/python3.8/site-packages/serial_motor_demo_msgs/serial_motor_demo_msgs_s__rosidl_typesupport_c.cpython-38-x86_64-linux-gnu.so" to ""
[15.406s] -- Installing: /home/ahmed/project_ws/install/serial_motor_demo_msgs/lib/libserial_motor_demo_msgs__python.so
[15.406s] -- Set runtime path of "/home/ahmed/project_ws/install/serial_motor_demo_msgs/lib/libserial_motor_demo_msgs__python.so" to ""
[15.407s] -- Installing: /home/ahmed/project_ws/install/serial_motor_demo_msgs/share/serial_motor_demo_msgs/msg/MotorCommand.idl
[15.407s] -- Installing: /home/ahmed/project_ws/install/serial_motor_demo_msgs/share/serial_motor_demo_msgs/msg/MotorVels.idl
[15.407s] -- Installing: /home/ahmed/project_ws/install/serial_motor_demo_msgs/share/serial_motor_demo_msgs/msg/EncoderVals.idl
[15.407s] -- Installing: /home/ahmed/project_ws/install/serial_motor_demo_msgs/share/serial_motor_demo_msgs/msg/MotorCommand.msg
[15.407s] -- Installing: /home/ahmed/project_ws/install/serial_motor_demo_msgs/share/serial_motor_demo_msgs/msg/MotorVels.msg
[15.407s] -- Installing: /home/ahmed/project_ws/install/serial_motor_demo_msgs/share/serial_motor_demo_msgs/msg/EncoderVals.msg
[15.408s] -- Installing: /home/ahmed/project_ws/install/serial_motor_demo_msgs/share/ament_index/resource_index/package_run_dependencies/serial_motor_demo_msgs
[15.408s] -- Installing: /home/ahmed/project_ws/install/serial_motor_demo_msgs/share/ament_index/resource_index/parent_prefix_path/serial_motor_demo_msgs
[15.408s] -- Installing: /home/ahmed/project_ws/install/serial_motor_demo_msgs/share/serial_motor_demo_msgs/environment/ament_prefix_path.sh
[15.409s] -- Installing: /home/ahmed/project_ws/install/serial_motor_demo_msgs/share/serial_motor_demo_msgs/environment/ament_prefix_path.dsv
[15.409s] -- Installing: /home/ahmed/project_ws/install/serial_motor_demo_msgs/share/serial_motor_demo_msgs/environment/path.sh
[15.409s] -- Installing: /home/ahmed/project_ws/install/serial_motor_demo_msgs/share/serial_motor_demo_msgs/environment/path.dsv
[15.409s] -- Installing: /home/ahmed/project_ws/install/serial_motor_demo_msgs/share/serial_motor_demo_msgs/local_setup.bash
[15.409s] -- Installing: /home/ahmed/project_ws/install/serial_motor_demo_msgs/share/serial_motor_demo_msgs/local_setup.sh
[15.409s] -- Installing: /home/ahmed/project_ws/install/serial_motor_demo_msgs/share/serial_motor_demo_msgs/local_setup.zsh
[15.409s] -- Installing: /home/ahmed/project_ws/install/serial_motor_demo_msgs/share/serial_motor_demo_msgs/local_setup.dsv
[15.409s] -- Installing: /home/ahmed/project_ws/install/serial_motor_demo_msgs/share/serial_motor_demo_msgs/package.dsv
[15.409s] -- Installing: /home/ahmed/project_ws/install/serial_motor_demo_msgs/share/ament_index/resource_index/packages/serial_motor_demo_msgs
[15.409s] -- Installing: /home/ahmed/project_ws/install/serial_motor_demo_msgs/share/serial_motor_demo_msgs/cmake/serial_motor_demo_msgs__rosidl_generator_cExport.cmake
[15.409s] -- Installing: /home/ahmed/project_ws/install/serial_motor_demo_msgs/share/serial_motor_demo_msgs/cmake/serial_motor_demo_msgs__rosidl_generator_cExport-noconfig.cmake
[15.410s] -- Installing: /home/ahmed/project_ws/install/serial_motor_demo_msgs/share/serial_motor_demo_msgs/cmake/serial_motor_demo_msgs__rosidl_typesupport_introspection_cExport.cmake
[15.410s] -- Installing: /home/ahmed/project_ws/install/serial_motor_demo_msgs/share/serial_motor_demo_msgs/cmake/serial_motor_demo_msgs__rosidl_typesupport_introspection_cExport-noconfig.cmake
[15.410s] -- Installing: /home/ahmed/project_ws/install/serial_motor_demo_msgs/share/serial_motor_demo_msgs/cmake/serial_motor_demo_msgs__rosidl_typesupport_cExport.cmake
[15.410s] -- Installing: /home/ahmed/project_ws/install/serial_motor_demo_msgs/share/serial_motor_demo_msgs/cmake/serial_motor_demo_msgs__rosidl_typesupport_cExport-noconfig.cmake
[15.410s] -- Installing: /home/ahmed/project_ws/install/serial_motor_demo_msgs/share/serial_motor_demo_msgs/cmake/serial_motor_demo_msgs__rosidl_generator_cppExport.cmake
[15.410s] -- Installing: /home/ahmed/project_ws/install/serial_motor_demo_msgs/share/serial_motor_demo_msgs/cmake/serial_motor_demo_msgs__rosidl_typesupport_introspection_cppExport.cmake
[15.410s] -- Installing: /home/ahmed/project_ws/install/serial_motor_demo_msgs/share/serial_motor_demo_msgs/cmake/serial_motor_demo_msgs__rosidl_typesupport_introspection_cppExport-noconfig.cmake
[15.411s] -- Installing: /home/ahmed/project_ws/install/serial_motor_demo_msgs/share/serial_motor_demo_msgs/cmake/serial_motor_demo_msgs__rosidl_typesupport_cppExport.cmake
[15.411s] -- Installing: /home/ahmed/project_ws/install/serial_motor_demo_msgs/share/serial_motor_demo_msgs/cmake/serial_motor_demo_msgs__rosidl_typesupport_cppExport-noconfig.cmake
[15.411s] -- Installing: /home/ahmed/project_ws/install/serial_motor_demo_msgs/share/serial_motor_demo_msgs/cmake/rosidl_cmake-extras.cmake
[15.411s] -- Installing: /home/ahmed/project_ws/install/serial_motor_demo_msgs/share/serial_motor_demo_msgs/cmake/ament_cmake_export_dependencies-extras.cmake
[15.411s] -- Installing: /home/ahmed/project_ws/install/serial_motor_demo_msgs/share/serial_motor_demo_msgs/cmake/ament_cmake_export_libraries-extras.cmake
[15.411s] -- Installing: /home/ahmed/project_ws/install/serial_motor_demo_msgs/share/serial_motor_demo_msgs/cmake/ament_cmake_export_targets-extras.cmake
[15.411s] -- Installing: /home/ahmed/project_ws/install/serial_motor_demo_msgs/share/serial_motor_demo_msgs/cmake/ament_cmake_export_include_directories-extras.cmake
[15.411s] -- Installing: /home/ahmed/project_ws/install/serial_motor_demo_msgs/share/serial_motor_demo_msgs/cmake/rosidl_cmake_export_typesupport_libraries-extras.cmake
[15.412s] -- Installing: /home/ahmed/project_ws/install/serial_motor_demo_msgs/share/serial_motor_demo_msgs/cmake/rosidl_cmake_export_typesupport_targets-extras.cmake
[15.412s] -- Installing: /home/ahmed/project_ws/install/serial_motor_demo_msgs/share/serial_motor_demo_msgs/cmake/serial_motor_demo_msgsConfig.cmake
[15.412s] -- Installing: /home/ahmed/project_ws/install/serial_motor_demo_msgs/share/serial_motor_demo_msgs/cmake/serial_motor_demo_msgsConfig-version.cmake
[15.412s] -- Installing: /home/ahmed/project_ws/install/serial_motor_demo_msgs/share/serial_motor_demo_msgs/package.xml
[15.415s] Invoked command in '/home/ahmed/project_ws/build/serial_motor_demo_msgs' returned '0': CMAKE_PREFIX_PATH=/home/ahmed/colcon_ws/install/turtlebot3_teleop:/home/ahmed/colcon_ws/install/turtlebot3_example:/home/ahmed/colcon_ws/install/my_first_package:/opt/ros/foxy /usr/bin/cmake --install /home/ahmed/project_ws/build/serial_motor_demo_msgs
